21 [47597791367040] INFO perfrun.launcher <> - argc = 6; cmdline = /dss/dsshome1/lrz/sys/intel/studio2018_p4/vtune_amplifier_2018.4.0.573462/bin64/amplxe-runss -dump-vdso -r /gpfs/scratch/pr63so/ge49nuk2/ge49nuk2/amplxe-tmp-ge49nuk2/amplxe-res-43963-97575605960972160 --tmp-dir /gpfs/scratch/pr63so/ge49nuk2/ge49nuk2/amplxe-tmp-ge49nuk2 
68 [47597791367040] INFO perfrun.launcher <> - plugin system has been added successfully
68 [47597791367040] INFO perfrun.launcher <> - plugin itt has been added successfully
68 [47597791367040] INFO perfrun.launcher <> - plugin ptracecollector has been added successfully
68 [47597791367040] INFO perfrun.launcher <> - plugin gpu has been added successfully
68 [47597791367040] INFO perfrun.launcher <> - plugin  has been added successfully
68 [47597791367040] INFO perfrun.launcher <> - plugin  has been added successfully
68 [47597791367040] INFO perfrun.launcher <> - plugin  has been added successfully
68 [47597791367040] INFO perfrun.launcher <> - plugin mrte has been added successfully
68 [47597791367040] INFO perfrun.launcher <> - plugin emon has been added successfully
71 [47597791367040] INFO perfrun.launcher <> - plugin stdsrc has been added successfully
71 [47597791367040] INFO perfrun.launcher <> - plugin sep has been added successfully
71 [47597791367040] INFO perfrun.launcher <> - plugin vtsspp has been added successfully
71 [47597791367040] INFO perfrun.sdk <> - Reading value (0) from file: /proc/sys/kernel/perf_event_paranoid
76 [47597791367040] INFO perfrun.perfcollector <> - cpu: family = 6 model = 63
76 [47597791367040] INFO perfrun.perfcollector <> - dir found : /sys/bus/event_source/devices/uncore_imc_4
77 [47597791367040] INFO perfrun.perfcollector <> - format: event config:0-7 mask:0-7
77 [47597791367040] INFO perfrun.perfcollector <> - format: edge config:18 mask:18
77 [47597791367040] INFO perfrun.perfcollector <> - format: thresh config:24-31 mask:24-31
77 [47597791367040] INFO perfrun.perfcollector <> - format: inv config:23 mask:23
77 [47597791367040] INFO perfrun.perfcollector <> - format: umask config:8-15 mask:8-15
77 [47597791367040] INFO perfrun.perfcollector <> - hwInfo : PERF_IMC_PMU_DETAILS
77 [47597791367040] INFO perfrun.perfcollector <> - pmu added : family : uncore_imc , id : 4
77 [47597791367040] INFO perfrun.perfcollector <> - dir found : /sys/bus/event_source/devices/uncore_sbox_1
77 [47597791367040] INFO perfrun.perfcollector <> - format: event config:0-7 mask:0-7
77 [47597791367040] INFO perfrun.perfcollector <> - format: edge config:18 mask:18
77 [47597791367040] INFO perfrun.perfcollector <> - format: tid_en config:19 mask:19
77 [47597791367040] INFO perfrun.perfcollector <> - format: thresh config:24-31 mask:24-31
77 [47597791367040] INFO perfrun.perfcollector <> - format: inv config:23 mask:23
77 [47597791367040] INFO perfrun.perfcollector <> - format: umask config:8-15 mask:8-15
77 [47597791367040] WARN perfrun.perfcollector <> - pmu hwInfo is not set, at file: vcs/perfrun1/plugins/perfcollector/src/controller.cpp:657
77 [47597791367040] INFO perfrun.perfcollector <> - pmu added : family : uncore_sbox , id : 1
77 [47597791367040] INFO perfrun.perfcollector <> - dir found : /sys/bus/event_source/devices/uncore_cbox_5
77 [47597791367040] INFO perfrun.perfcollector <> - format: filter_nc config1:62 mask:62
77 [47597791367040] INFO perfrun.perfcollector <> - format: event config:0-7 mask:0-7
77 [47597791367040] INFO perfrun.perfcollector <> - format: filter_tid config1:0-5 mask:0-5
77 [47597791367040] INFO perfrun.perfcollector <> - format: edge config:18 mask:18
77 [47597791367040] INFO perfrun.perfcollector <> - format: filter_nid config1:32-47 mask:32-47
77 [47597791367040] INFO perfrun.perfcollector <> - format: filter_link config1:6-8 mask:6-8
77 [47597791367040] INFO perfrun.perfcollector <> - format: filter_state config1:17-23 mask:17-23
77 [47597791367040] INFO perfrun.perfcollector <> - format: filter_isoc config1:63 mask:63
83 [47597791367040] INFO perfrun.perfcollector <> - format: tid_en config:19 mask:19
83 [47597791367040] INFO perfrun.perfcollector <> - format: thresh config:24-31 mask:24-31
83 [47597791367040] INFO perfrun.perfcollector <> - format: umask config:8-15 mask:8-15
83 [47597791367040] INFO perfrun.perfcollector <> - format: filter_opc config1:52-60 mask:52-60
83 [47597791367040] INFO perfrun.perfcollector <> - format: filter_c6 config1:61 mask:61
83 [47597791367040] WARN perfrun.perfcollector <> - pmu hwInfo is not set, at file: vcs/perfrun1/plugins/perfcollector/src/controller.cpp:657
83 [47597791367040] INFO perfrun.perfcollector <> - pmu added : family : uncore_cbox , id : 5
83 [47597791367040] INFO perfrun.perfcollector <> - dir found : /sys/bus/event_source/devices/uncore_ha_0
83 [47597791367040] INFO perfrun.perfcollector <> - format: event config:0-7 mask:0-7
83 [47597791367040] INFO perfrun.perfcollector <> - format: edge config:18 mask:18
83 [47597791367040] INFO perfrun.perfcollector <> - format: thresh config:24-31 mask:24-31
83 [47597791367040] INFO perfrun.perfcollector <> - format: inv config:23 mask:23
83 [47597791367040] INFO perfrun.perfcollector <> - format: umask config:8-15 mask:8-15
83 [47597791367040] WARN perfrun.perfcollector <> - pmu hwInfo is not set, at file: vcs/perfrun1/plugins/perfcollector/src/controller.cpp:657
83 [47597791367040] INFO perfrun.perfcollector <> - pmu added : family : uncore_ha , id : 0
83 [47597791367040] INFO perfrun.perfcollector <> - dir found : /sys/bus/event_source/devices/uncore_cbox_3
83 [47597791367040] INFO perfrun.perfcollector <> - format: filter_nc config1:62 mask:62
83 [47597791367040] INFO perfrun.perfcollector <> - format: event config:0-7 mask:0-7
83 [47597791367040] INFO perfrun.perfcollector <> - format: filter_tid config1:0-5 mask:0-5
83 [47597791367040] INFO perfrun.perfcollector <> - format: edge config:18 mask:18
83 [47597791367040] INFO perfrun.perfcollector <> - format: filter_nid config1:32-47 mask:32-47
83 [47597791367040] INFO perfrun.perfcollector <> - format: filter_link config1:6-8 mask:6-8
83 [47597791367040] INFO perfrun.perfcollector <> - format: filter_state config1:17-23 mask:17-23
83 [47597791367040] INFO perfrun.perfcollector <> - format: filter_isoc config1:63 mask:63
83 [47597791367040] INFO perfrun.perfcollector <> - format: tid_en config:19 mask:19
83 [47597791367040] INFO perfrun.perfcollector <> - format: thresh config:24-31 mask:24-31
83 [47597791367040] INFO perfrun.perfcollector <> - format: umask config:8-15 mask:8-15
83 [47597791367040] INFO perfrun.perfcollector <> - format: filter_opc config1:52-60 mask:52-60
83 [47597791367040] INFO perfrun.perfcollector <> - format: filter_c6 config1:61 mask:61
83 [47597791367040] WARN perfrun.perfcollector <> - pmu hwInfo is not set, at file: vcs/perfrun1/plugins/perfcollector/src/controller.cpp:657
83 [47597791367040] INFO perfrun.perfcollector <> - pmu added : family : uncore_cbox , id : 3
83 [47597791367040] INFO perfrun.perfcollector <> - dir found : /sys/bus/event_source/devices/uncore_qpi_0
83 [47597791367040] INFO perfrun.perfcollector <> - format: match_rds config1:48-51 mask:48-51
84 [47597791367040] INFO perfrun.perfcollector <> - format: match_dnid config1:13-17 mask:13-17
84 [47597791367040] INFO perfrun.perfcollector <> - format: match_rnid30 config1:32-35 mask:32-35
84 [47597791367040] INFO perfrun.perfcollector <> - format: match_rnid4 config1:31 mask:31
84 [47597791367040] INFO perfrun.perfcollector <> - format: event config:0-7,21 mask:0-7,21
84 [47597791367040] INFO perfrun.perfcollector <> - format: mask_mc config2:9-12 mask:9-12
84 [47597791367040] INFO perfrun.perfcollector <> - format: mask_vnw config2:3-4 mask:3-4
84 [47597791367040] INFO perfrun.perfcollector <> - format: edge config:18 mask:18
84 [47597791367040] INFO perfrun.perfcollector <> - format: mask_dnid config2:13-17 mask:13-17
84 [47597791367040] INFO perfrun.perfcollector <> - format: mask_rnid30 config2:32-35 mask:32-35
84 [47597791367040] INFO perfrun.perfcollector <> - format: match_vnw config1:3-4 mask:3-4
84 [47597791367040] INFO perfrun.perfcollector <> - format: mask1 config2:32-63 mask:32-63
84 [47597791367040] INFO perfrun.perfcollector <> - format: match1 config1:32-63 mask:32-63
84 [47597791367040] INFO perfrun.perfcollector <> - format: mask_opc config2:5-8 mask:5-8
84 [47597791367040] INFO perfrun.perfcollector <> - format: mask_rnid4 config2:31 mask:31
84 [47597791367040] INFO perfrun.perfcollector <> - format: thresh config:24-31 mask:24-31
84 [47597791367040] INFO perfrun.perfcollector <> - format: inv config:23 mask:23
84 [47597791367040] INFO perfrun.perfcollector <> - format: match_mc config1:9-12 mask:9-12
84 [47597791367040] INFO perfrun.perfcollector <> - format: match_opc config1:5-8 mask:5-8
84 [47597791367040] INFO perfrun.perfcollector <> - format: umask config:8-15 mask:8-15
84 [47597791367040] INFO perfrun.perfcollector <> - format: mask_rds config2:48-51 mask:48-51
84 [47597791367040] INFO perfrun.perfcollector <> - format: mask0 config2:0-31 mask:0-31
84 [47597791367040] INFO perfrun.perfcollector <> - format: match0 config1:0-31 mask:0-31
84 [47597791367040] INFO perfrun.perfcollector <> - hwInfo : PERF_QPI_PMU_DETAILS
84 [47597791367040] INFO perfrun.perfcollector <> - pmu added : family : uncore_qpi , id : 0
84 [47597791367040] INFO perfrun.perfcollector <> - dir found : /sys/bus/event_source/devices/cstate_pkg
84 [47597791367040] INFO perfrun.perfcollector <> - format: event config:0-63 mask:0-63
85 [47597791367040] WARN perfrun.perfcollector <> - pmu hwInfo is not set, at file: vcs/perfrun1/plugins/perfcollector/src/controller.cpp:657
85 [47597791367040] INFO perfrun.perfcollector <> - pmu added : family : cstate_pkg , id : 0
85 [47597791367040] INFO perfrun.perfcollector <> - dir found : /sys/bus/event_source/devices/uprobe
85 [47597791367040] INFO perfrun.perfcollector <> - format: retprobe config:0 mask:0
85 [47597791367040] WARN perfrun.perfcollector <> - pmu hwInfo is not set, at file: vcs/perfrun1/plugins/perfcollector/src/controller.cpp:657
85 [47597791367040] INFO perfrun.perfcollector <> - pmu added : family : uprobe , id : 0
85 [47597791367040] INFO perfrun.perfcollector <> - dir found : /sys/bus/event_source/devices/breakpoint
85 [47597791367040] WARN perfrun.perfcollector <> - format subdir doesn't exist, at file: vcs/perfrun1/plugins/perfcollector/src/controller.cpp:578
85 [47597791367040] WARN perfrun.perfcollector <> - pmu hwInfo is not set, at file: vcs/perfrun1/plugins/perfcollector/src/controller.cpp:657
85 [47597791367040] INFO perfrun.perfcollector <> - pmu added : family : breakpoint , id : 0
85 [47597791367040] INFO perfrun.perfcollector <> - dir found : /sys/bus/event_source/devices/uncore_imc_0
85 [47597791367040] INFO perfrun.perfcollector <> - format: event config:0-7 mask:0-7
85 [47597791367040] INFO perfrun.perfcollector <> - format: edge config:18 mask:18
85 [47597791367040] INFO perfrun.perfcollector <> - format: thresh config:24-31 mask:24-31
85 [47597791367040] INFO perfrun.perfcollector <> - format: inv config:23 mask:23
85 [47597791367040] INFO perfrun.perfcollector <> - format: umask config:8-15 mask:8-15
85 [47597791367040] INFO perfrun.perfcollector <> - hwInfo : PERF_IMC_PMU_DETAILS
85 [47597791367040] INFO perfrun.perfcollector <> - pmu added : family : uncore_imc , id : 0
85 [47597791367040] INFO perfrun.perfcollector <> - dir found : /sys/bus/event_source/devices/uncore_ubox
85 [47597791367040] INFO perfrun.perfcollector <> - format: event config:0-7 mask:0-7
85 [47597791367040] INFO perfrun.perfcollector <> - format: filter_tid config1:0 mask:0
85 [47597791367040] INFO perfrun.perfcollector <> - format: edge config:18 mask:18
85 [47597791367040] INFO perfrun.perfcollector <> - format: thresh config:24-28 mask:24-28
85 [47597791367040] INFO perfrun.perfcollector <> - format: inv config:23 mask:23
85 [47597791367040] INFO perfrun.perfcollector <> - format: filter_cid config1:5 mask:5
85 [47597791367040] INFO perfrun.perfcollector <> - format: umask config:8-15 mask:8-15
85 [47597791367040] WARN perfrun.perfcollector <> - pmu hwInfo is not set, at file: vcs/perfrun1/plugins/perfcollector/src/controller.cpp:657
85 [47597791367040] INFO perfrun.perfcollector <> - pmu added : family : uncore_ubox , id : 0
85 [47597791367040] INFO perfrun.perfcollector <> - dir found : /sys/bus/event_source/devices/uncore_pcu
85 [47597791367040] INFO perfrun.perfcollector <> - format: filter_band1 config1:8-15 mask:8-15
85 [47597791367040] INFO perfrun.perfcollector <> - format: event config:0-7 mask:0-7
85 [47597791367040] INFO perfrun.perfcollector <> - format: edge config:18 mask:18
85 [47597791367040] INFO perfrun.perfcollector <> - format: filter_band2 config1:16-23 mask:16-23
85 [47597791367040] INFO perfrun.perfcollector <> - format: occ_sel config:14-15 mask:14-15
85 [47597791367040] INFO perfrun.perfcollector <> - format: thresh config:24-28 mask:24-28
86 [47597791367040] INFO perfrun.perfcollector <> - format: inv config:23 mask:23
86 [47597791367040] INFO perfrun.perfcollector <> - format: filter_band0 config1:0-7 mask:0-7
86 [47597791367040] INFO perfrun.perfcollector <> - format: occ_edge config:14-51 mask:14-51
86 [47597791367040] INFO perfrun.perfcollector <> - format: occ_invert config:30 mask:30
86 [47597791367040] INFO perfrun.perfcollector <> - format: filter_band3 config1:24-31 mask:24-31
86 [47597791367040] WARN perfrun.perfcollector <> - pmu hwInfo is not set, at file: vcs/perfrun1/plugins/perfcollector/src/controller.cpp:657
86 [47597791367040] INFO perfrun.perfcollector <> - pmu added : family : uncore_pcu , id : 0
86 [47597791367040] INFO perfrun.perfcollector <> - dir found : /sys/bus/event_source/devices/uncore_cbox_1
86 [47597791367040] INFO perfrun.perfcollector <> - format: filter_nc config1:62 mask:62
86 [47597791367040] INFO perfrun.perfcollector <> - format: event config:0-7 mask:0-7
86 [47597791367040] INFO perfrun.perfcollector <> - format: filter_tid config1:0-5 mask:0-5
86 [47597791367040] INFO perfrun.perfcollector <> - format: edge config:18 mask:18
86 [47597791367040] INFO perfrun.perfcollector <> - format: filter_nid config1:32-47 mask:32-47
86 [47597791367040] INFO perfrun.perfcollector <> - format: filter_link config1:6-8 mask:6-8
86 [47597791367040] INFO perfrun.perfcollector <> - format: filter_state config1:17-23 mask:17-23
86 [47597791367040] INFO perfrun.perfcollector <> - format: filter_isoc config1:63 mask:63
86 [47597791367040] INFO perfrun.perfcollector <> - format: tid_en config:19 mask:19
86 [47597791367040] INFO perfrun.perfcollector <> - format: thresh config:24-31 mask:24-31
86 [47597791367040] INFO perfrun.perfcollector <> - format: umask config:8-15 mask:8-15
86 [47597791367040] INFO perfrun.perfcollector <> - format: filter_opc config1:52-60 mask:52-60
86 [47597791367040] INFO perfrun.perfcollector <> - format: filter_c6 config1:61 mask:61
86 [47597791367040] WARN perfrun.perfcollector <> - pmu hwInfo is not set, at file: vcs/perfrun1/plugins/perfcollector/src/controller.cpp:657
86 [47597791367040] INFO perfrun.perfcollector <> - pmu added : family : uncore_cbox , id : 1
86 [47597791367040] INFO perfrun.perfcollector <> - dir found : /sys/bus/event_source/devices/uncore_r3qpi_0
86 [47597791367040] INFO perfrun.perfcollector <> - format: event config:0-7 mask:0-7
86 [47597791367040] INFO perfrun.perfcollector <> - format: edge config:18 mask:18
86 [47597791367040] INFO perfrun.perfcollector <> - format: thresh config:24-31 mask:24-31
86 [47597791367040] INFO perfrun.perfcollector <> - format: inv config:23 mask:23
86 [47597791367040] INFO perfrun.perfcollector <> - format: umask config:8-15 mask:8-15
86 [47597791367040] WARN perfrun.perfcollector <> - pmu hwInfo is not set, at file: vcs/perfrun1/plugins/perfcollector/src/controller.cpp:657
86 [47597791367040] INFO perfrun.perfcollector <> - pmu added : family : uncore_r3qpi , id : 0
86 [47597791367040] INFO perfrun.perfcollector <> - dir found : /sys/bus/event_source/devices/uncore_cbox_13
87 [47597791367040] INFO perfrun.perfcollector <> - format: filter_nc config1:62 mask:62
87 [47597791367040] INFO perfrun.perfcollector <> - format: event config:0-7 mask:0-7
87 [47597791367040] INFO perfrun.perfcollector <> - format: filter_tid config1:0-5 mask:0-5
87 [47597791367040] INFO perfrun.perfcollector <> - format: edge config:18 mask:18
87 [47597791367040] INFO perfrun.perfcollector <> - format: filter_nid config1:32-47 mask:32-47
87 [47597791367040] INFO perfrun.perfcollector <> - format: filter_link config1:6-8 mask:6-8
87 [47597791367040] INFO perfrun.perfcollector <> - format: filter_state config1:17-23 mask:17-23
87 [47597791367040] INFO perfrun.perfcollector <> - format: filter_isoc config1:63 mask:63
87 [47597791367040] INFO perfrun.perfcollector <> - format: tid_en config:19 mask:19
87 [47597791367040] INFO perfrun.perfcollector <> - format: thresh config:24-31 mask:24-31
87 [47597791367040] INFO perfrun.perfcollector <> - format: umask config:8-15 mask:8-15
87 [47597791367040] INFO perfrun.perfcollector <> - format: filter_opc config1:52-60 mask:52-60
87 [47597791367040] INFO perfrun.perfcollector <> - format: filter_c6 config1:61 mask:61
87 [47597791367040] WARN perfrun.perfcollector <> - pmu hwInfo is not set, at file: vcs/perfrun1/plugins/perfcollector/src/controller.cpp:657
87 [47597791367040] INFO perfrun.perfcollector <> - pmu added : family : uncore_cbox , id : 13
87 [47597791367040] INFO perfrun.perfcollector <> - dir found : /sys/bus/event_source/devices/power
87 [47597791367040] INFO perfrun.perfcollector <> - format: event config:0-7 mask:0-7
87 [47597791367040] WARN perfrun.perfcollector <> - pmu hwInfo is not set, at file: vcs/perfrun1/plugins/perfcollector/src/controller.cpp:657
87 [47597791367040] INFO perfrun.perfcollector <> - pmu added : family : power , id : 0
87 [47597791367040] INFO perfrun.perfcollector <> - dir found : /sys/bus/event_source/devices/cpu
87 [47597791367040] INFO perfrun.perfcollector <> - format: cmask config:24-31 mask:24-31
87 [47597791367040] INFO perfrun.perfcollector <> - format: pc config:19 mask:19
87 [47597791367040] INFO perfrun.perfcollector <> - format: event config:0-7 mask:0-7
87 [47597791367040] INFO perfrun.perfcollector <> - format: edge config:18 mask:18
87 [47597791367040] INFO perfrun.perfcollector <> - format: in_tx config:32 mask:32
87 [47597791367040] INFO perfrun.perfcollector <> - format: any config:21 mask:21
87 [47597791367040] INFO perfrun.perfcollector <> - format: ldlat config1:0-15 mask:0-15
87 [47597791367040] INFO perfrun.perfcollector <> - format: inv config:23 mask:23
87 [47597791367040] INFO perfrun.perfcollector <> - format: umask config:8-15 mask:8-15
87 [47597791367040] INFO perfrun.perfcollector <> - format: in_tx_cp config:33 mask:33
87 [47597791367040] INFO perfrun.perfcollector <> - format: offcore_rsp config1:0-63 mask:0-63
87 [47597791367040] INFO perfrun.perfcollector <> - hwInfo : PERF_CPU_PMU_DETAILS
87 [47597791367040] INFO perfrun.perfcollector <> - pmu added : family : cpu , id : 0
87 [47597791367040] INFO perfrun.perfcollector <> - dir found : /sys/bus/event_source/devices/uncore_cbox_11
88 [47597791367040] INFO perfrun.perfcollector <> - format: filter_nc config1:62 mask:62
88 [47597791367040] INFO perfrun.perfcollector <> - format: event config:0-7 mask:0-7
88 [47597791367040] INFO perfrun.perfcollector <> - format: filter_tid config1:0-5 mask:0-5
88 [47597791367040] INFO perfrun.perfcollector <> - format: edge config:18 mask:18
88 [47597791367040] INFO perfrun.perfcollector <> - format: filter_nid config1:32-47 mask:32-47
88 [47597791367040] INFO perfrun.perfcollector <> - format: filter_link config1:6-8 mask:6-8
88 [47597791367040] INFO perfrun.perfcollector <> - format: filter_state config1:17-23 mask:17-23
88 [47597791367040] INFO perfrun.perfcollector <> - format: filter_isoc config1:63 mask:63
88 [47597791367040] INFO perfrun.perfcollector <> - format: tid_en config:19 mask:19
88 [47597791367040] INFO perfrun.perfcollector <> - format: thresh config:24-31 mask:24-31
88 [47597791367040] INFO perfrun.perfcollector <> - format: umask config:8-15 mask:8-15
88 [47597791367040] INFO perfrun.perfcollector <> - format: filter_opc config1:52-60 mask:52-60
88 [47597791367040] INFO perfrun.perfcollector <> - format: filter_c6 config1:61 mask:61
88 [47597791367040] WARN perfrun.perfcollector <> - pmu hwInfo is not set, at file: vcs/perfrun1/plugins/perfcollector/src/controller.cpp:657
88 [47597791367040] INFO perfrun.perfcollector <> - pmu added : family : uncore_cbox , id : 11
88 [47597791367040] INFO perfrun.perfcollector <> - dir found : /sys/bus/event_source/devices/uncore_cbox_8
88 [47597791367040] INFO perfrun.perfcollector <> - format: filter_nc config1:62 mask:62
88 [47597791367040] INFO perfrun.perfcollector <> - format: event config:0-7 mask:0-7
88 [47597791367040] INFO perfrun.perfcollector <> - format: filter_tid config1:0-5 mask:0-5
88 [47597791367040] INFO perfrun.perfcollector <> - format: edge config:18 mask:18
88 [47597791367040] INFO perfrun.perfcollector <> - format: filter_nid config1:32-47 mask:32-47
88 [47597791367040] INFO perfrun.perfcollector <> - format: filter_link config1:6-8 mask:6-8
88 [47597791367040] INFO perfrun.perfcollector <> - format: filter_state config1:17-23 mask:17-23
88 [47597791367040] INFO perfrun.perfcollector <> - format: filter_isoc config1:63 mask:63
88 [47597791367040] INFO perfrun.perfcollector <> - format: tid_en config:19 mask:19
88 [47597791367040] INFO perfrun.perfcollector <> - format: thresh config:24-31 mask:24-31
88 [47597791367040] INFO perfrun.perfcollector <> - format: umask config:8-15 mask:8-15
88 [47597791367040] INFO perfrun.perfcollector <> - format: filter_opc config1:52-60 mask:52-60
88 [47597791367040] INFO perfrun.perfcollector <> - format: filter_c6 config1:61 mask:61
88 [47597791367040] WARN perfrun.perfcollector <> - pmu hwInfo is not set, at file: vcs/perfrun1/plugins/perfcollector/src/controller.cpp:657
88 [47597791367040] INFO perfrun.perfcollector <> - pmu added : family : uncore_cbox , id : 8
88 [47597791367040] INFO perfrun.perfcollector <> - dir found : /sys/bus/event_source/devices/uncore_imc_5
88 [47597791367040] INFO perfrun.perfcollector <> - format: event config:0-7 mask:0-7
88 [47597791367040] INFO perfrun.perfcollector <> - format: edge config:18 mask:18
89 [47597791367040] INFO perfrun.perfcollector <> - format: thresh config:24-31 mask:24-31
89 [47597791367040] INFO perfrun.perfcollector <> - format: inv config:23 mask:23
89 [47597791367040] INFO perfrun.perfcollector <> - format: umask config:8-15 mask:8-15
89 [47597791367040] INFO perfrun.perfcollector <> - hwInfo : PERF_IMC_PMU_DETAILS
89 [47597791367040] INFO perfrun.perfcollector <> - pmu added : family : uncore_imc , id : 5
89 [47597791367040] INFO perfrun.perfcollector <> - dir found : /sys/bus/event_source/devices/uncore_sbox_2
89 [47597791367040] INFO perfrun.perfcollector <> - format: event config:0-7 mask:0-7
89 [47597791367040] INFO perfrun.perfcollector <> - format: edge config:18 mask:18
89 [47597791367040] INFO perfrun.perfcollector <> - format: tid_en config:19 mask:19
89 [47597791367040] INFO perfrun.perfcollector <> - format: thresh config:24-31 mask:24-31
89 [47597791367040] INFO perfrun.perfcollector <> - format: inv config:23 mask:23
89 [47597791367040] INFO perfrun.perfcollector <> - format: umask config:8-15 mask:8-15
89 [47597791367040] WARN perfrun.perfcollector <> - pmu hwInfo is not set, at file: vcs/perfrun1/plugins/perfcollector/src/controller.cpp:657
89 [47597791367040] INFO perfrun.perfcollector <> - pmu added : family : uncore_sbox , id : 2
89 [47597791367040] INFO perfrun.perfcollector <> - dir found : /sys/bus/event_source/devices/software
89 [47597791367040] WARN perfrun.perfcollector <> - format subdir doesn't exist, at file: vcs/perfrun1/plugins/perfcollector/src/controller.cpp:578
89 [47597791367040] WARN perfrun.perfcollector <> - pmu hwInfo is not set, at file: vcs/perfrun1/plugins/perfcollector/src/controller.cpp:657
89 [47597791367040] INFO perfrun.perfcollector <> - pmu added : family : software , id : 0
89 [47597791367040] INFO perfrun.perfcollector <> - dir found : /sys/bus/event_source/devices/kprobe
89 [47597791367040] INFO perfrun.perfcollector <> - format: retprobe config:0 mask:0
89 [47597791367040] WARN perfrun.perfcollector <> - pmu hwInfo is not set, at file: vcs/perfrun1/plugins/perfcollector/src/controller.cpp:657
92 [47597791367040] INFO perfrun.perfcollector <> - pmu added : family : kprobe , id : 0
92 [47597791367040] INFO perfrun.perfcollector <> - dir found : /sys/bus/event_source/devices/uncore_cbox_6
92 [47597791367040] INFO perfrun.perfcollector <> - format: filter_nc config1:62 mask:62
92 [47597791367040] INFO perfrun.perfcollector <> - format: event config:0-7 mask:0-7
92 [47597791367040] INFO perfrun.perfcollector <> - format: filter_tid config1:0-5 mask:0-5
92 [47597791367040] INFO perfrun.perfcollector <> - format: edge config:18 mask:18
92 [47597791367040] INFO perfrun.perfcollector <> - format: filter_nid config1:32-47 mask:32-47
92 [47597791367040] INFO perfrun.perfcollector <> - format: filter_link config1:6-8 mask:6-8
92 [47597791367040] INFO perfrun.perfcollector <> - format: filter_state config1:17-23 mask:17-23
92 [47597791367040] INFO perfrun.perfcollector <> - format: filter_isoc config1:63 mask:63
92 [47597791367040] INFO perfrun.perfcollector <> - format: tid_en config:19 mask:19
92 [47597791367040] INFO perfrun.perfcollector <> - format: thresh config:24-31 mask:24-31
92 [47597791367040] INFO perfrun.perfcollector <> - format: umask config:8-15 mask:8-15
92 [47597791367040] INFO perfrun.perfcollector <> - format: filter_opc config1:52-60 mask:52-60
92 [47597791367040] INFO perfrun.perfcollector <> - format: filter_c6 config1:61 mask:61
92 [47597791367040] WARN perfrun.perfcollector <> - pmu hwInfo is not set, at file: vcs/perfrun1/plugins/perfcollector/src/controller.cpp:657
92 [47597791367040] INFO perfrun.perfcollector <> - pmu added : family : uncore_cbox , id : 6
92 [47597791367040] INFO perfrun.perfcollector <> - dir found : /sys/bus/event_source/devices/uncore_ha_1
92 [47597791367040] INFO perfrun.perfcollector <> - format: event config:0-7 mask:0-7
92 [47597791367040] INFO perfrun.perfcollector <> - format: edge config:18 mask:18
92 [47597791367040] INFO perfrun.perfcollector <> - format: thresh config:24-31 mask:24-31
93 [47597791367040] INFO perfrun.perfcollector <> - format: inv config:23 mask:23
93 [47597791367040] INFO perfrun.perfcollector <> - format: umask config:8-15 mask:8-15
93 [47597791367040] WARN perfrun.perfcollector <> - pmu hwInfo is not set, at file: vcs/perfrun1/plugins/perfcollector/src/controller.cpp:657
93 [47597791367040] INFO perfrun.perfcollector <> - pmu added : family : uncore_ha , id : 1
93 [47597791367040] INFO perfrun.perfcollector <> - dir found : /sys/bus/event_source/devices/uncore_r2pcie
93 [47597791367040] INFO perfrun.perfcollector <> - format: event config:0-7 mask:0-7
93 [47597791367040] INFO perfrun.perfcollector <> - format: edge config:18 mask:18
93 [47597791367040] INFO perfrun.perfcollector <> - format: thresh config:24-31 mask:24-31
93 [47597791367040] INFO perfrun.perfcollector <> - format: inv config:23 mask:23
93 [47597791367040] INFO perfrun.perfcollector <> - format: umask config:8-15 mask:8-15
93 [47597791367040] WARN perfrun.perfcollector <> - pmu hwInfo is not set, at file: vcs/perfrun1/plugins/perfcollector/src/controller.cpp:657
93 [47597791367040] INFO perfrun.perfcollector <> - pmu added : family : uncore_r2pcie , id : 0
93 [47597791367040] INFO perfrun.perfcollector <> - dir found : /sys/bus/event_source/devices/uncore_sbox_0
93 [47597791367040] INFO perfrun.perfcollector <> - format: event config:0-7 mask:0-7
93 [47597791367040] INFO perfrun.perfcollector <> - format: edge config:18 mask:18
93 [47597791367040] INFO perfrun.perfcollector <> - format: tid_en config:19 mask:19
93 [47597791367040] INFO perfrun.perfcollector <> - format: thresh config:24-31 mask:24-31
93 [47597791367040] INFO perfrun.perfcollector <> - format: inv config:23 mask:23
93 [47597791367040] INFO perfrun.perfcollector <> - format: umask config:8-15 mask:8-15
93 [47597791367040] WARN perfrun.perfcollector <> - pmu hwInfo is not set, at file: vcs/perfrun1/plugins/perfcollector/src/controller.cpp:657
93 [47597791367040] INFO perfrun.perfcollector <> - pmu added : family : uncore_sbox , id : 0
93 [47597791367040] INFO perfrun.perfcollector <> - dir found : /sys/bus/event_source/devices/uncore_cbox_4
93 [47597791367040] INFO perfrun.perfcollector <> - format: filter_nc config1:62 mask:62
93 [47597791367040] INFO perfrun.perfcollector <> - format: event config:0-7 mask:0-7
93 [47597791367040] INFO perfrun.perfcollector <> - format: filter_tid config1:0-5 mask:0-5
93 [47597791367040] INFO perfrun.perfcollector <> - format: edge config:18 mask:18
93 [47597791367040] INFO perfrun.perfcollector <> - format: filter_nid config1:32-47 mask:32-47
93 [47597791367040] INFO perfrun.perfcollector <> - format: filter_link config1:6-8 mask:6-8
93 [47597791367040] INFO perfrun.perfcollector <> - format: filter_state config1:17-23 mask:17-23
93 [47597791367040] INFO perfrun.perfcollector <> - format: filter_isoc config1:63 mask:63
93 [47597791367040] INFO perfrun.perfcollector <> - format: tid_en config:19 mask:19
93 [47597791367040] INFO perfrun.perfcollector <> - format: thresh config:24-31 mask:24-31
93 [47597791367040] INFO perfrun.perfcollector <> - format: umask config:8-15 mask:8-15
94 [47597791367040] INFO perfrun.perfcollector <> - format: filter_opc config1:52-60 mask:52-60
94 [47597791367040] INFO perfrun.perfcollector <> - format: filter_c6 config1:61 mask:61
94 [47597791367040] WARN perfrun.perfcollector <> - pmu hwInfo is not set, at file: vcs/perfrun1/plugins/perfcollector/src/controller.cpp:657
94 [47597791367040] INFO perfrun.perfcollector <> - pmu added : family : uncore_cbox , id : 4
94 [47597791367040] INFO perfrun.perfcollector <> - dir found : /sys/bus/event_source/devices/uncore_qpi_1
94 [47597791367040] INFO perfrun.perfcollector <> - format: match_rds config1:48-51 mask:48-51
94 [47597791367040] INFO perfrun.perfcollector <> - format: match_dnid config1:13-17 mask:13-17
94 [47597791367040] INFO perfrun.perfcollector <> - format: match_rnid30 config1:32-35 mask:32-35
94 [47597791367040] INFO perfrun.perfcollector <> - format: match_rnid4 config1:31 mask:31
94 [47597791367040] INFO perfrun.perfcollector <> - format: event config:0-7,21 mask:0-7,21
94 [47597791367040] INFO perfrun.perfcollector <> - format: mask_mc config2:9-12 mask:9-12
94 [47597791367040] INFO perfrun.perfcollector <> - format: mask_vnw config2:3-4 mask:3-4
94 [47597791367040] INFO perfrun.perfcollector <> - format: edge config:18 mask:18
94 [47597791367040] INFO perfrun.perfcollector <> - format: mask_dnid config2:13-17 mask:13-17
94 [47597791367040] INFO perfrun.perfcollector <> - format: mask_rnid30 config2:32-35 mask:32-35
94 [47597791367040] INFO perfrun.perfcollector <> - format: match_vnw config1:3-4 mask:3-4
94 [47597791367040] INFO perfrun.perfcollector <> - format: mask1 config2:32-63 mask:32-63
94 [47597791367040] INFO perfrun.perfcollector <> - format: match1 config1:32-63 mask:32-63
94 [47597791367040] INFO perfrun.perfcollector <> - format: mask_opc config2:5-8 mask:5-8
94 [47597791367040] INFO perfrun.perfcollector <> - format: mask_rnid4 config2:31 mask:31
94 [47597791367040] INFO perfrun.perfcollector <> - format: thresh config:24-31 mask:24-31
94 [47597791367040] INFO perfrun.perfcollector <> - format: inv config:23 mask:23
94 [47597791367040] INFO perfrun.perfcollector <> - format: match_mc config1:9-12 mask:9-12
94 [47597791367040] INFO perfrun.perfcollector <> - format: match_opc config1:5-8 mask:5-8
94 [47597791367040] INFO perfrun.perfcollector <> - format: umask config:8-15 mask:8-15
94 [47597791367040] INFO perfrun.perfcollector <> - format: mask_rds config2:48-51 mask:48-51
94 [47597791367040] INFO perfrun.perfcollector <> - format: mask0 config2:0-31 mask:0-31
94 [47597791367040] INFO perfrun.perfcollector <> - format: match0 config1:0-31 mask:0-31
94 [47597791367040] INFO perfrun.perfcollector <> - hwInfo : PERF_QPI_PMU_DETAILS
94 [47597791367040] INFO perfrun.perfcollector <> - pmu added : family : uncore_qpi , id : 1
94 [47597791367040] INFO perfrun.perfcollector <> - dir found : /sys/bus/event_source/devices/uncore_imc_1
95 [47597791367040] INFO perfrun.perfcollector <> - format: event config:0-7 mask:0-7
95 [47597791367040] INFO perfrun.perfcollector <> - format: edge config:18 mask:18
95 [47597791367040] INFO perfrun.perfcollector <> - format: thresh config:24-31 mask:24-31
95 [47597791367040] INFO perfrun.perfcollector <> - format: inv config:23 mask:23
95 [47597791367040] INFO perfrun.perfcollector <> - format: umask config:8-15 mask:8-15
95 [47597791367040] INFO perfrun.perfcollector <> - hwInfo : PERF_IMC_PMU_DETAILS
95 [47597791367040] INFO perfrun.perfcollector <> - pmu added : family : uncore_imc , id : 1
95 [47597791367040] INFO perfrun.perfcollector <> - dir found : /sys/bus/event_source/devices/uncore_cbox_2
95 [47597791367040] INFO perfrun.perfcollector <> - format: filter_nc config1:62 mask:62
95 [47597791367040] INFO perfrun.perfcollector <> - format: event config:0-7 mask:0-7
95 [47597791367040] INFO perfrun.perfcollector <> - format: filter_tid config1:0-5 mask:0-5
95 [47597791367040] INFO perfrun.perfcollector <> - format: edge config:18 mask:18
95 [47597791367040] INFO perfrun.perfcollector <> - format: filter_nid config1:32-47 mask:32-47
95 [47597791367040] INFO perfrun.perfcollector <> - format: filter_link config1:6-8 mask:6-8
95 [47597791367040] INFO perfrun.perfcollector <> - format: filter_state config1:17-23 mask:17-23
95 [47597791367040] INFO perfrun.perfcollector <> - format: filter_isoc config1:63 mask:63
95 [47597791367040] INFO perfrun.perfcollector <> - format: tid_en config:19 mask:19
95 [47597791367040] INFO perfrun.perfcollector <> - format: thresh config:24-31 mask:24-31
95 [47597791367040] INFO perfrun.perfcollector <> - format: umask config:8-15 mask:8-15
95 [47597791367040] INFO perfrun.perfcollector <> - format: filter_opc config1:52-60 mask:52-60
95 [47597791367040] INFO perfrun.perfcollector <> - format: filter_c6 config1:61 mask:61
95 [47597791367040] WARN perfrun.perfcollector <> - pmu hwInfo is not set, at file: vcs/perfrun1/plugins/perfcollector/src/controller.cpp:657
95 [47597791367040] INFO perfrun.perfcollector <> - pmu added : family : uncore_cbox , id : 2
95 [47597791367040] INFO perfrun.perfcollector <> - dir found : /sys/bus/event_source/devices/uncore_r3qpi_1
95 [47597791367040] INFO perfrun.perfcollector <> - format: event config:0-7 mask:0-7
95 [47597791367040] INFO perfrun.perfcollector <> - format: edge config:18 mask:18
95 [47597791367040] INFO perfrun.perfcollector <> - format: thresh config:24-31 mask:24-31
95 [47597791367040] INFO perfrun.perfcollector <> - format: inv config:23 mask:23
95 [47597791367040] INFO perfrun.perfcollector <> - format: umask config:8-15 mask:8-15
95 [47597791367040] WARN perfrun.perfcollector <> - pmu hwInfo is not set, at file: vcs/perfrun1/plugins/perfcollector/src/controller.cpp:657
95 [47597791367040] INFO perfrun.perfcollector <> - pmu added : family : uncore_r3qpi , id : 1
95 [47597791367040] INFO perfrun.perfcollector <> - dir found : /sys/bus/event_source/devices/uncore_cbox_0
95 [47597791367040] INFO perfrun.perfcollector <> - format: filter_nc config1:62 mask:62
95 [47597791367040] INFO perfrun.perfcollector <> - format: event config:0-7 mask:0-7
96 [47597791367040] INFO perfrun.perfcollector <> - format: filter_tid config1:0-5 mask:0-5
96 [47597791367040] INFO perfrun.perfcollector <> - format: edge config:18 mask:18
96 [47597791367040] INFO perfrun.perfcollector <> - format: filter_nid config1:32-47 mask:32-47
96 [47597791367040] INFO perfrun.perfcollector <> - format: filter_link config1:6-8 mask:6-8
96 [47597791367040] INFO perfrun.perfcollector <> - format: filter_state config1:17-23 mask:17-23
96 [47597791367040] INFO perfrun.perfcollector <> - format: filter_isoc config1:63 mask:63
96 [47597791367040] INFO perfrun.perfcollector <> - format: tid_en config:19 mask:19
96 [47597791367040] INFO perfrun.perfcollector <> - format: thresh config:24-31 mask:24-31
96 [47597791367040] INFO perfrun.perfcollector <> - format: umask config:8-15 mask:8-15
96 [47597791367040] INFO perfrun.perfcollector <> - format: filter_opc config1:52-60 mask:52-60
96 [47597791367040] INFO perfrun.perfcollector <> - format: filter_c6 config1:61 mask:61
96 [47597791367040] WARN perfrun.perfcollector <> - pmu hwInfo is not set, at file: vcs/perfrun1/plugins/perfcollector/src/controller.cpp:657
96 [47597791367040] INFO perfrun.perfcollector <> - pmu added : family : uncore_cbox , id : 0
96 [47597791367040] INFO perfrun.perfcollector <> - dir found : /sys/bus/event_source/devices/cstate_core
96 [47597791367040] INFO perfrun.perfcollector <> - format: event config:0-63 mask:0-63
96 [47597791367040] WARN perfrun.perfcollector <> - pmu hwInfo is not set, at file: vcs/perfrun1/plugins/perfcollector/src/controller.cpp:657
96 [47597791367040] INFO perfrun.perfcollector <> - pmu added : family : cstate_core , id : 0
96 [47597791367040] INFO perfrun.perfcollector <> - dir found : /sys/bus/event_source/devices/uncore_cbox_12
96 [47597791367040] INFO perfrun.perfcollector <> - format: filter_nc config1:62 mask:62
96 [47597791367040] INFO perfrun.perfcollector <> - format: event config:0-7 mask:0-7
96 [47597791367040] INFO perfrun.perfcollector <> - format: filter_tid config1:0-5 mask:0-5
96 [47597791367040] INFO perfrun.perfcollector <> - format: edge config:18 mask:18
96 [47597791367040] INFO perfrun.perfcollector <> - format: filter_nid config1:32-47 mask:32-47
96 [47597791367040] INFO perfrun.perfcollector <> - format: filter_link config1:6-8 mask:6-8
96 [47597791367040] INFO perfrun.perfcollector <> - format: filter_state config1:17-23 mask:17-23
96 [47597791367040] INFO perfrun.perfcollector <> - format: filter_isoc config1:63 mask:63
96 [47597791367040] INFO perfrun.perfcollector <> - format: tid_en config:19 mask:19
96 [47597791367040] INFO perfrun.perfcollector <> - format: thresh config:24-31 mask:24-31
96 [47597791367040] INFO perfrun.perfcollector <> - format: umask config:8-15 mask:8-15
96 [47597791367040] INFO perfrun.perfcollector <> - format: filter_opc config1:52-60 mask:52-60
96 [47597791367040] INFO perfrun.perfcollector <> - format: filter_c6 config1:61 mask:61
96 [47597791367040] WARN perfrun.perfcollector <> - pmu hwInfo is not set, at file: vcs/perfrun1/plugins/perfcollector/src/controller.cpp:657
96 [47597791367040] INFO perfrun.perfcollector <> - pmu added : family : uncore_cbox , id : 12
96 [47597791367040] INFO perfrun.perfcollector <> - dir found : /sys/bus/event_source/devices/tracepoint
97 [47597791367040] WARN perfrun.perfcollector <> - format subdir doesn't exist, at file: vcs/perfrun1/plugins/perfcollector/src/controller.cpp:578
97 [47597791367040] WARN perfrun.perfcollector <> - pmu hwInfo is not set, at file: vcs/perfrun1/plugins/perfcollector/src/controller.cpp:657
97 [47597791367040] INFO perfrun.perfcollector <> - pmu added : family : tracepoint , id : 0
97 [47597791367040] INFO perfrun.perfcollector <> - dir found : /sys/bus/event_source/devices/uncore_cbox_9
97 [47597791367040] INFO perfrun.perfcollector <> - format: filter_nc config1:62 mask:62
97 [47597791367040] INFO perfrun.perfcollector <> - format: event config:0-7 mask:0-7
97 [47597791367040] INFO perfrun.perfcollector <> - format: filter_tid config1:0-5 mask:0-5
97 [47597791367040] INFO perfrun.perfcollector <> - format: edge config:18 mask:18
97 [47597791367040] INFO perfrun.perfcollector <> - format: filter_nid config1:32-47 mask:32-47
97 [47597791367040] INFO perfrun.perfcollector <> - format: filter_link config1:6-8 mask:6-8
97 [47597791367040] INFO perfrun.perfcollector <> - format: filter_state config1:17-23 mask:17-23
97 [47597791367040] INFO perfrun.perfcollector <> - format: filter_isoc config1:63 mask:63
97 [47597791367040] INFO perfrun.perfcollector <> - format: tid_en config:19 mask:19
97 [47597791367040] INFO perfrun.perfcollector <> - format: thresh config:24-31 mask:24-31
97 [47597791367040] INFO perfrun.perfcollector <> - format: umask config:8-15 mask:8-15
97 [47597791367040] INFO perfrun.perfcollector <> - format: filter_opc config1:52-60 mask:52-60
97 [47597791367040] INFO perfrun.perfcollector <> - format: filter_c6 config1:61 mask:61
97 [47597791367040] WARN perfrun.perfcollector <> - pmu hwInfo is not set, at file: vcs/perfrun1/plugins/perfcollector/src/controller.cpp:657
97 [47597791367040] INFO perfrun.perfcollector <> - pmu added : family : uncore_cbox , id : 9
97 [47597791367040] INFO perfrun.perfcollector <> - dir found : /sys/bus/event_source/devices/msr
97 [47597791367040] INFO perfrun.perfcollector <> - format: event config:0-63 mask:0-63
97 [47597791367040] WARN perfrun.perfcollector <> - pmu hwInfo is not set, at file: vcs/perfrun1/plugins/perfcollector/src/controller.cpp:657
97 [47597791367040] INFO perfrun.perfcollector <> - pmu added : family : msr , id : 0
97 [47597791367040] INFO perfrun.perfcollector <> - dir found : /sys/bus/event_source/devices/uncore_cbox_10
97 [47597791367040] INFO perfrun.perfcollector <> - format: filter_nc config1:62 mask:62
97 [47597791367040] INFO perfrun.perfcollector <> - format: event config:0-7 mask:0-7
97 [47597791367040] INFO perfrun.perfcollector <> - format: filter_tid config1:0-5 mask:0-5
97 [47597791367040] INFO perfrun.perfcollector <> - format: edge config:18 mask:18
97 [47597791367040] INFO perfrun.perfcollector <> - format: filter_nid config1:32-47 mask:32-47
97 [47597791367040] INFO perfrun.perfcollector <> - format: filter_link config1:6-8 mask:6-8
97 [47597791367040] INFO perfrun.perfcollector <> - format: filter_state config1:17-23 mask:17-23
97 [47597791367040] INFO perfrun.perfcollector <> - format: filter_isoc config1:63 mask:63
97 [47597791367040] INFO perfrun.perfcollector <> - format: tid_en config:19 mask:19
97 [47597791367040] INFO perfrun.perfcollector <> - format: thresh config:24-31 mask:24-31
97 [47597791367040] INFO perfrun.perfcollector <> - format: umask config:8-15 mask:8-15
98 [47597791367040] INFO perfrun.perfcollector <> - format: filter_opc config1:52-60 mask:52-60
98 [47597791367040] INFO perfrun.perfcollector <> - format: filter_c6 config1:61 mask:61
98 [47597791367040] WARN perfrun.perfcollector <> - pmu hwInfo is not set, at file: vcs/perfrun1/plugins/perfcollector/src/controller.cpp:657
98 [47597791367040] INFO perfrun.perfcollector <> - pmu added : family : uncore_cbox , id : 10
98 [47597791367040] INFO perfrun.perfcollector <> - dir found : /sys/bus/event_source/devices/uncore_sbox_3
98 [47597791367040] INFO perfrun.perfcollector <> - format: event config:0-7 mask:0-7
98 [47597791367040] INFO perfrun.perfcollector <> - format: edge config:18 mask:18
98 [47597791367040] INFO perfrun.perfcollector <> - format: tid_en config:19 mask:19
98 [47597791367040] INFO perfrun.perfcollector <> - format: thresh config:24-31 mask:24-31
98 [47597791367040] INFO perfrun.perfcollector <> - format: inv config:23 mask:23
98 [47597791367040] INFO perfrun.perfcollector <> - format: umask config:8-15 mask:8-15
98 [47597791367040] WARN perfrun.perfcollector <> - pmu hwInfo is not set, at file: vcs/perfrun1/plugins/perfcollector/src/controller.cpp:657
98 [47597791367040] INFO perfrun.perfcollector <> - pmu added : family : uncore_sbox , id : 3
98 [47597791367040] INFO perfrun.perfcollector <> - dir found : /sys/bus/event_source/devices/uncore_cbox_7
98 [47597791367040] INFO perfrun.perfcollector <> - format: filter_nc config1:62 mask:62
98 [47597791367040] INFO perfrun.perfcollector <> - format: event config:0-7 mask:0-7
98 [47597791367040] INFO perfrun.perfcollector <> - format: filter_tid config1:0-5 mask:0-5
98 [47597791367040] INFO perfrun.perfcollector <> - format: edge config:18 mask:18
98 [47597791367040] INFO perfrun.perfcollector <> - format: filter_nid config1:32-47 mask:32-47
98 [47597791367040] INFO perfrun.perfcollector <> - format: filter_link config1:6-8 mask:6-8
98 [47597791367040] INFO perfrun.perfcollector <> - format: filter_state config1:17-23 mask:17-23
98 [47597791367040] INFO perfrun.perfcollector <> - format: filter_isoc config1:63 mask:63
98 [47597791367040] INFO perfrun.perfcollector <> - format: tid_en config:19 mask:19
98 [47597791367040] INFO perfrun.perfcollector <> - format: thresh config:24-31 mask:24-31
98 [47597791367040] INFO perfrun.perfcollector <> - format: umask config:8-15 mask:8-15
98 [47597791367040] INFO perfrun.perfcollector <> - format: filter_opc config1:52-60 mask:52-60
98 [47597791367040] INFO perfrun.perfcollector <> - format: filter_c6 config1:61 mask:61
98 [47597791367040] WARN perfrun.perfcollector <> - pmu hwInfo is not set, at file: vcs/perfrun1/plugins/perfcollector/src/controller.cpp:657
98 [47597791367040] INFO perfrun.perfcollector <> - pmu added : family : uncore_cbox , id : 7
98 [47597791367040] INFO perfrun.launcher <> - plugin perf has been added successfully
99 [47597791367040] INFO perfrun.launcher <> - plugin tpss has been added successfully
99 [47597791367040] INFO perfrun.launcher <> - plugin cuscol has been added successfully
99 [47597791367040] INFO perfrun.launcher <> - plugin exprof has been added successfully
99 [47597791367040] INFO perfrun.launcher <> - plugin dpdk has been added successfully
99 [47597791367040] INFO perfrun.launcher <> - plugin media has been added successfully
99 [47597791367040] INFO perfrun.launcher <> - plugin commcollector has been added successfully
99 [47597791367040] INFO perfrun.launcher <> - plugin cve has been added successfully
99 [47597791367040] INFO perfrun.launcher <> - the option was added --interval: Specify an interval of data collection (for example, sampling) in milliseconds.
99 [47597791367040] INFO perfrun.launcher <> - the option was added --follow-child: Profile process with or without children.
99 [47597791367040] INFO perfrun.launcher <> - the option was added --gelding: BADMSG: perfrun1.launcher.plugin_manager::gelding
99 [47597791367040] INFO perfrun.launcher <> - the option was added --time-source: Specify time source for measurement. Possible values: sys - wall clock time; tsc - time stamp counter; ext - time from an external source; auto - auto select accurate time source.
99 [47597791367040] INFO perfrun.launcher <> - the option was added --stack: Enable or disable collection of stacks.
99 [47597791367040] INFO perfrun.launcher <> - the option was added --stack-stitching: Enable or disable the stack stitching algorithm for Intel TBB-based applications.
99 [47597791367040] INFO perfrun.launcher <> - the option was added --type: Specify type of data to be collected. For example, --type cpu:counters,waiting:nostack,io.
99 [47597791367040] INFO perfrun.launcher <> - the option was added --mrte-mode: Specify Java/.NET/other managed runtime collection mode. Possible values: native - collect information only for native code; managed - collect information only for managed code; mixed - collect information for both managed and native code; auto - choose the mode based on binary type.
100 [47597791367040] INFO perfrun.launcher <> - the option was added --mrte-mode-list: List supported Java/.NET/other managed runtime collection modes.
100 [47597791367040] INFO perfrun.launcher <> - the option was added --mrte-type: Specify which managed runtimes to collect. Possible values: java - collect information for Java; dotnet - collect information for .NET; python - collect information for CPython. You can specify several values separated by comma.
100 [47597791367040] INFO perfrun.launcher <> - the option was added --mrte-type-list: List supported Java/.NET/other managed runtime types.
100 [47597791367040] INFO perfrun.launcher <> - the option was added --trace-strategy: Specify how to profile a process tree. <string> can be "<process>:trace:notrace" - profile the process but do not profile its children. Shorthand parameters: t - trace, nt - notrace. For example, "vtunedemo.exe:t:t".
100 [47597791367040] INFO perfrun.launcher <> - the option was added --collector: BADMSG: perfrun1.launcher.plugin_manager::collector
100 [47597791367040] INFO perfrun.launcher <> - the option was added --system-wide: Enable system-wide profiling. This mode may require additional permissions.
100 [47597791367040] INFO perfrun.launcher <> - the option was added --kvm-guest: Enable KVM guest OS profiling.
100 [47597791367040] INFO perfrun.launcher <> - the option was added --kvm-guest-kallsyms: Specify a local path to the /proc/kallsyms file copied from the guest OS for proper symbol resolution.
100 [47597791367040] INFO perfrun.launcher <> - the option was added --kvm-guest-modules: Specify a local path to the /proc/modules file copied from the guest OS for proper symbol resolution.
100 [47597791367040] INFO perfrun.launcher <> - the option was added --target-system: BADMSG: perfrun1.launcher.plugin_manager::target-system
100 [47597791367040] INFO perfrun.launcher <> - the option was added --dump-vdso: Dump [vdso] to result directory
100 [47597791367040] INFO perfrun.launcher <> - the option was added --bandwidth-limits: Measure bandwidth limits
100 [47597791367040] INFO perfrun.launcher <> - the option was added --bandwidth-strategy: Bandwidth limits determination specific properties (example: --bandwidth-strategy array-size=0,duration=500).
100 [47597791367040] INFO perfrun.launcher <> - the option was added --bandwidth-config: List of benchmarks to run.
100 [47597791367040] INFO perfrun.launcher <> - the option was added --system-collector-config: Specify subcollectors. Possible values: all, vdso, container, device-info, none.
100 [47597791367040] INFO perfrun.launcher <> - the option was added --itt-config: Specify a sub-set of ITT API to collect.
100 [47597791367040] INFO perfrun.launcher <> - the option was added --itt-debug: Set pseudo-breakpoint at ITT API collector's start to enable the debugger to attach early.
100 [47597791367040] INFO perfrun.launcher <> - the option was added --itt-ring-buffer-multiplier: The size of internal ITT API collector ring buffer, in bytes per second
100 [47597791367040] INFO perfrun.launcher <> - the option was added --ptrace: Ptrace collector.
100 [47597791367040] INFO perfrun.launcher <> - the option was added --target-pid: BADMSG: perfrun1.ptracecollector::target-pid
100 [47597791367040] INFO perfrun.launcher <> - the option was added --ptrace-server-pid: BADMSG: perfrun1.ptracecollector::ptrace-server-pid
100 [47597791367040] INFO perfrun.launcher <> - the option was added --ptrace-trace: BADMSG: perfrun1.ptracecollector::ptrace-trace
100 [47597791367040] INFO perfrun.launcher <> - the option was added --ptrace-time-source: BADMSG: perfrun1.ptracecollector::ptrace-time-source
100 [47597791367040] INFO perfrun.launcher <> - the option was added --ptrace-start-type: BADMSG: perfrun1.ptracecollector::ptrace-start-type
100 [47597791367040] INFO perfrun.launcher <> - the option was added --gpu-config: Specify types of GPU data to be collected. Possible values: preset1, preset2.
100 [47597791367040] INFO perfrun.launcher <> - the option was added --gpu-debug: Enable self-testing of the GPGPU profiling collector.
100 [47597791367040] INFO perfrun.launcher <> - the option was added --stdsrc-config: Specify Standard Sources category tag(s).
100 [47597791367040] INFO perfrun.launcher <> - the option was added --ftrace-config-list: List Linux Ftrace category tag(s).
101 [47597791367040] INFO perfrun.launcher <> - the option was added --ftrace-config: Specify Linux Ftrace category tag(s).
101 [47597791367040] INFO perfrun.launcher <> - the option was added --ftrace-function-groups: Enable tracing of specific groups of functions.
101 [47597791367040] INFO perfrun.launcher <> - the option was added --event-info: BADMSG: perfrun1.stdsrc::event-info
101 [47597791367040] INFO perfrun.launcher <> - the option was added --cpu-list: List supported CPUs.
101 [47597791367040] INFO perfrun.launcher <> - the option was added --target-list: List available targets for performing sampling collection.
101 [47597791367040] INFO perfrun.launcher <> - the option was added --event-value-list: Display event information.
101 [47597791367040] INFO perfrun.launcher <> - the option was added --platform-value-list: Display details of supported platforms.
101 [47597791367040] INFO perfrun.launcher <> - the option was added --uncore-event-list: List uncore events for which a sampling data collection can be performed on this platform.
101 [47597791367040] INFO perfrun.launcher <> - the option was added --modifier-list: Specify the event name <string> for which the modifiers list is requested.
101 [47597791367040] INFO perfrun.launcher <> - the option was added --pmu-list: List supported PMUs.
101 [47597791367040] INFO perfrun.launcher <> - the option was added --os-mode-only: Enable sampling data collection for OS-mode processes only.
101 [47597791367040] INFO perfrun.launcher <> - the option was added --user-mode-only: Enable sampling data collection for user-mode processes only.
101 [47597791367040] INFO perfrun.launcher <> - the option was added --event-config: Perform data collection for the events with <string> configured using the format <event name1>":modifier1=val:modifier2=val/constraint1={:modifier3=val:modifier4=val}...,"<event name2>":... Specify the events(s) to monitor and embed the event names within double quotes("). [:modifier=val] specifies individual event modifiers along with the respective values for a given platform. Note that the modifiers can be generic to an event as well as specific to a constraint (or an event qualifier). The constraint specific special modifiers appear after [/constraint=]. The modifiers can be in decimal or hexadecimal format. Only specific modifiers accept the value as a string. Each event specification is delimited by a comma (,). For a list of supported modifiers and constraints, refer to the documentation.
101 [47597791367040] INFO perfrun.launcher <> - the option was added --chipset-event-config: BADMSG: perfrun1.sep::chipset-event-config
101 [47597791367040] INFO perfrun.launcher <> - the option was added --uncore-event-config: Perform uncore data collection in ebc count mode for the events with <string> configured using the format "<event name1>"...,"<event name2>":... Specify the events(s) to monitor and embed the event names within double quotes(").
101 [47597791367040] INFO perfrun.launcher <> - the option was added --count-emon: Enable counting mode and output the data in EMON format.
101 [47597791367040] INFO perfrun.launcher <> - the option was added --event-based-counts: Enable event-based counting mode. During sampling data collection, event counts data is collected for the list of events specified in -event-config option.
101 [47597791367040] INFO perfrun.launcher <> - the option was added --event-mux-tfactor: Specify the event multiplexing tfactor as <integer> to set the length of the interval between interrupts. The larger the tfactor value, the larger the period between interrupts. Currently this option is only available on Intel platforms codenamed Knights Corner.
101 [47597791367040] INFO perfrun.launcher <> - the option was added --full-pebs-capture: Capture full pebs information.
101 [47597791367040] INFO perfrun.launcher <> - the option was added --last-branch-records: Capture Last Branch Records information.
101 [47597791367040] INFO perfrun.launcher <> - the option was added --pmu-type: Specify the targeted PMU name as <string>.
101 [47597791367040] INFO perfrun.launcher <> - the option was added --platform-type: Specify the targeted platform number as <number>.
101 [47597791367040] INFO perfrun.launcher <> - the option was added --bts-count: Specify the <integer> number of BTS records collected after each sample or context switch (VTSS++ only).
101 [47597791367040] INFO perfrun.launcher <> - the option was added --cpu-mask: Specify which CPU(s) <string> to collect data on. For example, specify "2-8,10,12-14" to sample only CPUs 2 through 8, 10, and 12 through 14.
101 [47597791367040] INFO perfrun.launcher <> - the option was added --event-mux-alg: Specify the event multiplexing algorithm. Possible values: sequence, timer, trigger.
101 [47597791367040] INFO perfrun.launcher <> - the option was added --event-mux-timeslice: Specify the event multiplexing time slice value as <integer>. The time slice specifies the duration between cycles for each event multiplexing group. The default value is 50 milliseconds. This option is valid only for timer-based event multiplexing. Specify the event multiplexing time slice value as <integer>. The time slice specifies the duration between cycles for each event multiplexing group. The default value is 1 millisecond. This option is valid only for timer-based event multiplexing.
101 [47597791367040] INFO perfrun.launcher <> - the option was added --event-mux-factor: Specify the event multiplexing factor as <integer>. It controls the switching of event multiplexing groups. The default factor is 50. This option is valid only for trigger-based event multiplexing. Specify the event multiplexing factor as <integer>. It controls the switching of event multiplexing groups. The default factor is 1. This option is valid only for trigger-based event multiplexing.
101 [47597791367040] INFO perfrun.launcher <> - the option was added --event-mux-trigger: Specify the name of the trigger event for event multiplexing as <string>. This option is valid only for trigger-based event multiplexing. The default trigger is CPU_CLK_UNHALTED.CORE (or CPU_CLK_UNHALTED.THREAD). BADMSG: perfrun1.vtsspp::event-mux-trigger
101 [47597791367040] INFO perfrun.launcher <> - the option was added --pwr-config: BADMSG: perfrun1.vtsspp::pwr-config
101 [47597791367040] INFO perfrun.launcher <> - the option was added --sys-config: BADMSG: perfrun1.vtsspp::sys-config
102 [47597791367040] INFO perfrun.launcher <> - the option was added --pt-mode: BADMSG: perfrun1.vtsspp::pt-mode
102 [47597791367040] INFO perfrun.launcher <> - the option was added --sample-after-multiplier: Specify the sample after multiplier as <double>. This multiplier modifies the sample after value for all the events specified in -event-config option. The values can range from 0.1 to 100.0. SAV multiplier value
102 [47597791367040] INFO perfrun.launcher <> - the option was added --uncore-sampling-interval: Specify the uncore sampling interval as <integer>. This value set the uncore sampling interval for all the uncore events specified in -event-config option.
102 [47597791367040] INFO perfrun.launcher <> - the option was added --count: Enable counting mode. Enable counting mode
102 [47597791367040] INFO perfrun.launcher <> - the option was added --trace-mpi: Configure collector to trace MPI code.
102 [47597791367040] INFO perfrun.launcher <> - the option was added --raw-perf-config: Specify a verified configuration for the Perf collector in the format: <describer>,<content>. For example: map-events-file,<path_to_map_events_file>.
102 [47597791367040] INFO perfrun.launcher <> - the option was added --stackwalk: Specify stack unwinding method. Possible values: online - unwind stacks during collection; offline - unwind stacks after collection is finished. Specify stack unwinding method. Possible value: lbr - unwind stacks during collection. Specify stack unwinding method. Possible values: online - unwind stacks during collection; offline - unwind stacks after collection is finished; lbr - enable LBR-based call stack collection. Specify stack unwinding method. Possible values: online - unwind stacks during collection; offline - unwind stacks after collection is finished. Specify stack unwinding method. Possible values: online - unwind stacks during collection; offline - unwind stacks after collection is finished.
102 [47597791367040] INFO perfrun.launcher <> - the option was added --filter-include: Filter data during collection. Possible values: contended=<on|off> - filter out uncontended events; contended_nostack=<time> - filter out stacks for contended events that take less than <time> microseconds; wait=<time> - ignore transitions and blocks with wait time less than <time> microseconds; wait_nostack=<time> - filter out stacks for waits that take less than <time> microseconds.
102 [47597791367040] INFO perfrun.launcher <> - the option was added --debug-pin: Debug PIN tool and runtime.
102 [47597791367040] INFO perfrun.launcher <> - the option was added --debug-exception: Disallow the application to set own abnormal termination handler.
102 [47597791367040] INFO perfrun.launcher <> - the option was added --trace-type: Specify the trace file granularity. Possible values: per-thread - per-thread trace file generation; per-process - per-process trace file generation.
102 [47597791367040] INFO perfrun.launcher <> - the option was added --instrumentation-type: Specify type of instrumentation.
102 [47597791367040] INFO perfrun.launcher <> - the option was added --altstack: Enable or disable usage of altstacks for profiling signal handlers.
102 [47597791367040] INFO perfrun.launcher <> - the option was added --profiling-signal: BADMSG: perfrun1.ptracecollector::profiling-signal Alternate profiling signal.
102 [47597791367040] INFO perfrun.launcher <> - the option was added --memory-strategy: Specify a minimal memory object size to be traced and a hash table size for faster objects search; for example: --memory-strategy obj-size-min=1024,hash-table-size=4096.
102 [47597791367040] INFO perfrun.launcher <> - the option was added --gpu-profiling-config: Specify a type of deep GPU profiling applied for all kernels and a comma-separated list of GPU kernel names and invocations in the following format: profiling_type[@kernel_name[:start_idx:step:stop_idx]], where profiling_type is one of following: none, bblatency, memlatency; kernel_name is the name of GPU kernel; start_idx is the number of the first invocation; and stop_idx is the number of the last invocation to be profiled.
102 [47597791367040] INFO perfrun.launcher <> - the option was added --custom-collector: Allows to provide arbitrary command line to be run on collection steps.
102 [47597791367040] INFO perfrun.launcher <> - the option was added --exprof-com-list: List available COM ports.
102 [47597791367040] INFO perfrun.launcher <> - the option was added --exprof-dvc-list: List available DvC IDs.
102 [47597791367040] INFO perfrun.launcher <> - the option was added --exprof-trace-channel: BADMSG: perfrun1.exprof::exprof-trace-channel
102 [47597791367040] INFO perfrun.launcher <> - the option was added --exprof-event-config: Specify ExactProfiling Event Classes.
102 [47597791367040] INFO perfrun.launcher <> - the option was added --analyze-dpdk: analyze-dpdk
102 [47597791367040] INFO perfrun.launcher <> - the option was added --network-sampling-interval: network-sampling-interval
102 [47597791367040] INFO perfrun.launcher <> - the option was added --dpdk-file-prefix: dpdk-file-prefix
103 [47597791367040] INFO perfrun.launcher <> - create msngr2::ICliToolContext
103 [47597791367040] INFO perfrun.launcher <> - create file finder object
109 [47597911959296] INFO perfrun.system <> - dumping [vdso] pseudomodule
119 [47597911959296] INFO perfrun.launcher <> - plugin [itt] was disabled because it doesn't support the given collection type.
119 [47597911959296] INFO perfrun.launcher <> - plugin [ptracecollector] was disabled because it doesn't support the given collection type.
119 [47597911959296] INFO perfrun.launcher <> - plugin [gpu] was disabled because it doesn't support the given collection type.
119 [47597911959296] INFO perfrun.launcher <> - plugin [] was disabled because it doesn't support the given collection type.
119 [47597911959296] INFO perfrun.launcher <> - plugin [] was disabled because it doesn't support the given collection type.
119 [47597911959296] INFO perfrun.launcher <> - plugin [] was disabled because it doesn't support the given collection type.
119 [47597911959296] INFO perfrun.launcher <> - plugin [mrte] was disabled because it doesn't support the given collection type.
119 [47597911959296] INFO perfrun.launcher <> - plugin [emon] was disabled because it doesn't support the given collection type.
119 [47597911959296] INFO perfrun.launcher <> - plugin [stdsrc] was disabled because it doesn't support the given collection type.
119 [47597911959296] INFO perfrun.launcher <> - plugin [sep] was disabled because it doesn't support the given collection type.
119 [47597911959296] INFO perfrun.launcher <> - plugin [vtsspp] was disabled because it doesn't support the given collection type.
119 [47597911959296] INFO perfrun.launcher <> - plugin [perf] was disabled because it doesn't support the given collection type.
119 [47597911959296] INFO perfrun.launcher <> - plugin [tpss] was disabled because it doesn't support the given collection type.
119 [47597911959296] INFO perfrun.launcher <> - plugin [cuscol] was disabled because it doesn't support the given collection type.
119 [47597911959296] INFO perfrun.launcher <> - plugin [exprof] was disabled because it doesn't support the given collection type.
119 [47597911959296] INFO perfrun.launcher <> - plugin [dpdk] was disabled because it doesn't support the given collection type.
119 [47597911959296] INFO perfrun.launcher <> - plugin [media] was disabled because it doesn't support the given collection type.
119 [47597911959296] INFO perfrun.commcollector <> - Disabling commcollector because integrity connection type is not used
119 [47597911959296] INFO perfrun.launcher <> - plugin [commcollector] was disabled because it doesn't support the given collection type.
119 [47597911959296] INFO perfrun.launcher <> - plugin [cve] was disabled because it doesn't support the given collection type.
119 [47597791367040] INFO perfrun.launcher <> - Application exit code: 0
119 [47597791367040] INFO perfrun.launcher <> - Exit code: 0
