20 [46955522421888] INFO perfrun.launcher <> - argc = 7; cmdline = /dss/dsshome1/lrz/sys/intel/studio2018_p4/vtune_amplifier_2018.4.0.573462/bin64/amplxe-runss --ui-output-format xml --ui-output-fd 8 --option-file /dss/dssfs02/lwp-dss-0001/pr63so/pr63so-dss-0000/ge49nuk2/bcl/examples/simple/2N.i22r07c05s08/config/runss.options 
71 [46955522421888] INFO perfrun.launcher <> - plugin system has been added successfully
71 [46955522421888] INFO perfrun.launcher <> - plugin itt has been added successfully
71 [46955522421888] INFO perfrun.launcher <> - plugin ptracecollector has been added successfully
71 [46955522421888] INFO perfrun.launcher <> - plugin gpu has been added successfully
71 [46955522421888] INFO perfrun.launcher <> - plugin  has been added successfully
71 [46955522421888] INFO perfrun.launcher <> - plugin  has been added successfully
71 [46955522421888] INFO perfrun.launcher <> - plugin  has been added successfully
71 [46955522421888] INFO perfrun.launcher <> - plugin mrte has been added successfully
71 [46955522421888] INFO perfrun.launcher <> - plugin emon has been added successfully
73 [46955522421888] INFO perfrun.launcher <> - plugin stdsrc has been added successfully
74 [46955522421888] INFO perfrun.launcher <> - plugin sep has been added successfully
74 [46955522421888] INFO perfrun.launcher <> - plugin vtsspp has been added successfully
74 [46955522421888] INFO perfrun.sdk <> - Reading value (0) from file: /proc/sys/kernel/perf_event_paranoid
79 [46955522421888] INFO perfrun.perfcollector <> - cpu: family = 6 model = 63
79 [46955522421888] INFO perfrun.perfcollector <> - dir found : /sys/bus/event_source/devices/uncore_imc_4
79 [46955522421888] INFO perfrun.perfcollector <> - format: event config:0-7 mask:0-7
79 [46955522421888] INFO perfrun.perfcollector <> - format: edge config:18 mask:18
79 [46955522421888] INFO perfrun.perfcollector <> - format: thresh config:24-31 mask:24-31
80 [46955522421888] INFO perfrun.perfcollector <> - format: inv config:23 mask:23
80 [46955522421888] INFO perfrun.perfcollector <> - format: umask config:8-15 mask:8-15
80 [46955522421888] INFO perfrun.perfcollector <> - hwInfo : PERF_IMC_PMU_DETAILS
80 [46955522421888] INFO perfrun.perfcollector <> - pmu added : family : uncore_imc , id : 4
80 [46955522421888] INFO perfrun.perfcollector <> - dir found : /sys/bus/event_source/devices/uncore_sbox_1
80 [46955522421888] INFO perfrun.perfcollector <> - format: event config:0-7 mask:0-7
80 [46955522421888] INFO perfrun.perfcollector <> - format: edge config:18 mask:18
80 [46955522421888] INFO perfrun.perfcollector <> - format: tid_en config:19 mask:19
80 [46955522421888] INFO perfrun.perfcollector <> - format: thresh config:24-31 mask:24-31
80 [46955522421888] INFO perfrun.perfcollector <> - format: inv config:23 mask:23
80 [46955522421888] INFO perfrun.perfcollector <> - format: umask config:8-15 mask:8-15
80 [46955522421888] WARN perfrun.perfcollector <> - pmu hwInfo is not set, at file: vcs/perfrun1/plugins/perfcollector/src/controller.cpp:657
80 [46955522421888] INFO perfrun.perfcollector <> - pmu added : family : uncore_sbox , id : 1
80 [46955522421888] INFO perfrun.perfcollector <> - dir found : /sys/bus/event_source/devices/uncore_cbox_5
80 [46955522421888] INFO perfrun.perfcollector <> - format: filter_nc config1:62 mask:62
80 [46955522421888] INFO perfrun.perfcollector <> - format: event config:0-7 mask:0-7
80 [46955522421888] INFO perfrun.perfcollector <> - format: filter_tid config1:0-5 mask:0-5
80 [46955522421888] INFO perfrun.perfcollector <> - format: edge config:18 mask:18
80 [46955522421888] INFO perfrun.perfcollector <> - format: filter_nid config1:32-47 mask:32-47
80 [46955522421888] INFO perfrun.perfcollector <> - format: filter_link config1:6-8 mask:6-8
80 [46955522421888] INFO perfrun.perfcollector <> - format: filter_state config1:17-23 mask:17-23
80 [46955522421888] INFO perfrun.perfcollector <> - format: filter_isoc config1:63 mask:63
86 [46955522421888] INFO perfrun.perfcollector <> - format: tid_en config:19 mask:19
86 [46955522421888] INFO perfrun.perfcollector <> - format: thresh config:24-31 mask:24-31
86 [46955522421888] INFO perfrun.perfcollector <> - format: umask config:8-15 mask:8-15
86 [46955522421888] INFO perfrun.perfcollector <> - format: filter_opc config1:52-60 mask:52-60
86 [46955522421888] INFO perfrun.perfcollector <> - format: filter_c6 config1:61 mask:61
86 [46955522421888] WARN perfrun.perfcollector <> - pmu hwInfo is not set, at file: vcs/perfrun1/plugins/perfcollector/src/controller.cpp:657
86 [46955522421888] INFO perfrun.perfcollector <> - pmu added : family : uncore_cbox , id : 5
86 [46955522421888] INFO perfrun.perfcollector <> - dir found : /sys/bus/event_source/devices/uncore_ha_0
86 [46955522421888] INFO perfrun.perfcollector <> - format: event config:0-7 mask:0-7
86 [46955522421888] INFO perfrun.perfcollector <> - format: edge config:18 mask:18
86 [46955522421888] INFO perfrun.perfcollector <> - format: thresh config:24-31 mask:24-31
86 [46955522421888] INFO perfrun.perfcollector <> - format: inv config:23 mask:23
86 [46955522421888] INFO perfrun.perfcollector <> - format: umask config:8-15 mask:8-15
86 [46955522421888] WARN perfrun.perfcollector <> - pmu hwInfo is not set, at file: vcs/perfrun1/plugins/perfcollector/src/controller.cpp:657
86 [46955522421888] INFO perfrun.perfcollector <> - pmu added : family : uncore_ha , id : 0
86 [46955522421888] INFO perfrun.perfcollector <> - dir found : /sys/bus/event_source/devices/uncore_cbox_3
86 [46955522421888] INFO perfrun.perfcollector <> - format: filter_nc config1:62 mask:62
87 [46955522421888] INFO perfrun.perfcollector <> - format: event config:0-7 mask:0-7
87 [46955522421888] INFO perfrun.perfcollector <> - format: filter_tid config1:0-5 mask:0-5
87 [46955522421888] INFO perfrun.perfcollector <> - format: edge config:18 mask:18
87 [46955522421888] INFO perfrun.perfcollector <> - format: filter_nid config1:32-47 mask:32-47
87 [46955522421888] INFO perfrun.perfcollector <> - format: filter_link config1:6-8 mask:6-8
87 [46955522421888] INFO perfrun.perfcollector <> - format: filter_state config1:17-23 mask:17-23
87 [46955522421888] INFO perfrun.perfcollector <> - format: filter_isoc config1:63 mask:63
87 [46955522421888] INFO perfrun.perfcollector <> - format: tid_en config:19 mask:19
87 [46955522421888] INFO perfrun.perfcollector <> - format: thresh config:24-31 mask:24-31
87 [46955522421888] INFO perfrun.perfcollector <> - format: umask config:8-15 mask:8-15
87 [46955522421888] INFO perfrun.perfcollector <> - format: filter_opc config1:52-60 mask:52-60
87 [46955522421888] INFO perfrun.perfcollector <> - format: filter_c6 config1:61 mask:61
87 [46955522421888] WARN perfrun.perfcollector <> - pmu hwInfo is not set, at file: vcs/perfrun1/plugins/perfcollector/src/controller.cpp:657
87 [46955522421888] INFO perfrun.perfcollector <> - pmu added : family : uncore_cbox , id : 3
87 [46955522421888] INFO perfrun.perfcollector <> - dir found : /sys/bus/event_source/devices/uncore_qpi_0
87 [46955522421888] INFO perfrun.perfcollector <> - format: match_rds config1:48-51 mask:48-51
87 [46955522421888] INFO perfrun.perfcollector <> - format: match_dnid config1:13-17 mask:13-17
87 [46955522421888] INFO perfrun.perfcollector <> - format: match_rnid30 config1:32-35 mask:32-35
87 [46955522421888] INFO perfrun.perfcollector <> - format: match_rnid4 config1:31 mask:31
87 [46955522421888] INFO perfrun.perfcollector <> - format: event config:0-7,21 mask:0-7,21
87 [46955522421888] INFO perfrun.perfcollector <> - format: mask_mc config2:9-12 mask:9-12
87 [46955522421888] INFO perfrun.perfcollector <> - format: mask_vnw config2:3-4 mask:3-4
87 [46955522421888] INFO perfrun.perfcollector <> - format: edge config:18 mask:18
87 [46955522421888] INFO perfrun.perfcollector <> - format: mask_dnid config2:13-17 mask:13-17
87 [46955522421888] INFO perfrun.perfcollector <> - format: mask_rnid30 config2:32-35 mask:32-35
87 [46955522421888] INFO perfrun.perfcollector <> - format: match_vnw config1:3-4 mask:3-4
87 [46955522421888] INFO perfrun.perfcollector <> - format: mask1 config2:32-63 mask:32-63
87 [46955522421888] INFO perfrun.perfcollector <> - format: match1 config1:32-63 mask:32-63
87 [46955522421888] INFO perfrun.perfcollector <> - format: mask_opc config2:5-8 mask:5-8
87 [46955522421888] INFO perfrun.perfcollector <> - format: mask_rnid4 config2:31 mask:31
88 [46955522421888] INFO perfrun.perfcollector <> - format: thresh config:24-31 mask:24-31
88 [46955522421888] INFO perfrun.perfcollector <> - format: inv config:23 mask:23
88 [46955522421888] INFO perfrun.perfcollector <> - format: match_mc config1:9-12 mask:9-12
88 [46955522421888] INFO perfrun.perfcollector <> - format: match_opc config1:5-8 mask:5-8
88 [46955522421888] INFO perfrun.perfcollector <> - format: umask config:8-15 mask:8-15
88 [46955522421888] INFO perfrun.perfcollector <> - format: mask_rds config2:48-51 mask:48-51
88 [46955522421888] INFO perfrun.perfcollector <> - format: mask0 config2:0-31 mask:0-31
88 [46955522421888] INFO perfrun.perfcollector <> - format: match0 config1:0-31 mask:0-31
88 [46955522421888] INFO perfrun.perfcollector <> - hwInfo : PERF_QPI_PMU_DETAILS
88 [46955522421888] INFO perfrun.perfcollector <> - pmu added : family : uncore_qpi , id : 0
88 [46955522421888] INFO perfrun.perfcollector <> - dir found : /sys/bus/event_source/devices/cstate_pkg
88 [46955522421888] INFO perfrun.perfcollector <> - format: event config:0-63 mask:0-63
88 [46955522421888] WARN perfrun.perfcollector <> - pmu hwInfo is not set, at file: vcs/perfrun1/plugins/perfcollector/src/controller.cpp:657
88 [46955522421888] INFO perfrun.perfcollector <> - pmu added : family : cstate_pkg , id : 0
88 [46955522421888] INFO perfrun.perfcollector <> - dir found : /sys/bus/event_source/devices/uprobe
88 [46955522421888] INFO perfrun.perfcollector <> - format: retprobe config:0 mask:0
88 [46955522421888] WARN perfrun.perfcollector <> - pmu hwInfo is not set, at file: vcs/perfrun1/plugins/perfcollector/src/controller.cpp:657
88 [46955522421888] INFO perfrun.perfcollector <> - pmu added : family : uprobe , id : 0
88 [46955522421888] INFO perfrun.perfcollector <> - dir found : /sys/bus/event_source/devices/breakpoint
88 [46955522421888] WARN perfrun.perfcollector <> - format subdir doesn't exist, at file: vcs/perfrun1/plugins/perfcollector/src/controller.cpp:578
88 [46955522421888] WARN perfrun.perfcollector <> - pmu hwInfo is not set, at file: vcs/perfrun1/plugins/perfcollector/src/controller.cpp:657
88 [46955522421888] INFO perfrun.perfcollector <> - pmu added : family : breakpoint , id : 0
88 [46955522421888] INFO perfrun.perfcollector <> - dir found : /sys/bus/event_source/devices/uncore_imc_0
88 [46955522421888] INFO perfrun.perfcollector <> - format: event config:0-7 mask:0-7
88 [46955522421888] INFO perfrun.perfcollector <> - format: edge config:18 mask:18
88 [46955522421888] INFO perfrun.perfcollector <> - format: thresh config:24-31 mask:24-31
89 [46955522421888] INFO perfrun.perfcollector <> - format: inv config:23 mask:23
89 [46955522421888] INFO perfrun.perfcollector <> - format: umask config:8-15 mask:8-15
89 [46955522421888] INFO perfrun.perfcollector <> - hwInfo : PERF_IMC_PMU_DETAILS
89 [46955522421888] INFO perfrun.perfcollector <> - pmu added : family : uncore_imc , id : 0
89 [46955522421888] INFO perfrun.perfcollector <> - dir found : /sys/bus/event_source/devices/uncore_ubox
89 [46955522421888] INFO perfrun.perfcollector <> - format: event config:0-7 mask:0-7
89 [46955522421888] INFO perfrun.perfcollector <> - format: filter_tid config1:0 mask:0
89 [46955522421888] INFO perfrun.perfcollector <> - format: edge config:18 mask:18
89 [46955522421888] INFO perfrun.perfcollector <> - format: thresh config:24-28 mask:24-28
89 [46955522421888] INFO perfrun.perfcollector <> - format: inv config:23 mask:23
89 [46955522421888] INFO perfrun.perfcollector <> - format: filter_cid config1:5 mask:5
89 [46955522421888] INFO perfrun.perfcollector <> - format: umask config:8-15 mask:8-15
89 [46955522421888] WARN perfrun.perfcollector <> - pmu hwInfo is not set, at file: vcs/perfrun1/plugins/perfcollector/src/controller.cpp:657
89 [46955522421888] INFO perfrun.perfcollector <> - pmu added : family : uncore_ubox , id : 0
89 [46955522421888] INFO perfrun.perfcollector <> - dir found : /sys/bus/event_source/devices/uncore_pcu
89 [46955522421888] INFO perfrun.perfcollector <> - format: filter_band1 config1:8-15 mask:8-15
89 [46955522421888] INFO perfrun.perfcollector <> - format: event config:0-7 mask:0-7
89 [46955522421888] INFO perfrun.perfcollector <> - format: edge config:18 mask:18
89 [46955522421888] INFO perfrun.perfcollector <> - format: filter_band2 config1:16-23 mask:16-23
89 [46955522421888] INFO perfrun.perfcollector <> - format: occ_sel config:14-15 mask:14-15
89 [46955522421888] INFO perfrun.perfcollector <> - format: thresh config:24-28 mask:24-28
89 [46955522421888] INFO perfrun.perfcollector <> - format: inv config:23 mask:23
89 [46955522421888] INFO perfrun.perfcollector <> - format: filter_band0 config1:0-7 mask:0-7
89 [46955522421888] INFO perfrun.perfcollector <> - format: occ_edge config:14-51 mask:14-51
89 [46955522421888] INFO perfrun.perfcollector <> - format: occ_invert config:30 mask:30
89 [46955522421888] INFO perfrun.perfcollector <> - format: filter_band3 config1:24-31 mask:24-31
89 [46955522421888] WARN perfrun.perfcollector <> - pmu hwInfo is not set, at file: vcs/perfrun1/plugins/perfcollector/src/controller.cpp:657
89 [46955522421888] INFO perfrun.perfcollector <> - pmu added : family : uncore_pcu , id : 0
89 [46955522421888] INFO perfrun.perfcollector <> - dir found : /sys/bus/event_source/devices/uncore_cbox_1
89 [46955522421888] INFO perfrun.perfcollector <> - format: filter_nc config1:62 mask:62
89 [46955522421888] INFO perfrun.perfcollector <> - format: event config:0-7 mask:0-7
90 [46955522421888] INFO perfrun.perfcollector <> - format: filter_tid config1:0-5 mask:0-5
90 [46955522421888] INFO perfrun.perfcollector <> - format: edge config:18 mask:18
90 [46955522421888] INFO perfrun.perfcollector <> - format: filter_nid config1:32-47 mask:32-47
90 [46955522421888] INFO perfrun.perfcollector <> - format: filter_link config1:6-8 mask:6-8
90 [46955522421888] INFO perfrun.perfcollector <> - format: filter_state config1:17-23 mask:17-23
90 [46955522421888] INFO perfrun.perfcollector <> - format: filter_isoc config1:63 mask:63
90 [46955522421888] INFO perfrun.perfcollector <> - format: tid_en config:19 mask:19
90 [46955522421888] INFO perfrun.perfcollector <> - format: thresh config:24-31 mask:24-31
90 [46955522421888] INFO perfrun.perfcollector <> - format: umask config:8-15 mask:8-15
90 [46955522421888] INFO perfrun.perfcollector <> - format: filter_opc config1:52-60 mask:52-60
90 [46955522421888] INFO perfrun.perfcollector <> - format: filter_c6 config1:61 mask:61
90 [46955522421888] WARN perfrun.perfcollector <> - pmu hwInfo is not set, at file: vcs/perfrun1/plugins/perfcollector/src/controller.cpp:657
90 [46955522421888] INFO perfrun.perfcollector <> - pmu added : family : uncore_cbox , id : 1
90 [46955522421888] INFO perfrun.perfcollector <> - dir found : /sys/bus/event_source/devices/uncore_r3qpi_0
90 [46955522421888] INFO perfrun.perfcollector <> - format: event config:0-7 mask:0-7
90 [46955522421888] INFO perfrun.perfcollector <> - format: edge config:18 mask:18
90 [46955522421888] INFO perfrun.perfcollector <> - format: thresh config:24-31 mask:24-31
90 [46955522421888] INFO perfrun.perfcollector <> - format: inv config:23 mask:23
90 [46955522421888] INFO perfrun.perfcollector <> - format: umask config:8-15 mask:8-15
90 [46955522421888] WARN perfrun.perfcollector <> - pmu hwInfo is not set, at file: vcs/perfrun1/plugins/perfcollector/src/controller.cpp:657
90 [46955522421888] INFO perfrun.perfcollector <> - pmu added : family : uncore_r3qpi , id : 0
90 [46955522421888] INFO perfrun.perfcollector <> - dir found : /sys/bus/event_source/devices/uncore_cbox_13
90 [46955522421888] INFO perfrun.perfcollector <> - format: filter_nc config1:62 mask:62
90 [46955522421888] INFO perfrun.perfcollector <> - format: event config:0-7 mask:0-7
90 [46955522421888] INFO perfrun.perfcollector <> - format: filter_tid config1:0-5 mask:0-5
90 [46955522421888] INFO perfrun.perfcollector <> - format: edge config:18 mask:18
90 [46955522421888] INFO perfrun.perfcollector <> - format: filter_nid config1:32-47 mask:32-47
90 [46955522421888] INFO perfrun.perfcollector <> - format: filter_link config1:6-8 mask:6-8
90 [46955522421888] INFO perfrun.perfcollector <> - format: filter_state config1:17-23 mask:17-23
90 [46955522421888] INFO perfrun.perfcollector <> - format: filter_isoc config1:63 mask:63
90 [46955522421888] INFO perfrun.perfcollector <> - format: tid_en config:19 mask:19
91 [46955522421888] INFO perfrun.perfcollector <> - format: thresh config:24-31 mask:24-31
91 [46955522421888] INFO perfrun.perfcollector <> - format: umask config:8-15 mask:8-15
91 [46955522421888] INFO perfrun.perfcollector <> - format: filter_opc config1:52-60 mask:52-60
91 [46955522421888] INFO perfrun.perfcollector <> - format: filter_c6 config1:61 mask:61
91 [46955522421888] WARN perfrun.perfcollector <> - pmu hwInfo is not set, at file: vcs/perfrun1/plugins/perfcollector/src/controller.cpp:657
91 [46955522421888] INFO perfrun.perfcollector <> - pmu added : family : uncore_cbox , id : 13
91 [46955522421888] INFO perfrun.perfcollector <> - dir found : /sys/bus/event_source/devices/power
91 [46955522421888] INFO perfrun.perfcollector <> - format: event config:0-7 mask:0-7
91 [46955522421888] WARN perfrun.perfcollector <> - pmu hwInfo is not set, at file: vcs/perfrun1/plugins/perfcollector/src/controller.cpp:657
91 [46955522421888] INFO perfrun.perfcollector <> - pmu added : family : power , id : 0
91 [46955522421888] INFO perfrun.perfcollector <> - dir found : /sys/bus/event_source/devices/cpu
91 [46955522421888] INFO perfrun.perfcollector <> - format: cmask config:24-31 mask:24-31
91 [46955522421888] INFO perfrun.perfcollector <> - format: pc config:19 mask:19
91 [46955522421888] INFO perfrun.perfcollector <> - format: event config:0-7 mask:0-7
91 [46955522421888] INFO perfrun.perfcollector <> - format: edge config:18 mask:18
91 [46955522421888] INFO perfrun.perfcollector <> - format: in_tx config:32 mask:32
91 [46955522421888] INFO perfrun.perfcollector <> - format: any config:21 mask:21
91 [46955522421888] INFO perfrun.perfcollector <> - format: ldlat config1:0-15 mask:0-15
91 [46955522421888] INFO perfrun.perfcollector <> - format: inv config:23 mask:23
91 [46955522421888] INFO perfrun.perfcollector <> - format: umask config:8-15 mask:8-15
91 [46955522421888] INFO perfrun.perfcollector <> - format: in_tx_cp config:33 mask:33
91 [46955522421888] INFO perfrun.perfcollector <> - format: offcore_rsp config1:0-63 mask:0-63
91 [46955522421888] INFO perfrun.perfcollector <> - hwInfo : PERF_CPU_PMU_DETAILS
91 [46955522421888] INFO perfrun.perfcollector <> - pmu added : family : cpu , id : 0
91 [46955522421888] INFO perfrun.perfcollector <> - dir found : /sys/bus/event_source/devices/uncore_cbox_11
91 [46955522421888] INFO perfrun.perfcollector <> - format: filter_nc config1:62 mask:62
91 [46955522421888] INFO perfrun.perfcollector <> - format: event config:0-7 mask:0-7
91 [46955522421888] INFO perfrun.perfcollector <> - format: filter_tid config1:0-5 mask:0-5
91 [46955522421888] INFO perfrun.perfcollector <> - format: edge config:18 mask:18
91 [46955522421888] INFO perfrun.perfcollector <> - format: filter_nid config1:32-47 mask:32-47
91 [46955522421888] INFO perfrun.perfcollector <> - format: filter_link config1:6-8 mask:6-8
91 [46955522421888] INFO perfrun.perfcollector <> - format: filter_state config1:17-23 mask:17-23
92 [46955522421888] INFO perfrun.perfcollector <> - format: filter_isoc config1:63 mask:63
92 [46955522421888] INFO perfrun.perfcollector <> - format: tid_en config:19 mask:19
92 [46955522421888] INFO perfrun.perfcollector <> - format: thresh config:24-31 mask:24-31
92 [46955522421888] INFO perfrun.perfcollector <> - format: umask config:8-15 mask:8-15
92 [46955522421888] INFO perfrun.perfcollector <> - format: filter_opc config1:52-60 mask:52-60
92 [46955522421888] INFO perfrun.perfcollector <> - format: filter_c6 config1:61 mask:61
92 [46955522421888] WARN perfrun.perfcollector <> - pmu hwInfo is not set, at file: vcs/perfrun1/plugins/perfcollector/src/controller.cpp:657
92 [46955522421888] INFO perfrun.perfcollector <> - pmu added : family : uncore_cbox , id : 11
92 [46955522421888] INFO perfrun.perfcollector <> - dir found : /sys/bus/event_source/devices/uncore_cbox_8
92 [46955522421888] INFO perfrun.perfcollector <> - format: filter_nc config1:62 mask:62
92 [46955522421888] INFO perfrun.perfcollector <> - format: event config:0-7 mask:0-7
92 [46955522421888] INFO perfrun.perfcollector <> - format: filter_tid config1:0-5 mask:0-5
92 [46955522421888] INFO perfrun.perfcollector <> - format: edge config:18 mask:18
92 [46955522421888] INFO perfrun.perfcollector <> - format: filter_nid config1:32-47 mask:32-47
92 [46955522421888] INFO perfrun.perfcollector <> - format: filter_link config1:6-8 mask:6-8
92 [46955522421888] INFO perfrun.perfcollector <> - format: filter_state config1:17-23 mask:17-23
92 [46955522421888] INFO perfrun.perfcollector <> - format: filter_isoc config1:63 mask:63
92 [46955522421888] INFO perfrun.perfcollector <> - format: tid_en config:19 mask:19
92 [46955522421888] INFO perfrun.perfcollector <> - format: thresh config:24-31 mask:24-31
92 [46955522421888] INFO perfrun.perfcollector <> - format: umask config:8-15 mask:8-15
92 [46955522421888] INFO perfrun.perfcollector <> - format: filter_opc config1:52-60 mask:52-60
92 [46955522421888] INFO perfrun.perfcollector <> - format: filter_c6 config1:61 mask:61
92 [46955522421888] WARN perfrun.perfcollector <> - pmu hwInfo is not set, at file: vcs/perfrun1/plugins/perfcollector/src/controller.cpp:657
92 [46955522421888] INFO perfrun.perfcollector <> - pmu added : family : uncore_cbox , id : 8
92 [46955522421888] INFO perfrun.perfcollector <> - dir found : /sys/bus/event_source/devices/uncore_imc_5
92 [46955522421888] INFO perfrun.perfcollector <> - format: event config:0-7 mask:0-7
92 [46955522421888] INFO perfrun.perfcollector <> - format: edge config:18 mask:18
92 [46955522421888] INFO perfrun.perfcollector <> - format: thresh config:24-31 mask:24-31
92 [46955522421888] INFO perfrun.perfcollector <> - format: inv config:23 mask:23
92 [46955522421888] INFO perfrun.perfcollector <> - format: umask config:8-15 mask:8-15
92 [46955522421888] INFO perfrun.perfcollector <> - hwInfo : PERF_IMC_PMU_DETAILS
92 [46955522421888] INFO perfrun.perfcollector <> - pmu added : family : uncore_imc , id : 5
92 [46955522421888] INFO perfrun.perfcollector <> - dir found : /sys/bus/event_source/devices/uncore_sbox_2
93 [46955522421888] INFO perfrun.perfcollector <> - format: event config:0-7 mask:0-7
93 [46955522421888] INFO perfrun.perfcollector <> - format: edge config:18 mask:18
93 [46955522421888] INFO perfrun.perfcollector <> - format: tid_en config:19 mask:19
93 [46955522421888] INFO perfrun.perfcollector <> - format: thresh config:24-31 mask:24-31
93 [46955522421888] INFO perfrun.perfcollector <> - format: inv config:23 mask:23
93 [46955522421888] INFO perfrun.perfcollector <> - format: umask config:8-15 mask:8-15
93 [46955522421888] WARN perfrun.perfcollector <> - pmu hwInfo is not set, at file: vcs/perfrun1/plugins/perfcollector/src/controller.cpp:657
93 [46955522421888] INFO perfrun.perfcollector <> - pmu added : family : uncore_sbox , id : 2
93 [46955522421888] INFO perfrun.perfcollector <> - dir found : /sys/bus/event_source/devices/software
93 [46955522421888] WARN perfrun.perfcollector <> - format subdir doesn't exist, at file: vcs/perfrun1/plugins/perfcollector/src/controller.cpp:578
93 [46955522421888] WARN perfrun.perfcollector <> - pmu hwInfo is not set, at file: vcs/perfrun1/plugins/perfcollector/src/controller.cpp:657
93 [46955522421888] INFO perfrun.perfcollector <> - pmu added : family : software , id : 0
93 [46955522421888] INFO perfrun.perfcollector <> - dir found : /sys/bus/event_source/devices/kprobe
93 [46955522421888] INFO perfrun.perfcollector <> - format: retprobe config:0 mask:0
93 [46955522421888] WARN perfrun.perfcollector <> - pmu hwInfo is not set, at file: vcs/perfrun1/plugins/perfcollector/src/controller.cpp:657
96 [46955522421888] INFO perfrun.perfcollector <> - pmu added : family : kprobe , id : 0
96 [46955522421888] INFO perfrun.perfcollector <> - dir found : /sys/bus/event_source/devices/uncore_cbox_6
96 [46955522421888] INFO perfrun.perfcollector <> - format: filter_nc config1:62 mask:62
96 [46955522421888] INFO perfrun.perfcollector <> - format: event config:0-7 mask:0-7
96 [46955522421888] INFO perfrun.perfcollector <> - format: filter_tid config1:0-5 mask:0-5
96 [46955522421888] INFO perfrun.perfcollector <> - format: edge config:18 mask:18
96 [46955522421888] INFO perfrun.perfcollector <> - format: filter_nid config1:32-47 mask:32-47
96 [46955522421888] INFO perfrun.perfcollector <> - format: filter_link config1:6-8 mask:6-8
96 [46955522421888] INFO perfrun.perfcollector <> - format: filter_state config1:17-23 mask:17-23
96 [46955522421888] INFO perfrun.perfcollector <> - format: filter_isoc config1:63 mask:63
96 [46955522421888] INFO perfrun.perfcollector <> - format: tid_en config:19 mask:19
96 [46955522421888] INFO perfrun.perfcollector <> - format: thresh config:24-31 mask:24-31
96 [46955522421888] INFO perfrun.perfcollector <> - format: umask config:8-15 mask:8-15
96 [46955522421888] INFO perfrun.perfcollector <> - format: filter_opc config1:52-60 mask:52-60
96 [46955522421888] INFO perfrun.perfcollector <> - format: filter_c6 config1:61 mask:61
96 [46955522421888] WARN perfrun.perfcollector <> - pmu hwInfo is not set, at file: vcs/perfrun1/plugins/perfcollector/src/controller.cpp:657
96 [46955522421888] INFO perfrun.perfcollector <> - pmu added : family : uncore_cbox , id : 6
96 [46955522421888] INFO perfrun.perfcollector <> - dir found : /sys/bus/event_source/devices/uncore_ha_1
96 [46955522421888] INFO perfrun.perfcollector <> - format: event config:0-7 mask:0-7
96 [46955522421888] INFO perfrun.perfcollector <> - format: edge config:18 mask:18
96 [46955522421888] INFO perfrun.perfcollector <> - format: thresh config:24-31 mask:24-31
96 [46955522421888] INFO perfrun.perfcollector <> - format: inv config:23 mask:23
96 [46955522421888] INFO perfrun.perfcollector <> - format: umask config:8-15 mask:8-15
96 [46955522421888] WARN perfrun.perfcollector <> - pmu hwInfo is not set, at file: vcs/perfrun1/plugins/perfcollector/src/controller.cpp:657
96 [46955522421888] INFO perfrun.perfcollector <> - pmu added : family : uncore_ha , id : 1
96 [46955522421888] INFO perfrun.perfcollector <> - dir found : /sys/bus/event_source/devices/uncore_r2pcie
97 [46955522421888] INFO perfrun.perfcollector <> - format: event config:0-7 mask:0-7
97 [46955522421888] INFO perfrun.perfcollector <> - format: edge config:18 mask:18
97 [46955522421888] INFO perfrun.perfcollector <> - format: thresh config:24-31 mask:24-31
97 [46955522421888] INFO perfrun.perfcollector <> - format: inv config:23 mask:23
97 [46955522421888] INFO perfrun.perfcollector <> - format: umask config:8-15 mask:8-15
97 [46955522421888] WARN perfrun.perfcollector <> - pmu hwInfo is not set, at file: vcs/perfrun1/plugins/perfcollector/src/controller.cpp:657
97 [46955522421888] INFO perfrun.perfcollector <> - pmu added : family : uncore_r2pcie , id : 0
97 [46955522421888] INFO perfrun.perfcollector <> - dir found : /sys/bus/event_source/devices/uncore_sbox_0
97 [46955522421888] INFO perfrun.perfcollector <> - format: event config:0-7 mask:0-7
97 [46955522421888] INFO perfrun.perfcollector <> - format: edge config:18 mask:18
97 [46955522421888] INFO perfrun.perfcollector <> - format: tid_en config:19 mask:19
97 [46955522421888] INFO perfrun.perfcollector <> - format: thresh config:24-31 mask:24-31
97 [46955522421888] INFO perfrun.perfcollector <> - format: inv config:23 mask:23
97 [46955522421888] INFO perfrun.perfcollector <> - format: umask config:8-15 mask:8-15
97 [46955522421888] WARN perfrun.perfcollector <> - pmu hwInfo is not set, at file: vcs/perfrun1/plugins/perfcollector/src/controller.cpp:657
97 [46955522421888] INFO perfrun.perfcollector <> - pmu added : family : uncore_sbox , id : 0
97 [46955522421888] INFO perfrun.perfcollector <> - dir found : /sys/bus/event_source/devices/uncore_cbox_4
97 [46955522421888] INFO perfrun.perfcollector <> - format: filter_nc config1:62 mask:62
97 [46955522421888] INFO perfrun.perfcollector <> - format: event config:0-7 mask:0-7
97 [46955522421888] INFO perfrun.perfcollector <> - format: filter_tid config1:0-5 mask:0-5
97 [46955522421888] INFO perfrun.perfcollector <> - format: edge config:18 mask:18
97 [46955522421888] INFO perfrun.perfcollector <> - format: filter_nid config1:32-47 mask:32-47
97 [46955522421888] INFO perfrun.perfcollector <> - format: filter_link config1:6-8 mask:6-8
97 [46955522421888] INFO perfrun.perfcollector <> - format: filter_state config1:17-23 mask:17-23
97 [46955522421888] INFO perfrun.perfcollector <> - format: filter_isoc config1:63 mask:63
97 [46955522421888] INFO perfrun.perfcollector <> - format: tid_en config:19 mask:19
97 [46955522421888] INFO perfrun.perfcollector <> - format: thresh config:24-31 mask:24-31
97 [46955522421888] INFO perfrun.perfcollector <> - format: umask config:8-15 mask:8-15
97 [46955522421888] INFO perfrun.perfcollector <> - format: filter_opc config1:52-60 mask:52-60
97 [46955522421888] INFO perfrun.perfcollector <> - format: filter_c6 config1:61 mask:61
97 [46955522421888] WARN perfrun.perfcollector <> - pmu hwInfo is not set, at file: vcs/perfrun1/plugins/perfcollector/src/controller.cpp:657
98 [46955522421888] INFO perfrun.perfcollector <> - pmu added : family : uncore_cbox , id : 4
98 [46955522421888] INFO perfrun.perfcollector <> - dir found : /sys/bus/event_source/devices/uncore_qpi_1
98 [46955522421888] INFO perfrun.perfcollector <> - format: match_rds config1:48-51 mask:48-51
98 [46955522421888] INFO perfrun.perfcollector <> - format: match_dnid config1:13-17 mask:13-17
98 [46955522421888] INFO perfrun.perfcollector <> - format: match_rnid30 config1:32-35 mask:32-35
98 [46955522421888] INFO perfrun.perfcollector <> - format: match_rnid4 config1:31 mask:31
98 [46955522421888] INFO perfrun.perfcollector <> - format: event config:0-7,21 mask:0-7,21
98 [46955522421888] INFO perfrun.perfcollector <> - format: mask_mc config2:9-12 mask:9-12
98 [46955522421888] INFO perfrun.perfcollector <> - format: mask_vnw config2:3-4 mask:3-4
98 [46955522421888] INFO perfrun.perfcollector <> - format: edge config:18 mask:18
98 [46955522421888] INFO perfrun.perfcollector <> - format: mask_dnid config2:13-17 mask:13-17
98 [46955522421888] INFO perfrun.perfcollector <> - format: mask_rnid30 config2:32-35 mask:32-35
98 [46955522421888] INFO perfrun.perfcollector <> - format: match_vnw config1:3-4 mask:3-4
98 [46955522421888] INFO perfrun.perfcollector <> - format: mask1 config2:32-63 mask:32-63
98 [46955522421888] INFO perfrun.perfcollector <> - format: match1 config1:32-63 mask:32-63
98 [46955522421888] INFO perfrun.perfcollector <> - format: mask_opc config2:5-8 mask:5-8
98 [46955522421888] INFO perfrun.perfcollector <> - format: mask_rnid4 config2:31 mask:31
98 [46955522421888] INFO perfrun.perfcollector <> - format: thresh config:24-31 mask:24-31
98 [46955522421888] INFO perfrun.perfcollector <> - format: inv config:23 mask:23
98 [46955522421888] INFO perfrun.perfcollector <> - format: match_mc config1:9-12 mask:9-12
98 [46955522421888] INFO perfrun.perfcollector <> - format: match_opc config1:5-8 mask:5-8
98 [46955522421888] INFO perfrun.perfcollector <> - format: umask config:8-15 mask:8-15
98 [46955522421888] INFO perfrun.perfcollector <> - format: mask_rds config2:48-51 mask:48-51
98 [46955522421888] INFO perfrun.perfcollector <> - format: mask0 config2:0-31 mask:0-31
98 [46955522421888] INFO perfrun.perfcollector <> - format: match0 config1:0-31 mask:0-31
98 [46955522421888] INFO perfrun.perfcollector <> - hwInfo : PERF_QPI_PMU_DETAILS
98 [46955522421888] INFO perfrun.perfcollector <> - pmu added : family : uncore_qpi , id : 1
98 [46955522421888] INFO perfrun.perfcollector <> - dir found : /sys/bus/event_source/devices/uncore_imc_1
98 [46955522421888] INFO perfrun.perfcollector <> - format: event config:0-7 mask:0-7
98 [46955522421888] INFO perfrun.perfcollector <> - format: edge config:18 mask:18
99 [46955522421888] INFO perfrun.perfcollector <> - format: thresh config:24-31 mask:24-31
99 [46955522421888] INFO perfrun.perfcollector <> - format: inv config:23 mask:23
99 [46955522421888] INFO perfrun.perfcollector <> - format: umask config:8-15 mask:8-15
99 [46955522421888] INFO perfrun.perfcollector <> - hwInfo : PERF_IMC_PMU_DETAILS
99 [46955522421888] INFO perfrun.perfcollector <> - pmu added : family : uncore_imc , id : 1
99 [46955522421888] INFO perfrun.perfcollector <> - dir found : /sys/bus/event_source/devices/uncore_cbox_2
99 [46955522421888] INFO perfrun.perfcollector <> - format: filter_nc config1:62 mask:62
99 [46955522421888] INFO perfrun.perfcollector <> - format: event config:0-7 mask:0-7
99 [46955522421888] INFO perfrun.perfcollector <> - format: filter_tid config1:0-5 mask:0-5
99 [46955522421888] INFO perfrun.perfcollector <> - format: edge config:18 mask:18
99 [46955522421888] INFO perfrun.perfcollector <> - format: filter_nid config1:32-47 mask:32-47
99 [46955522421888] INFO perfrun.perfcollector <> - format: filter_link config1:6-8 mask:6-8
99 [46955522421888] INFO perfrun.perfcollector <> - format: filter_state config1:17-23 mask:17-23
99 [46955522421888] INFO perfrun.perfcollector <> - format: filter_isoc config1:63 mask:63
99 [46955522421888] INFO perfrun.perfcollector <> - format: tid_en config:19 mask:19
99 [46955522421888] INFO perfrun.perfcollector <> - format: thresh config:24-31 mask:24-31
99 [46955522421888] INFO perfrun.perfcollector <> - format: umask config:8-15 mask:8-15
99 [46955522421888] INFO perfrun.perfcollector <> - format: filter_opc config1:52-60 mask:52-60
99 [46955522421888] INFO perfrun.perfcollector <> - format: filter_c6 config1:61 mask:61
99 [46955522421888] WARN perfrun.perfcollector <> - pmu hwInfo is not set, at file: vcs/perfrun1/plugins/perfcollector/src/controller.cpp:657
99 [46955522421888] INFO perfrun.perfcollector <> - pmu added : family : uncore_cbox , id : 2
99 [46955522421888] INFO perfrun.perfcollector <> - dir found : /sys/bus/event_source/devices/uncore_r3qpi_1
99 [46955522421888] INFO perfrun.perfcollector <> - format: event config:0-7 mask:0-7
99 [46955522421888] INFO perfrun.perfcollector <> - format: edge config:18 mask:18
99 [46955522421888] INFO perfrun.perfcollector <> - format: thresh config:24-31 mask:24-31
99 [46955522421888] INFO perfrun.perfcollector <> - format: inv config:23 mask:23
99 [46955522421888] INFO perfrun.perfcollector <> - format: umask config:8-15 mask:8-15
99 [46955522421888] WARN perfrun.perfcollector <> - pmu hwInfo is not set, at file: vcs/perfrun1/plugins/perfcollector/src/controller.cpp:657
99 [46955522421888] INFO perfrun.perfcollector <> - pmu added : family : uncore_r3qpi , id : 1
99 [46955522421888] INFO perfrun.perfcollector <> - dir found : /sys/bus/event_source/devices/uncore_cbox_0
99 [46955522421888] INFO perfrun.perfcollector <> - format: filter_nc config1:62 mask:62
100 [46955522421888] INFO perfrun.perfcollector <> - format: event config:0-7 mask:0-7
100 [46955522421888] INFO perfrun.perfcollector <> - format: filter_tid config1:0-5 mask:0-5
100 [46955522421888] INFO perfrun.perfcollector <> - format: edge config:18 mask:18
100 [46955522421888] INFO perfrun.perfcollector <> - format: filter_nid config1:32-47 mask:32-47
100 [46955522421888] INFO perfrun.perfcollector <> - format: filter_link config1:6-8 mask:6-8
100 [46955522421888] INFO perfrun.perfcollector <> - format: filter_state config1:17-23 mask:17-23
100 [46955522421888] INFO perfrun.perfcollector <> - format: filter_isoc config1:63 mask:63
100 [46955522421888] INFO perfrun.perfcollector <> - format: tid_en config:19 mask:19
100 [46955522421888] INFO perfrun.perfcollector <> - format: thresh config:24-31 mask:24-31
100 [46955522421888] INFO perfrun.perfcollector <> - format: umask config:8-15 mask:8-15
100 [46955522421888] INFO perfrun.perfcollector <> - format: filter_opc config1:52-60 mask:52-60
100 [46955522421888] INFO perfrun.perfcollector <> - format: filter_c6 config1:61 mask:61
100 [46955522421888] WARN perfrun.perfcollector <> - pmu hwInfo is not set, at file: vcs/perfrun1/plugins/perfcollector/src/controller.cpp:657
100 [46955522421888] INFO perfrun.perfcollector <> - pmu added : family : uncore_cbox , id : 0
100 [46955522421888] INFO perfrun.perfcollector <> - dir found : /sys/bus/event_source/devices/cstate_core
100 [46955522421888] INFO perfrun.perfcollector <> - format: event config:0-63 mask:0-63
100 [46955522421888] WARN perfrun.perfcollector <> - pmu hwInfo is not set, at file: vcs/perfrun1/plugins/perfcollector/src/controller.cpp:657
100 [46955522421888] INFO perfrun.perfcollector <> - pmu added : family : cstate_core , id : 0
100 [46955522421888] INFO perfrun.perfcollector <> - dir found : /sys/bus/event_source/devices/uncore_cbox_12
100 [46955522421888] INFO perfrun.perfcollector <> - format: filter_nc config1:62 mask:62
100 [46955522421888] INFO perfrun.perfcollector <> - format: event config:0-7 mask:0-7
100 [46955522421888] INFO perfrun.perfcollector <> - format: filter_tid config1:0-5 mask:0-5
100 [46955522421888] INFO perfrun.perfcollector <> - format: edge config:18 mask:18
100 [46955522421888] INFO perfrun.perfcollector <> - format: filter_nid config1:32-47 mask:32-47
100 [46955522421888] INFO perfrun.perfcollector <> - format: filter_link config1:6-8 mask:6-8
100 [46955522421888] INFO perfrun.perfcollector <> - format: filter_state config1:17-23 mask:17-23
100 [46955522421888] INFO perfrun.perfcollector <> - format: filter_isoc config1:63 mask:63
100 [46955522421888] INFO perfrun.perfcollector <> - format: tid_en config:19 mask:19
100 [46955522421888] INFO perfrun.perfcollector <> - format: thresh config:24-31 mask:24-31
100 [46955522421888] INFO perfrun.perfcollector <> - format: umask config:8-15 mask:8-15
101 [46955522421888] INFO perfrun.perfcollector <> - format: filter_opc config1:52-60 mask:52-60
101 [46955522421888] INFO perfrun.perfcollector <> - format: filter_c6 config1:61 mask:61
101 [46955522421888] WARN perfrun.perfcollector <> - pmu hwInfo is not set, at file: vcs/perfrun1/plugins/perfcollector/src/controller.cpp:657
101 [46955522421888] INFO perfrun.perfcollector <> - pmu added : family : uncore_cbox , id : 12
101 [46955522421888] INFO perfrun.perfcollector <> - dir found : /sys/bus/event_source/devices/tracepoint
101 [46955522421888] WARN perfrun.perfcollector <> - format subdir doesn't exist, at file: vcs/perfrun1/plugins/perfcollector/src/controller.cpp:578
101 [46955522421888] WARN perfrun.perfcollector <> - pmu hwInfo is not set, at file: vcs/perfrun1/plugins/perfcollector/src/controller.cpp:657
101 [46955522421888] INFO perfrun.perfcollector <> - pmu added : family : tracepoint , id : 0
101 [46955522421888] INFO perfrun.perfcollector <> - dir found : /sys/bus/event_source/devices/uncore_cbox_9
101 [46955522421888] INFO perfrun.perfcollector <> - format: filter_nc config1:62 mask:62
101 [46955522421888] INFO perfrun.perfcollector <> - format: event config:0-7 mask:0-7
101 [46955522421888] INFO perfrun.perfcollector <> - format: filter_tid config1:0-5 mask:0-5
101 [46955522421888] INFO perfrun.perfcollector <> - format: edge config:18 mask:18
101 [46955522421888] INFO perfrun.perfcollector <> - format: filter_nid config1:32-47 mask:32-47
101 [46955522421888] INFO perfrun.perfcollector <> - format: filter_link config1:6-8 mask:6-8
101 [46955522421888] INFO perfrun.perfcollector <> - format: filter_state config1:17-23 mask:17-23
101 [46955522421888] INFO perfrun.perfcollector <> - format: filter_isoc config1:63 mask:63
101 [46955522421888] INFO perfrun.perfcollector <> - format: tid_en config:19 mask:19
101 [46955522421888] INFO perfrun.perfcollector <> - format: thresh config:24-31 mask:24-31
101 [46955522421888] INFO perfrun.perfcollector <> - format: umask config:8-15 mask:8-15
101 [46955522421888] INFO perfrun.perfcollector <> - format: filter_opc config1:52-60 mask:52-60
101 [46955522421888] INFO perfrun.perfcollector <> - format: filter_c6 config1:61 mask:61
101 [46955522421888] WARN perfrun.perfcollector <> - pmu hwInfo is not set, at file: vcs/perfrun1/plugins/perfcollector/src/controller.cpp:657
101 [46955522421888] INFO perfrun.perfcollector <> - pmu added : family : uncore_cbox , id : 9
101 [46955522421888] INFO perfrun.perfcollector <> - dir found : /sys/bus/event_source/devices/msr
101 [46955522421888] INFO perfrun.perfcollector <> - format: event config:0-63 mask:0-63
101 [46955522421888] WARN perfrun.perfcollector <> - pmu hwInfo is not set, at file: vcs/perfrun1/plugins/perfcollector/src/controller.cpp:657
101 [46955522421888] INFO perfrun.perfcollector <> - pmu added : family : msr , id : 0
101 [46955522421888] INFO perfrun.perfcollector <> - dir found : /sys/bus/event_source/devices/uncore_cbox_10
101 [46955522421888] INFO perfrun.perfcollector <> - format: filter_nc config1:62 mask:62
101 [46955522421888] INFO perfrun.perfcollector <> - format: event config:0-7 mask:0-7
101 [46955522421888] INFO perfrun.perfcollector <> - format: filter_tid config1:0-5 mask:0-5
101 [46955522421888] INFO perfrun.perfcollector <> - format: edge config:18 mask:18
102 [46955522421888] INFO perfrun.perfcollector <> - format: filter_nid config1:32-47 mask:32-47
102 [46955522421888] INFO perfrun.perfcollector <> - format: filter_link config1:6-8 mask:6-8
102 [46955522421888] INFO perfrun.perfcollector <> - format: filter_state config1:17-23 mask:17-23
102 [46955522421888] INFO perfrun.perfcollector <> - format: filter_isoc config1:63 mask:63
102 [46955522421888] INFO perfrun.perfcollector <> - format: tid_en config:19 mask:19
102 [46955522421888] INFO perfrun.perfcollector <> - format: thresh config:24-31 mask:24-31
102 [46955522421888] INFO perfrun.perfcollector <> - format: umask config:8-15 mask:8-15
102 [46955522421888] INFO perfrun.perfcollector <> - format: filter_opc config1:52-60 mask:52-60
102 [46955522421888] INFO perfrun.perfcollector <> - format: filter_c6 config1:61 mask:61
102 [46955522421888] WARN perfrun.perfcollector <> - pmu hwInfo is not set, at file: vcs/perfrun1/plugins/perfcollector/src/controller.cpp:657
102 [46955522421888] INFO perfrun.perfcollector <> - pmu added : family : uncore_cbox , id : 10
102 [46955522421888] INFO perfrun.perfcollector <> - dir found : /sys/bus/event_source/devices/uncore_sbox_3
102 [46955522421888] INFO perfrun.perfcollector <> - format: event config:0-7 mask:0-7
102 [46955522421888] INFO perfrun.perfcollector <> - format: edge config:18 mask:18
102 [46955522421888] INFO perfrun.perfcollector <> - format: tid_en config:19 mask:19
102 [46955522421888] INFO perfrun.perfcollector <> - format: thresh config:24-31 mask:24-31
102 [46955522421888] INFO perfrun.perfcollector <> - format: inv config:23 mask:23
102 [46955522421888] INFO perfrun.perfcollector <> - format: umask config:8-15 mask:8-15
102 [46955522421888] WARN perfrun.perfcollector <> - pmu hwInfo is not set, at file: vcs/perfrun1/plugins/perfcollector/src/controller.cpp:657
102 [46955522421888] INFO perfrun.perfcollector <> - pmu added : family : uncore_sbox , id : 3
102 [46955522421888] INFO perfrun.perfcollector <> - dir found : /sys/bus/event_source/devices/uncore_cbox_7
102 [46955522421888] INFO perfrun.perfcollector <> - format: filter_nc config1:62 mask:62
102 [46955522421888] INFO perfrun.perfcollector <> - format: event config:0-7 mask:0-7
102 [46955522421888] INFO perfrun.perfcollector <> - format: filter_tid config1:0-5 mask:0-5
102 [46955522421888] INFO perfrun.perfcollector <> - format: edge config:18 mask:18
102 [46955522421888] INFO perfrun.perfcollector <> - format: filter_nid config1:32-47 mask:32-47
102 [46955522421888] INFO perfrun.perfcollector <> - format: filter_link config1:6-8 mask:6-8
102 [46955522421888] INFO perfrun.perfcollector <> - format: filter_state config1:17-23 mask:17-23
102 [46955522421888] INFO perfrun.perfcollector <> - format: filter_isoc config1:63 mask:63
102 [46955522421888] INFO perfrun.perfcollector <> - format: tid_en config:19 mask:19
102 [46955522421888] INFO perfrun.perfcollector <> - format: thresh config:24-31 mask:24-31
103 [46955522421888] INFO perfrun.perfcollector <> - format: umask config:8-15 mask:8-15
103 [46955522421888] INFO perfrun.perfcollector <> - format: filter_opc config1:52-60 mask:52-60
103 [46955522421888] INFO perfrun.perfcollector <> - format: filter_c6 config1:61 mask:61
103 [46955522421888] WARN perfrun.perfcollector <> - pmu hwInfo is not set, at file: vcs/perfrun1/plugins/perfcollector/src/controller.cpp:657
103 [46955522421888] INFO perfrun.perfcollector <> - pmu added : family : uncore_cbox , id : 7
103 [46955522421888] INFO perfrun.launcher <> - plugin perf has been added successfully
103 [46955522421888] INFO perfrun.launcher <> - plugin tpss has been added successfully
111 [46955522421888] INFO perfrun.launcher <> - plugin cuscol has been added successfully
112 [46955522421888] INFO perfrun.launcher <> - plugin exprof has been added successfully
112 [46955522421888] INFO perfrun.launcher <> - plugin dpdk has been added successfully
112 [46955522421888] INFO perfrun.launcher <> - plugin media has been added successfully
112 [46955522421888] INFO perfrun.launcher <> - plugin commcollector has been added successfully
112 [46955522421888] INFO perfrun.launcher <> - plugin cve has been added successfully
112 [46955522421888] INFO perfrun.launcher <> - the option was added --interval: Specify an interval of data collection (for example, sampling) in milliseconds.
112 [46955522421888] INFO perfrun.launcher <> - the option was added --follow-child: Profile process with or without children.
112 [46955522421888] INFO perfrun.launcher <> - the option was added --gelding: BADMSG: perfrun1.launcher.plugin_manager::gelding
112 [46955522421888] INFO perfrun.launcher <> - the option was added --time-source: Specify time source for measurement. Possible values: sys - wall clock time; tsc - time stamp counter; ext - time from an external source; auto - auto select accurate time source.
112 [46955522421888] INFO perfrun.launcher <> - the option was added --stack: Enable or disable collection of stacks.
112 [46955522421888] INFO perfrun.launcher <> - the option was added --stack-stitching: Enable or disable the stack stitching algorithm for Intel TBB-based applications.
112 [46955522421888] INFO perfrun.launcher <> - the option was added --type: Specify type of data to be collected. For example, --type cpu:counters,waiting:nostack,io.
112 [46955522421888] INFO perfrun.launcher <> - the option was added --mrte-mode: Specify Java/.NET/other managed runtime collection mode. Possible values: native - collect information only for native code; managed - collect information only for managed code; mixed - collect information for both managed and native code; auto - choose the mode based on binary type.
112 [46955522421888] INFO perfrun.launcher <> - the option was added --mrte-mode-list: List supported Java/.NET/other managed runtime collection modes.
112 [46955522421888] INFO perfrun.launcher <> - the option was added --mrte-type: Specify which managed runtimes to collect. Possible values: java - collect information for Java; dotnet - collect information for .NET; python - collect information for CPython. You can specify several values separated by comma.
112 [46955522421888] INFO perfrun.launcher <> - the option was added --mrte-type-list: List supported Java/.NET/other managed runtime types.
113 [46955522421888] INFO perfrun.launcher <> - the option was added --trace-strategy: Specify how to profile a process tree. <string> can be "<process>:trace:notrace" - profile the process but do not profile its children. Shorthand parameters: t - trace, nt - notrace. For example, "vtunedemo.exe:t:t".
113 [46955522421888] INFO perfrun.launcher <> - the option was added --collector: BADMSG: perfrun1.launcher.plugin_manager::collector
113 [46955522421888] INFO perfrun.launcher <> - the option was added --system-wide: Enable system-wide profiling. This mode may require additional permissions.
113 [46955522421888] INFO perfrun.launcher <> - the option was added --kvm-guest: Enable KVM guest OS profiling.
113 [46955522421888] INFO perfrun.launcher <> - the option was added --kvm-guest-kallsyms: Specify a local path to the /proc/kallsyms file copied from the guest OS for proper symbol resolution.
113 [46955522421888] INFO perfrun.launcher <> - the option was added --kvm-guest-modules: Specify a local path to the /proc/modules file copied from the guest OS for proper symbol resolution.
113 [46955522421888] INFO perfrun.launcher <> - the option was added --target-system: BADMSG: perfrun1.launcher.plugin_manager::target-system
113 [46955522421888] INFO perfrun.launcher <> - the option was added --dump-vdso: Dump [vdso] to result directory
113 [46955522421888] INFO perfrun.launcher <> - the option was added --bandwidth-limits: Measure bandwidth limits
113 [46955522421888] INFO perfrun.launcher <> - the option was added --bandwidth-strategy: Bandwidth limits determination specific properties (example: --bandwidth-strategy array-size=0,duration=500).
113 [46955522421888] INFO perfrun.launcher <> - the option was added --bandwidth-config: List of benchmarks to run.
113 [46955522421888] INFO perfrun.launcher <> - the option was added --system-collector-config: Specify subcollectors. Possible values: all, vdso, container, device-info, none.
113 [46955522421888] INFO perfrun.launcher <> - the option was added --itt-config: Specify a sub-set of ITT API to collect.
113 [46955522421888] INFO perfrun.launcher <> - the option was added --itt-debug: Set pseudo-breakpoint at ITT API collector's start to enable the debugger to attach early.
113 [46955522421888] INFO perfrun.launcher <> - the option was added --itt-ring-buffer-multiplier: The size of internal ITT API collector ring buffer, in bytes per second
113 [46955522421888] INFO perfrun.launcher <> - the option was added --ptrace: Ptrace collector.
113 [46955522421888] INFO perfrun.launcher <> - the option was added --target-pid: BADMSG: perfrun1.ptracecollector::target-pid
113 [46955522421888] INFO perfrun.launcher <> - the option was added --ptrace-server-pid: BADMSG: perfrun1.ptracecollector::ptrace-server-pid
113 [46955522421888] INFO perfrun.launcher <> - the option was added --ptrace-trace: BADMSG: perfrun1.ptracecollector::ptrace-trace
113 [46955522421888] INFO perfrun.launcher <> - the option was added --ptrace-time-source: BADMSG: perfrun1.ptracecollector::ptrace-time-source
113 [46955522421888] INFO perfrun.launcher <> - the option was added --ptrace-start-type: BADMSG: perfrun1.ptracecollector::ptrace-start-type
113 [46955522421888] INFO perfrun.launcher <> - the option was added --gpu-config: Specify types of GPU data to be collected. Possible values: preset1, preset2.
113 [46955522421888] INFO perfrun.launcher <> - the option was added --gpu-debug: Enable self-testing of the GPGPU profiling collector.
113 [46955522421888] INFO perfrun.launcher <> - the option was added --stdsrc-config: Specify Standard Sources category tag(s).
113 [46955522421888] INFO perfrun.launcher <> - the option was added --ftrace-config-list: List Linux Ftrace category tag(s).
113 [46955522421888] INFO perfrun.launcher <> - the option was added --ftrace-config: Specify Linux Ftrace category tag(s).
113 [46955522421888] INFO perfrun.launcher <> - the option was added --ftrace-function-groups: Enable tracing of specific groups of functions.
114 [46955522421888] INFO perfrun.launcher <> - the option was added --event-info: BADMSG: perfrun1.stdsrc::event-info
114 [46955522421888] INFO perfrun.launcher <> - the option was added --cpu-list: List supported CPUs.
114 [46955522421888] INFO perfrun.launcher <> - the option was added --target-list: List available targets for performing sampling collection.
114 [46955522421888] INFO perfrun.launcher <> - the option was added --event-value-list: Display event information.
114 [46955522421888] INFO perfrun.launcher <> - the option was added --platform-value-list: Display details of supported platforms.
114 [46955522421888] INFO perfrun.launcher <> - the option was added --uncore-event-list: List uncore events for which a sampling data collection can be performed on this platform.
114 [46955522421888] INFO perfrun.launcher <> - the option was added --modifier-list: Specify the event name <string> for which the modifiers list is requested.
114 [46955522421888] INFO perfrun.launcher <> - the option was added --pmu-list: List supported PMUs.
114 [46955522421888] INFO perfrun.launcher <> - the option was added --os-mode-only: Enable sampling data collection for OS-mode processes only.
114 [46955522421888] INFO perfrun.launcher <> - the option was added --user-mode-only: Enable sampling data collection for user-mode processes only.
114 [46955522421888] INFO perfrun.launcher <> - the option was added --event-config: Perform data collection for the events with <string> configured using the format <event name1>":modifier1=val:modifier2=val/constraint1={:modifier3=val:modifier4=val}...,"<event name2>":... Specify the events(s) to monitor and embed the event names within double quotes("). [:modifier=val] specifies individual event modifiers along with the respective values for a given platform. Note that the modifiers can be generic to an event as well as specific to a constraint (or an event qualifier). The constraint specific special modifiers appear after [/constraint=]. The modifiers can be in decimal or hexadecimal format. Only specific modifiers accept the value as a string. Each event specification is delimited by a comma (,). For a list of supported modifiers and constraints, refer to the documentation.
114 [46955522421888] INFO perfrun.launcher <> - the option was added --chipset-event-config: BADMSG: perfrun1.sep::chipset-event-config
114 [46955522421888] INFO perfrun.launcher <> - the option was added --uncore-event-config: Perform uncore data collection in ebc count mode for the events with <string> configured using the format "<event name1>"...,"<event name2>":... Specify the events(s) to monitor and embed the event names within double quotes(").
114 [46955522421888] INFO perfrun.launcher <> - the option was added --count-emon: Enable counting mode and output the data in EMON format.
114 [46955522421888] INFO perfrun.launcher <> - the option was added --event-based-counts: Enable event-based counting mode. During sampling data collection, event counts data is collected for the list of events specified in -event-config option.
114 [46955522421888] INFO perfrun.launcher <> - the option was added --event-mux-tfactor: Specify the event multiplexing tfactor as <integer> to set the length of the interval between interrupts. The larger the tfactor value, the larger the period between interrupts. Currently this option is only available on Intel platforms codenamed Knights Corner.
114 [46955522421888] INFO perfrun.launcher <> - the option was added --full-pebs-capture: Capture full pebs information.
114 [46955522421888] INFO perfrun.launcher <> - the option was added --last-branch-records: Capture Last Branch Records information.
114 [46955522421888] INFO perfrun.launcher <> - the option was added --pmu-type: Specify the targeted PMU name as <string>.
114 [46955522421888] INFO perfrun.launcher <> - the option was added --platform-type: Specify the targeted platform number as <number>.
114 [46955522421888] INFO perfrun.launcher <> - the option was added --bts-count: Specify the <integer> number of BTS records collected after each sample or context switch (VTSS++ only).
114 [46955522421888] INFO perfrun.launcher <> - the option was added --cpu-mask: Specify which CPU(s) <string> to collect data on. For example, specify "2-8,10,12-14" to sample only CPUs 2 through 8, 10, and 12 through 14.
114 [46955522421888] INFO perfrun.launcher <> - the option was added --event-mux-alg: Specify the event multiplexing algorithm. Possible values: sequence, timer, trigger.
114 [46955522421888] INFO perfrun.launcher <> - the option was added --event-mux-timeslice: Specify the event multiplexing time slice value as <integer>. The time slice specifies the duration between cycles for each event multiplexing group. The default value is 50 milliseconds. This option is valid only for timer-based event multiplexing. Specify the event multiplexing time slice value as <integer>. The time slice specifies the duration between cycles for each event multiplexing group. The default value is 1 millisecond. This option is valid only for timer-based event multiplexing.
114 [46955522421888] INFO perfrun.launcher <> - the option was added --event-mux-factor: Specify the event multiplexing factor as <integer>. It controls the switching of event multiplexing groups. The default factor is 50. This option is valid only for trigger-based event multiplexing. Specify the event multiplexing factor as <integer>. It controls the switching of event multiplexing groups. The default factor is 1. This option is valid only for trigger-based event multiplexing.
114 [46955522421888] INFO perfrun.launcher <> - the option was added --event-mux-trigger: Specify the name of the trigger event for event multiplexing as <string>. This option is valid only for trigger-based event multiplexing. The default trigger is CPU_CLK_UNHALTED.CORE (or CPU_CLK_UNHALTED.THREAD). BADMSG: perfrun1.vtsspp::event-mux-trigger
114 [46955522421888] INFO perfrun.launcher <> - the option was added --pwr-config: BADMSG: perfrun1.vtsspp::pwr-config
114 [46955522421888] INFO perfrun.launcher <> - the option was added --sys-config: BADMSG: perfrun1.vtsspp::sys-config
114 [46955522421888] INFO perfrun.launcher <> - the option was added --pt-mode: BADMSG: perfrun1.vtsspp::pt-mode
115 [46955522421888] INFO perfrun.launcher <> - the option was added --sample-after-multiplier: Specify the sample after multiplier as <double>. This multiplier modifies the sample after value for all the events specified in -event-config option. The values can range from 0.1 to 100.0. SAV multiplier value
115 [46955522421888] INFO perfrun.launcher <> - the option was added --uncore-sampling-interval: Specify the uncore sampling interval as <integer>. This value set the uncore sampling interval for all the uncore events specified in -event-config option.
115 [46955522421888] INFO perfrun.launcher <> - the option was added --count: Enable counting mode. Enable counting mode
115 [46955522421888] INFO perfrun.launcher <> - the option was added --trace-mpi: Configure collector to trace MPI code.
115 [46955522421888] INFO perfrun.launcher <> - the option was added --raw-perf-config: Specify a verified configuration for the Perf collector in the format: <describer>,<content>. For example: map-events-file,<path_to_map_events_file>.
115 [46955522421888] INFO perfrun.launcher <> - the option was added --stackwalk: Specify stack unwinding method. Possible values: online - unwind stacks during collection; offline - unwind stacks after collection is finished. Specify stack unwinding method. Possible value: lbr - unwind stacks during collection. Specify stack unwinding method. Possible values: online - unwind stacks during collection; offline - unwind stacks after collection is finished; lbr - enable LBR-based call stack collection. Specify stack unwinding method. Possible values: online - unwind stacks during collection; offline - unwind stacks after collection is finished. Specify stack unwinding method. Possible values: online - unwind stacks during collection; offline - unwind stacks after collection is finished.
115 [46955522421888] INFO perfrun.launcher <> - the option was added --filter-include: Filter data during collection. Possible values: contended=<on|off> - filter out uncontended events; contended_nostack=<time> - filter out stacks for contended events that take less than <time> microseconds; wait=<time> - ignore transitions and blocks with wait time less than <time> microseconds; wait_nostack=<time> - filter out stacks for waits that take less than <time> microseconds.
115 [46955522421888] INFO perfrun.launcher <> - the option was added --debug-pin: Debug PIN tool and runtime.
115 [46955522421888] INFO perfrun.launcher <> - the option was added --debug-exception: Disallow the application to set own abnormal termination handler.
115 [46955522421888] INFO perfrun.launcher <> - the option was added --trace-type: Specify the trace file granularity. Possible values: per-thread - per-thread trace file generation; per-process - per-process trace file generation.
115 [46955522421888] INFO perfrun.launcher <> - the option was added --instrumentation-type: Specify type of instrumentation.
115 [46955522421888] INFO perfrun.launcher <> - the option was added --altstack: Enable or disable usage of altstacks for profiling signal handlers.
115 [46955522421888] INFO perfrun.launcher <> - the option was added --profiling-signal: BADMSG: perfrun1.ptracecollector::profiling-signal Alternate profiling signal.
115 [46955522421888] INFO perfrun.launcher <> - the option was added --memory-strategy: Specify a minimal memory object size to be traced and a hash table size for faster objects search; for example: --memory-strategy obj-size-min=1024,hash-table-size=4096.
115 [46955522421888] INFO perfrun.launcher <> - the option was added --gpu-profiling-config: Specify a type of deep GPU profiling applied for all kernels and a comma-separated list of GPU kernel names and invocations in the following format: profiling_type[@kernel_name[:start_idx:step:stop_idx]], where profiling_type is one of following: none, bblatency, memlatency; kernel_name is the name of GPU kernel; start_idx is the number of the first invocation; and stop_idx is the number of the last invocation to be profiled.
115 [46955522421888] INFO perfrun.launcher <> - the option was added --custom-collector: Allows to provide arbitrary command line to be run on collection steps.
115 [46955522421888] INFO perfrun.launcher <> - the option was added --exprof-com-list: List available COM ports.
115 [46955522421888] INFO perfrun.launcher <> - the option was added --exprof-dvc-list: List available DvC IDs.
115 [46955522421888] INFO perfrun.launcher <> - the option was added --exprof-trace-channel: BADMSG: perfrun1.exprof::exprof-trace-channel
115 [46955522421888] INFO perfrun.launcher <> - the option was added --exprof-event-config: Specify ExactProfiling Event Classes.
115 [46955522421888] INFO perfrun.launcher <> - the option was added --analyze-dpdk: analyze-dpdk
115 [46955522421888] INFO perfrun.launcher <> - the option was added --network-sampling-interval: network-sampling-interval
115 [46955522421888] INFO perfrun.launcher <> - the option was added --dpdk-file-prefix: dpdk-file-prefix
123 [46955522421888] INFO perfrun.launcher <> - create msngr2::ICliToolContext
124 [46955522421888] INFO perfrun.launcher <> - create file finder object
124 [46955522421888] INFO perfrun.launcher <> - create a result directory: pattern = /dss/dssfs02/lwp-dss-0001/pr63so/pr63so-dss-0000/ge49nuk2/bcl/examples/simple/2N.i22r07c05s08 pid = 4294967295
126 [46955522421888] INFO perfrun.sdk <> - checked that the directory /dss/dssfs02/lwp-dss-0001/pr63so/pr63so-dss-0000/ge49nuk2/bcl/examples/simple/2N.i22r07c05s08 is a local directory
127 [46955522421888] INFO perfrun.sdk <> - the directory /dss/dssfs02/lwp-dss-0001/pr63so/pr63so-dss-0000/ge49nuk2/bcl/examples/simple/2N.i22r07c05s08 is located on a share or its FS ID is unknown 1196443219
136 [46955522421888] INFO perfrun.launcher <> - Create a local result directory /gpfs/scratch/pr63so/ge49nuk2/ge49nuk2/amplxe-tmp-ge49nuk2/amplxe-res-43963-97575605960972160 due to the user result path /dss/dssfs02/lwp-dss-0001/pr63so/pr63so-dss-0000/ge49nuk2/bcl/examples/simple/2N.i22r07c05s08 is located on a share
136 [46955522421888] INFO perfrun.launcher <> - create data directory = /gpfs/scratch/pr63so/ge49nuk2/ge49nuk2/amplxe-tmp-ge49nuk2/amplxe-res-43963-97575605960972160/data.0
138 [46955522421888] INFO perfrun.launcher <> - create data directory = /dss/dssfs02/lwp-dss-0001/pr63so/pr63so-dss-0000/ge49nuk2/bcl/examples/simple/2N.i22r07c05s08/data.0
164 [46955640641280] INFO perfrun.sdk <> - Allocating TMU :/gpfs/scratch/pr63so/ge49nuk2/ge49nuk2/amplxe-tmp-ge49nuk2/amplxe-res-43963-97575605960972160/data.0/systemcollector-43963-i22r07c05s08.sc
164 [46955640641280] INFO perfrun.system <> - Tpss based collection
164 [46955640641280] INFO perfrun.launcher <> - plugin [ptracecollector] was disabled because it doesn't support the given collection type.
164 [46955640641280] INFO perfrun.launcher <> - plugin [gpu] was disabled because it doesn't support the given collection type.
165 [46955640641280] INFO perfrun.launcher <> - plugin [] was disabled because it doesn't support the given collection type.
165 [46955640641280] INFO perfrun.launcher <> - plugin [] was disabled because it doesn't support the given collection type.
165 [46955640641280] INFO perfrun.launcher <> - plugin [] was disabled because it doesn't support the given collection type.
165 [46955640641280] INFO perfrun.launcher <> - plugin [mrte] was disabled because it doesn't support the given collection type.
165 [46955640641280] INFO perfrun.launcher <> - plugin [emon] was disabled because it doesn't support the given collection type.
165 [46955640641280] INFO perfrun.launcher <> - plugin [stdsrc] was disabled because it doesn't support the given collection type.
165 [46955640641280] INFO perfrun.launcher <> - plugin [sep] was disabled because it doesn't support the given collection type.
165 [46955640641280] INFO perfrun.launcher <> - plugin [vtsspp] was disabled because it doesn't support the given collection type.
165 [46955640641280] INFO perfrun.launcher <> - plugin [perf] was disabled because it doesn't support the given collection type.
165 [46955640641280] INFO perfrun.tpss <> - initialize tpss controller
165 [46955640641280] INFO perfrun.tpss <> - configure collection mode: value = cpu:counters:nostack
165 [46955640641280] INFO perfrun.tpss <> - configure collection mode: value = cpu:stack
165 [46955640641280] INFO perfrun.tpss <> - default obj-size-min=1024
165 [46955640641280] INFO perfrun.tpss <> - default hash-table-size=0
227 [46955640641280] INFO perfrun.launcher <> - plugin [cuscol] was disabled because it doesn't support the given collection type.
227 [46955640641280] INFO perfrun.launcher <> - plugin [exprof] was disabled because it doesn't support the given collection type.
227 [46955640641280] INFO perfrun.launcher <> - plugin [dpdk] was disabled because it doesn't support the given collection type.
227 [46955640641280] INFO perfrun.commcollector <> - Disabling commcollector because integrity connection type is not used
227 [46955640641280] INFO perfrun.launcher <> - plugin [commcollector] was disabled because it doesn't support the given collection type.
227 [46955640641280] INFO perfrun.launcher <> - plugin [cve] was disabled because it doesn't support the given collection type.
227 [46955522421888] INFO perfrun.launcher <> - set environment variable: LD_LIBRARY_PATH = /dss/dsshome1/lrz/sys/intel/studio2018_p4/vtune_amplifier_2018.4.0.573462/lib32/runtime:/dss/dsshome1/lrz/sys/intel/studio2018_p4/vtune_amplifier_2018.4.0.573462/lib64/runtime:/dss/dsshome1/lrz/sys/spack/staging/20.2.2/opt/x86_64/intel-mpi/2019.8.254-gcc-vyzek4m/compilers_and_libraries_2020.2.254/linux/mpi/intel64/libfabric/lib:/dss/dsshome1/lrz/sys/spack/staging/20.2.2/opt/x86_64/intel-mpi/2019.8.254-gcc-vyzek4m/compilers_and_libraries_2020.2.254/linux/mpi/intel64/lib/release:/dss/dsshome1/lrz/sys/spack/staging/20.2.2/opt/x86_64/intel-mpi/2019.8.254-gcc-vyzek4m/compilers_and_libraries_2020.2.254/linux/mpi/intel64/lib:/dss/dsshome1/lrz/sys/spack/staging/20.2.2/opt/x86_64/intel-mkl/2019.5.281-gcc-2gmjfxz/compilers_and_libraries_2019.5.281/linux/tbb/lib/intel64_lin/gcc4.7:/dss/dsshome1/lrz/sys/spack/staging/20.2.2/opt/x86_64/intel-mkl/2019.5.281-gcc-2gmjfxz/compilers_and_libraries_2019.5.281/linux/compiler/lib/intel64_lin:/dss/dsshome1/lrz/sys/spack/staging/20.2.2/opt/x86_64/intel-mkl/2019.5.281-gcc-2gmjfxz/compilers_and_libraries_2019.5.281/linux/mkl/lib/intel64_lin:/dss/dsshome1/lrz/sys/spack/staging/20.2.2/opt/x86_64/intel-mkl/2019.5.281-gcc-2gmjfxz/lib:/dss/dsshome1/lrz/sys/spack/staging/20.2.2/opt/x86_64/intel/19.0.5-gcc-uglchea/compilers_and_libraries_2019.5.281/linux/mpi/intel64/libfabric/lib:/dss/dsshome1/lrz/sys/spack/staging/20.2.2/opt/x86_64/intel/19.0.5-gcc-uglchea/compilers_and_libraries_2019.5.281/linux/mpi/intel64/lib/release:/dss/dsshome1/lrz/sys/spack/staging/20.2.2/opt/x86_64/intel/19.0.5-gcc-uglchea/compilers_and_libraries_2019.5.281/linux/mpi/intel64/lib:/dss/dsshome1/lrz/sys/spack/staging/20.2.2/opt/x86_64/intel/19.0.5-gcc-uglchea/compilers_and_libraries_2019.5.281/linux/ipp/lib/intel64:/dss/dsshome1/lrz/sys/spack/staging/20.2.2/opt/x86_64/intel/19.0.5-gcc-uglchea/compilers_and_libraries_2019.5.281/linux/compiler/lib/intel64_lin:/dss/dsshome1/lrz/sys/spack/staging/20.2.2/opt/x86_64/intel/19.0.5-gcc-uglchea/compilers_and_libraries_2019.5.281/linux/mkl/lib/intel64_lin:/dss/dsshome1/lrz/sys/spack/staging/20.2.2/opt/x86_64/intel/19.0.5-gcc-uglchea/compilers_and_libraries_2019.5.281/linux/tbb/lib/intel64/gcc4.7:/dss/dsshome1/lrz/sys/spack/staging/20.2.2/opt/x86_64/intel/19.0.5-gcc-uglchea/debugger_2019/libipt/intel64/lib:/dss/dsshome1/lrz/sys/spack/staging/20.2.2/opt/x86_64/intel/19.0.5-gcc-uglchea/compilers_and_libraries_2019.5.281/linux/daal/lib/intel64_lin:/dss/dsshome1/lrz/sys/spack/staging/20.2.2/opt/x86_64/intel/19.0.5-gcc-uglchea/compilers_and_libraries_2019.5.281/linux/daal/../tbb/lib/intel64_lin/gcc4.4:/dss/dsshome1/lrz/sys/spack/staging/20.2.2/opt/x86_64/intel/19.0.5-gcc-uglchea/lib
227 [46955522421888] INFO perfrun.launcher <> - set environment variable: INTEL_LIBITTNOTIFY32 = /dss/dsshome1/lrz/sys/intel/studio2018_p4/vtune_amplifier_2018.4.0.573462/lib32/runtime/libittnotify_collector.so
227 [46955522421888] INFO perfrun.launcher <> - set environment variable: INTEL_LIBITTNOTIFY64 = /dss/dsshome1/lrz/sys/intel/studio2018_p4/vtune_amplifier_2018.4.0.573462/lib64/runtime/libittnotify_collector.so
228 [46955522421888] INFO perfrun.launcher <> - set environment variable: INTEL_ITTNOTIFY_GROUPS = 
228 [46955522421888] INFO perfrun.launcher <> - set environment variable: INTEL_JIT_PROFILER32 = /dss/dsshome1/lrz/sys/intel/studio2018_p4/vtune_amplifier_2018.4.0.573462/lib32/runtime/libittnotify_collector.so
228 [46955522421888] INFO perfrun.launcher <> - set environment variable: INTEL_JIT_PROFILER64 = /dss/dsshome1/lrz/sys/intel/studio2018_p4/vtune_amplifier_2018.4.0.573462/lib64/runtime/libittnotify_collector.so
228 [46955522421888] INFO perfrun.launcher <> - set environment variable: VS_PROFILER = libittnotify_collector.so
228 [46955522421888] INFO perfrun.launcher <> - set environment variable: ENABLE_JITPROFILING = 1
228 [46955522421888] INFO perfrun.launcher <> - set environment variable: CL_CONFIG_USE_VTUNE = True
228 [46955522421888] INFO perfrun.launcher <> - set environment variable: __OCL_MIC_INTEL_LIBITTNOTIFY64 = /amplxe/results/libittnotify_collector.so
228 [46955522421888] INFO perfrun.launcher <> - set environment variable: __OCL_MIC_INTEL_JIT_PROFILER64 = /amplxe/results/libittnotify_collector.so
228 [46955522421888] INFO perfrun.launcher <> - set environment variable: LD_PRELOAD = libittnotify_collector.so:
228 [46955522421888] INFO perfrun.launcher <> - set environment variable: KMP_FORKJOIN_FRAMES = 0
228 [46955522421888] INFO perfrun.launcher <> - set environment variable: KMP_FORKJOIN_FRAMES_MODE = 0
228 [46955522421888] INFO perfrun.launcher <> - RpcServer: run RPC server to handle requests
231 [46955522421888] INFO perfrun.launcher <> - Launcher: command line to start before modification = ./taskStealing 250 1
234 [46955522421888] INFO perfrun.launcher <> - Launcher: command line to start after modification = /dss/dsshome1/lrz/sys/intel/studio2018_p4/vtune_amplifier_2018.4.0.573462/bin64/pin -error_file /gpfs/scratch/pr63so/ge49nuk2/ge49nuk2/amplxe-tmp-ge49nuk2/amplxe-res-43963-97575605960972160/data.0/pinerr.tpsslog -detach_reattach -follow_execv -tool_load_option deepbind -t64 /dss/dsshome1/lrz/sys/intel/studio2018_p4/vtune_amplifier_2018.4.0.573462/lib64/libtpsstool.so -t /dss/dsshome1/lrz/sys/intel/studio2018_p4/vtune_amplifier_2018.4.0.573462/lib32/libtpsstool.so -server_name tpss_ipc.43963 -prd_dir /dss/dsshome1/lrz/sys/intel/studio2018_p4/vtune_amplifier_2018.4.0.573462 -- ./taskStealing 250 1
234 [46955522421888] INFO perfrun.launcher <> - ProcessCreator object was created
236 [46955522421888] INFO perfrun.launcher <> - Launcher: the process was started in suspend mode
513 [46955640641280] INFO perfrun.system <> - Helper runtool '/dss/dsshome1/lrz/sys/intel/studio2018_p4/vtune_amplifier_2018.4.0.573462/bin32/amplxe-runss -dump-vdso -r /gpfs/scratch/pr63so/ge49nuk2/ge49nuk2/amplxe-tmp-ge49nuk2/amplxe-res-43963-97575605960972160 --tmp-dir /gpfs/scratch/pr63so/ge49nuk2/ge49nuk2/amplxe-tmp-ge49nuk2' returned 0
704 [46955640641280] INFO perfrun.system <> - Helper runtool '/dss/dsshome1/lrz/sys/intel/studio2018_p4/vtune_amplifier_2018.4.0.573462/bin64/amplxe-runss -dump-vdso -r /gpfs/scratch/pr63so/ge49nuk2/ge49nuk2/amplxe-tmp-ge49nuk2/amplxe-res-43963-97575605960972160 --tmp-dir /gpfs/scratch/pr63so/ge49nuk2/ge49nuk2/amplxe-tmp-ge49nuk2' returned 0
710 [46955640641280] WARN perfrun.sdk <> - Failed to find xl binary on any of the system paths: /bin, /sbin, /usr/bin, /usr/sbin., at file: vcs/perfrun1/sdk/src/utils.cpp:433
710 [46955640641280] WARN perfrun.system <> - Could not start ContainerMapping collector, at file: vcs/perfrun1/plugins/system/src/controller.cpp:496
711 [46955640641280] INFO perfrun.itt <> - start itt controller for pid #43968
712 [46955640641280] INFO perfrun.tpss <> - start tpss controller for pid #43968
763 [46955522421888] INFO perfrun.launcher <> - Launcher: all plugins were started
763 [46955522421888] INFO perfrun.launcher <> - DirectoryMonitor object was created
763 [46955522421888] INFO perfrun.launcher <> - DirectoryMonitor: a callback was added
763 [46955522421888] INFO perfrun.launcher <> - DirectoryMonitor was started with pingTime = 1000
763 [46955522421888] INFO perfrun.launcher <> - DeadlineTimer is going to be constructed
763 [46955522421888] INFO perfrun.launcher <> - DeadlineTimer: a callback was added
775 [46955522421888] INFO perfrun.launcher <> - Launcher: resume the profiled application and  wait its termination or stop command
86751 [46955522421888] INFO perfrun.launcher <> - Launcher: the profiled application was terminated  with exit code = 0
86760 [46955640641280] INFO perfrun.itt <> - stop itt controller
86760 [46955640641280] INFO perfrun.itt <> - detach itt controller
86760 [46955640641280] INFO perfrun.tpss <> - stop tpss controller
86762 [46955640641280] INFO perfrun.sdk <> - De-allocating TMU: /gpfs/scratch/pr63so/ge49nuk2/ge49nuk2/amplxe-tmp-ge49nuk2/amplxe-res-43963-97575605960972160/data.0/systemcollector-43963-i22r07c05s08.sc
86762 [46955640641280] INFO perfrun.system <> - closed the system trace file: /gpfs/scratch/pr63so/ge49nuk2/ge49nuk2/amplxe-tmp-ge49nuk2/amplxe-res-43963-97575605960972160/data.0/systemcollector-43963-i22r07c05s08.sc
86762 [46955522421888] INFO perfrun.launcher <> - Launcher: all plugins were stopped.
86763 [46955522421888] INFO perfrun.launcher <> - DeadlineTimer is going to be destroyed
86763 [46955522421888] INFO perfrun.launcher <> - DirectoryMonitor object was destroyed
86763 [46955522421888] WARN perfrun.launcher <> - Stop command is ignored because it is received when collection is already stopped, at file: vcs/perfrun1/launcher/src/command_handler.cpp:209
86795 [46955522421888] INFO perfrun.launcher <> - Application exit code: 0
86795 [46955522421888] INFO perfrun.launcher <> - Exit code: 0
