27 [1457434752] INFO perfrun.launcher <> - argc = 6; cmdline = /dss/dsshome1/lrz/sys/intel/studio2018_p4/vtune_amplifier_2018.4.0.573462/bin32/amplxe-runss -dump-vdso -r /gpfs/scratch/pr63so/ge49nuk2/ge49nuk2/amplxe-tmp-ge49nuk2/amplxe-res-57266-97574954492091322 --tmp-dir /gpfs/scratch/pr63so/ge49nuk2/ge49nuk2/amplxe-tmp-ge49nuk2 
81 [1457434752] INFO perfrun.launcher <> - plugin system has been added successfully
82 [1457434752] INFO perfrun.launcher <> - plugin itt has been added successfully
82 [1457434752] INFO perfrun.launcher <> - plugin ptracecollector has been added successfully
82 [1457434752] INFO perfrun.launcher <> - plugin gpu has been added successfully
82 [1457434752] INFO perfrun.launcher <> - plugin  has been added successfully
82 [1457434752] INFO perfrun.launcher <> - plugin  has been added successfully
82 [1457434752] INFO perfrun.launcher <> - plugin  has been added successfully
82 [1457434752] INFO perfrun.launcher <> - plugin mrte has been added successfully
82 [1457434752] INFO perfrun.launcher <> - plugin emon has been added successfully
84 [1457434752] INFO perfrun.launcher <> - plugin stdsrc has been added successfully
85 [1457434752] INFO perfrun.launcher <> - plugin sep has been added successfully
85 [1457434752] INFO perfrun.launcher <> - plugin vtsspp has been added successfully
86 [1457434752] INFO perfrun.sdk <> - Reading value (0) from file: /proc/sys/kernel/perf_event_paranoid
91 [1457434752] INFO perfrun.perfcollector <> - cpu: family = 6 model = 63
92 [1457434752] INFO perfrun.perfcollector <> - dir found : /sys/bus/event_source/devices/uncore_imc_4
92 [1457434752] INFO perfrun.perfcollector <> - format: event config:0-7 mask:0-7
92 [1457434752] INFO perfrun.perfcollector <> - format: edge config:18 mask:18
92 [1457434752] INFO perfrun.perfcollector <> - format: thresh config:24-31 mask:24-31
92 [1457434752] INFO perfrun.perfcollector <> - format: inv config:23 mask:23
92 [1457434752] INFO perfrun.perfcollector <> - format: umask config:8-15 mask:8-15
92 [1457434752] INFO perfrun.perfcollector <> - hwInfo : PERF_IMC_PMU_DETAILS
92 [1457434752] INFO perfrun.perfcollector <> - pmu added : family : uncore_imc , id : 4
92 [1457434752] INFO perfrun.perfcollector <> - dir found : /sys/bus/event_source/devices/uncore_sbox_1
92 [1457434752] INFO perfrun.perfcollector <> - format: event config:0-7 mask:0-7
92 [1457434752] INFO perfrun.perfcollector <> - format: edge config:18 mask:18
92 [1457434752] INFO perfrun.perfcollector <> - format: tid_en config:19 mask:19
92 [1457434752] INFO perfrun.perfcollector <> - format: thresh config:24-31 mask:24-31
92 [1457434752] INFO perfrun.perfcollector <> - format: inv config:23 mask:23
92 [1457434752] INFO perfrun.perfcollector <> - format: umask config:8-15 mask:8-15
92 [1457434752] WARN perfrun.perfcollector <> - pmu hwInfo is not set, at file: vcs/perfrun1/plugins/perfcollector/src/controller.cpp:657
92 [1457434752] INFO perfrun.perfcollector <> - pmu added : family : uncore_sbox , id : 1
92 [1457434752] INFO perfrun.perfcollector <> - dir found : /sys/bus/event_source/devices/uncore_cbox_5
92 [1457434752] INFO perfrun.perfcollector <> - format: filter_nc config1:62 mask:62
92 [1457434752] INFO perfrun.perfcollector <> - format: event config:0-7 mask:0-7
92 [1457434752] INFO perfrun.perfcollector <> - format: filter_tid config1:0-5 mask:0-5
93 [1457434752] INFO perfrun.perfcollector <> - format: edge config:18 mask:18
93 [1457434752] INFO perfrun.perfcollector <> - format: filter_nid config1:32-47 mask:32-47
93 [1457434752] INFO perfrun.perfcollector <> - format: filter_link config1:6-8 mask:6-8
93 [1457434752] INFO perfrun.perfcollector <> - format: filter_state config1:17-23 mask:17-23
93 [1457434752] INFO perfrun.perfcollector <> - format: filter_isoc config1:63 mask:63
93 [1457434752] INFO perfrun.perfcollector <> - format: tid_en config:19 mask:19
93 [1457434752] INFO perfrun.perfcollector <> - format: thresh config:24-31 mask:24-31
99 [1457434752] INFO perfrun.perfcollector <> - format: umask config:8-15 mask:8-15
99 [1457434752] INFO perfrun.perfcollector <> - format: filter_opc config1:52-60 mask:52-60
99 [1457434752] INFO perfrun.perfcollector <> - format: filter_c6 config1:61 mask:61
99 [1457434752] WARN perfrun.perfcollector <> - pmu hwInfo is not set, at file: vcs/perfrun1/plugins/perfcollector/src/controller.cpp:657
99 [1457434752] INFO perfrun.perfcollector <> - pmu added : family : uncore_cbox , id : 5
99 [1457434752] INFO perfrun.perfcollector <> - dir found : /sys/bus/event_source/devices/uncore_ha_0
99 [1457434752] INFO perfrun.perfcollector <> - format: event config:0-7 mask:0-7
99 [1457434752] INFO perfrun.perfcollector <> - format: edge config:18 mask:18
99 [1457434752] INFO perfrun.perfcollector <> - format: thresh config:24-31 mask:24-31
99 [1457434752] INFO perfrun.perfcollector <> - format: inv config:23 mask:23
100 [1457434752] INFO perfrun.perfcollector <> - format: umask config:8-15 mask:8-15
100 [1457434752] WARN perfrun.perfcollector <> - pmu hwInfo is not set, at file: vcs/perfrun1/plugins/perfcollector/src/controller.cpp:657
100 [1457434752] INFO perfrun.perfcollector <> - pmu added : family : uncore_ha , id : 0
100 [1457434752] INFO perfrun.perfcollector <> - dir found : /sys/bus/event_source/devices/uncore_cbox_3
100 [1457434752] INFO perfrun.perfcollector <> - format: filter_nc config1:62 mask:62
100 [1457434752] INFO perfrun.perfcollector <> - format: event config:0-7 mask:0-7
100 [1457434752] INFO perfrun.perfcollector <> - format: filter_tid config1:0-5 mask:0-5
100 [1457434752] INFO perfrun.perfcollector <> - format: edge config:18 mask:18
100 [1457434752] INFO perfrun.perfcollector <> - format: filter_nid config1:32-47 mask:32-47
100 [1457434752] INFO perfrun.perfcollector <> - format: filter_link config1:6-8 mask:6-8
100 [1457434752] INFO perfrun.perfcollector <> - format: filter_state config1:17-23 mask:17-23
100 [1457434752] INFO perfrun.perfcollector <> - format: filter_isoc config1:63 mask:63
100 [1457434752] INFO perfrun.perfcollector <> - format: tid_en config:19 mask:19
100 [1457434752] INFO perfrun.perfcollector <> - format: thresh config:24-31 mask:24-31
100 [1457434752] INFO perfrun.perfcollector <> - format: umask config:8-15 mask:8-15
100 [1457434752] INFO perfrun.perfcollector <> - format: filter_opc config1:52-60 mask:52-60
100 [1457434752] INFO perfrun.perfcollector <> - format: filter_c6 config1:61 mask:61
100 [1457434752] WARN perfrun.perfcollector <> - pmu hwInfo is not set, at file: vcs/perfrun1/plugins/perfcollector/src/controller.cpp:657
100 [1457434752] INFO perfrun.perfcollector <> - pmu added : family : uncore_cbox , id : 3
100 [1457434752] INFO perfrun.perfcollector <> - dir found : /sys/bus/event_source/devices/uncore_qpi_0
100 [1457434752] INFO perfrun.perfcollector <> - format: match_rds config1:48-51 mask:48-51
100 [1457434752] INFO perfrun.perfcollector <> - format: match_dnid config1:13-17 mask:13-17
100 [1457434752] INFO perfrun.perfcollector <> - format: match_rnid30 config1:32-35 mask:32-35
100 [1457434752] INFO perfrun.perfcollector <> - format: match_rnid4 config1:31 mask:31
100 [1457434752] INFO perfrun.perfcollector <> - format: event config:0-7,21 mask:0-7,21
100 [1457434752] INFO perfrun.perfcollector <> - format: mask_mc config2:9-12 mask:9-12
100 [1457434752] INFO perfrun.perfcollector <> - format: mask_vnw config2:3-4 mask:3-4
100 [1457434752] INFO perfrun.perfcollector <> - format: edge config:18 mask:18
100 [1457434752] INFO perfrun.perfcollector <> - format: mask_dnid config2:13-17 mask:13-17
100 [1457434752] INFO perfrun.perfcollector <> - format: mask_rnid30 config2:32-35 mask:32-35
101 [1457434752] INFO perfrun.perfcollector <> - format: match_vnw config1:3-4 mask:3-4
101 [1457434752] INFO perfrun.perfcollector <> - format: mask1 config2:32-63 mask:32-63
101 [1457434752] INFO perfrun.perfcollector <> - format: match1 config1:32-63 mask:32-63
101 [1457434752] INFO perfrun.perfcollector <> - format: mask_opc config2:5-8 mask:5-8
101 [1457434752] INFO perfrun.perfcollector <> - format: mask_rnid4 config2:31 mask:31
101 [1457434752] INFO perfrun.perfcollector <> - format: thresh config:24-31 mask:24-31
101 [1457434752] INFO perfrun.perfcollector <> - format: inv config:23 mask:23
101 [1457434752] INFO perfrun.perfcollector <> - format: match_mc config1:9-12 mask:9-12
101 [1457434752] INFO perfrun.perfcollector <> - format: match_opc config1:5-8 mask:5-8
101 [1457434752] INFO perfrun.perfcollector <> - format: umask config:8-15 mask:8-15
101 [1457434752] INFO perfrun.perfcollector <> - format: mask_rds config2:48-51 mask:48-51
101 [1457434752] INFO perfrun.perfcollector <> - format: mask0 config2:0-31 mask:0-31
101 [1457434752] INFO perfrun.perfcollector <> - format: match0 config1:0-31 mask:0-31
101 [1457434752] INFO perfrun.perfcollector <> - hwInfo : PERF_QPI_PMU_DETAILS
101 [1457434752] INFO perfrun.perfcollector <> - pmu added : family : uncore_qpi , id : 0
101 [1457434752] INFO perfrun.perfcollector <> - dir found : /sys/bus/event_source/devices/cstate_pkg
101 [1457434752] INFO perfrun.perfcollector <> - format: event config:0-63 mask:0-63
102 [1457434752] WARN perfrun.perfcollector <> - pmu hwInfo is not set, at file: vcs/perfrun1/plugins/perfcollector/src/controller.cpp:657
102 [1457434752] INFO perfrun.perfcollector <> - pmu added : family : cstate_pkg , id : 0
102 [1457434752] INFO perfrun.perfcollector <> - dir found : /sys/bus/event_source/devices/uprobe
102 [1457434752] INFO perfrun.perfcollector <> - format: retprobe config:0 mask:0
102 [1457434752] WARN perfrun.perfcollector <> - pmu hwInfo is not set, at file: vcs/perfrun1/plugins/perfcollector/src/controller.cpp:657
102 [1457434752] INFO perfrun.perfcollector <> - pmu added : family : uprobe , id : 0
102 [1457434752] INFO perfrun.perfcollector <> - dir found : /sys/bus/event_source/devices/breakpoint
102 [1457434752] WARN perfrun.perfcollector <> - format subdir doesn't exist, at file: vcs/perfrun1/plugins/perfcollector/src/controller.cpp:578
102 [1457434752] WARN perfrun.perfcollector <> - pmu hwInfo is not set, at file: vcs/perfrun1/plugins/perfcollector/src/controller.cpp:657
102 [1457434752] INFO perfrun.perfcollector <> - pmu added : family : breakpoint , id : 0
102 [1457434752] INFO perfrun.perfcollector <> - dir found : /sys/bus/event_source/devices/uncore_imc_0
102 [1457434752] INFO perfrun.perfcollector <> - format: event config:0-7 mask:0-7
102 [1457434752] INFO perfrun.perfcollector <> - format: edge config:18 mask:18
102 [1457434752] INFO perfrun.perfcollector <> - format: thresh config:24-31 mask:24-31
102 [1457434752] INFO perfrun.perfcollector <> - format: inv config:23 mask:23
102 [1457434752] INFO perfrun.perfcollector <> - format: umask config:8-15 mask:8-15
102 [1457434752] INFO perfrun.perfcollector <> - hwInfo : PERF_IMC_PMU_DETAILS
102 [1457434752] INFO perfrun.perfcollector <> - pmu added : family : uncore_imc , id : 0
102 [1457434752] INFO perfrun.perfcollector <> - dir found : /sys/bus/event_source/devices/uncore_ubox
102 [1457434752] INFO perfrun.perfcollector <> - format: event config:0-7 mask:0-7
102 [1457434752] INFO perfrun.perfcollector <> - format: filter_tid config1:0 mask:0
102 [1457434752] INFO perfrun.perfcollector <> - format: edge config:18 mask:18
102 [1457434752] INFO perfrun.perfcollector <> - format: thresh config:24-28 mask:24-28
102 [1457434752] INFO perfrun.perfcollector <> - format: inv config:23 mask:23
102 [1457434752] INFO perfrun.perfcollector <> - format: filter_cid config1:5 mask:5
102 [1457434752] INFO perfrun.perfcollector <> - format: umask config:8-15 mask:8-15
102 [1457434752] WARN perfrun.perfcollector <> - pmu hwInfo is not set, at file: vcs/perfrun1/plugins/perfcollector/src/controller.cpp:657
102 [1457434752] INFO perfrun.perfcollector <> - pmu added : family : uncore_ubox , id : 0
102 [1457434752] INFO perfrun.perfcollector <> - dir found : /sys/bus/event_source/devices/uncore_pcu
102 [1457434752] INFO perfrun.perfcollector <> - format: filter_band1 config1:8-15 mask:8-15
102 [1457434752] INFO perfrun.perfcollector <> - format: event config:0-7 mask:0-7
103 [1457434752] INFO perfrun.perfcollector <> - format: edge config:18 mask:18
103 [1457434752] INFO perfrun.perfcollector <> - format: filter_band2 config1:16-23 mask:16-23
103 [1457434752] INFO perfrun.perfcollector <> - format: occ_sel config:14-15 mask:14-15
103 [1457434752] INFO perfrun.perfcollector <> - format: thresh config:24-28 mask:24-28
103 [1457434752] INFO perfrun.perfcollector <> - format: inv config:23 mask:23
103 [1457434752] INFO perfrun.perfcollector <> - format: filter_band0 config1:0-7 mask:0-7
103 [1457434752] INFO perfrun.perfcollector <> - format: occ_edge config:14-51 mask:14-51
103 [1457434752] INFO perfrun.perfcollector <> - format: occ_invert config:30 mask:30
103 [1457434752] INFO perfrun.perfcollector <> - format: filter_band3 config1:24-31 mask:24-31
103 [1457434752] WARN perfrun.perfcollector <> - pmu hwInfo is not set, at file: vcs/perfrun1/plugins/perfcollector/src/controller.cpp:657
103 [1457434752] INFO perfrun.perfcollector <> - pmu added : family : uncore_pcu , id : 0
103 [1457434752] INFO perfrun.perfcollector <> - dir found : /sys/bus/event_source/devices/uncore_cbox_1
103 [1457434752] INFO perfrun.perfcollector <> - format: filter_nc config1:62 mask:62
103 [1457434752] INFO perfrun.perfcollector <> - format: event config:0-7 mask:0-7
103 [1457434752] INFO perfrun.perfcollector <> - format: filter_tid config1:0-5 mask:0-5
103 [1457434752] INFO perfrun.perfcollector <> - format: edge config:18 mask:18
103 [1457434752] INFO perfrun.perfcollector <> - format: filter_nid config1:32-47 mask:32-47
103 [1457434752] INFO perfrun.perfcollector <> - format: filter_link config1:6-8 mask:6-8
103 [1457434752] INFO perfrun.perfcollector <> - format: filter_state config1:17-23 mask:17-23
103 [1457434752] INFO perfrun.perfcollector <> - format: filter_isoc config1:63 mask:63
103 [1457434752] INFO perfrun.perfcollector <> - format: tid_en config:19 mask:19
103 [1457434752] INFO perfrun.perfcollector <> - format: thresh config:24-31 mask:24-31
103 [1457434752] INFO perfrun.perfcollector <> - format: umask config:8-15 mask:8-15
103 [1457434752] INFO perfrun.perfcollector <> - format: filter_opc config1:52-60 mask:52-60
103 [1457434752] INFO perfrun.perfcollector <> - format: filter_c6 config1:61 mask:61
103 [1457434752] WARN perfrun.perfcollector <> - pmu hwInfo is not set, at file: vcs/perfrun1/plugins/perfcollector/src/controller.cpp:657
103 [1457434752] INFO perfrun.perfcollector <> - pmu added : family : uncore_cbox , id : 1
103 [1457434752] INFO perfrun.perfcollector <> - dir found : /sys/bus/event_source/devices/uncore_r3qpi_0
103 [1457434752] INFO perfrun.perfcollector <> - format: event config:0-7 mask:0-7
103 [1457434752] INFO perfrun.perfcollector <> - format: edge config:18 mask:18
104 [1457434752] INFO perfrun.perfcollector <> - format: thresh config:24-31 mask:24-31
104 [1457434752] INFO perfrun.perfcollector <> - format: inv config:23 mask:23
104 [1457434752] INFO perfrun.perfcollector <> - format: umask config:8-15 mask:8-15
104 [1457434752] WARN perfrun.perfcollector <> - pmu hwInfo is not set, at file: vcs/perfrun1/plugins/perfcollector/src/controller.cpp:657
104 [1457434752] INFO perfrun.perfcollector <> - pmu added : family : uncore_r3qpi , id : 0
104 [1457434752] INFO perfrun.perfcollector <> - dir found : /sys/bus/event_source/devices/uncore_cbox_13
104 [1457434752] INFO perfrun.perfcollector <> - format: filter_nc config1:62 mask:62
104 [1457434752] INFO perfrun.perfcollector <> - format: event config:0-7 mask:0-7
104 [1457434752] INFO perfrun.perfcollector <> - format: filter_tid config1:0-5 mask:0-5
104 [1457434752] INFO perfrun.perfcollector <> - format: edge config:18 mask:18
104 [1457434752] INFO perfrun.perfcollector <> - format: filter_nid config1:32-47 mask:32-47
104 [1457434752] INFO perfrun.perfcollector <> - format: filter_link config1:6-8 mask:6-8
104 [1457434752] INFO perfrun.perfcollector <> - format: filter_state config1:17-23 mask:17-23
104 [1457434752] INFO perfrun.perfcollector <> - format: filter_isoc config1:63 mask:63
104 [1457434752] INFO perfrun.perfcollector <> - format: tid_en config:19 mask:19
104 [1457434752] INFO perfrun.perfcollector <> - format: thresh config:24-31 mask:24-31
104 [1457434752] INFO perfrun.perfcollector <> - format: umask config:8-15 mask:8-15
104 [1457434752] INFO perfrun.perfcollector <> - format: filter_opc config1:52-60 mask:52-60
104 [1457434752] INFO perfrun.perfcollector <> - format: filter_c6 config1:61 mask:61
104 [1457434752] WARN perfrun.perfcollector <> - pmu hwInfo is not set, at file: vcs/perfrun1/plugins/perfcollector/src/controller.cpp:657
104 [1457434752] INFO perfrun.perfcollector <> - pmu added : family : uncore_cbox , id : 13
104 [1457434752] INFO perfrun.perfcollector <> - dir found : /sys/bus/event_source/devices/power
104 [1457434752] INFO perfrun.perfcollector <> - format: event config:0-7 mask:0-7
104 [1457434752] WARN perfrun.perfcollector <> - pmu hwInfo is not set, at file: vcs/perfrun1/plugins/perfcollector/src/controller.cpp:657
104 [1457434752] INFO perfrun.perfcollector <> - pmu added : family : power , id : 0
104 [1457434752] INFO perfrun.perfcollector <> - dir found : /sys/bus/event_source/devices/cpu
104 [1457434752] INFO perfrun.perfcollector <> - format: cmask config:24-31 mask:24-31
104 [1457434752] INFO perfrun.perfcollector <> - format: pc config:19 mask:19
104 [1457434752] INFO perfrun.perfcollector <> - format: event config:0-7 mask:0-7
104 [1457434752] INFO perfrun.perfcollector <> - format: edge config:18 mask:18
104 [1457434752] INFO perfrun.perfcollector <> - format: in_tx config:32 mask:32
105 [1457434752] INFO perfrun.perfcollector <> - format: any config:21 mask:21
105 [1457434752] INFO perfrun.perfcollector <> - format: ldlat config1:0-15 mask:0-15
105 [1457434752] INFO perfrun.perfcollector <> - format: inv config:23 mask:23
105 [1457434752] INFO perfrun.perfcollector <> - format: umask config:8-15 mask:8-15
105 [1457434752] INFO perfrun.perfcollector <> - format: in_tx_cp config:33 mask:33
105 [1457434752] INFO perfrun.perfcollector <> - format: offcore_rsp config1:0-63 mask:0-63
105 [1457434752] INFO perfrun.perfcollector <> - hwInfo : PERF_CPU_PMU_DETAILS
105 [1457434752] INFO perfrun.perfcollector <> - pmu added : family : cpu , id : 0
105 [1457434752] INFO perfrun.perfcollector <> - dir found : /sys/bus/event_source/devices/uncore_cbox_11
105 [1457434752] INFO perfrun.perfcollector <> - format: filter_nc config1:62 mask:62
105 [1457434752] INFO perfrun.perfcollector <> - format: event config:0-7 mask:0-7
105 [1457434752] INFO perfrun.perfcollector <> - format: filter_tid config1:0-5 mask:0-5
105 [1457434752] INFO perfrun.perfcollector <> - format: edge config:18 mask:18
105 [1457434752] INFO perfrun.perfcollector <> - format: filter_nid config1:32-47 mask:32-47
105 [1457434752] INFO perfrun.perfcollector <> - format: filter_link config1:6-8 mask:6-8
105 [1457434752] INFO perfrun.perfcollector <> - format: filter_state config1:17-23 mask:17-23
105 [1457434752] INFO perfrun.perfcollector <> - format: filter_isoc config1:63 mask:63
105 [1457434752] INFO perfrun.perfcollector <> - format: tid_en config:19 mask:19
105 [1457434752] INFO perfrun.perfcollector <> - format: thresh config:24-31 mask:24-31
105 [1457434752] INFO perfrun.perfcollector <> - format: umask config:8-15 mask:8-15
105 [1457434752] INFO perfrun.perfcollector <> - format: filter_opc config1:52-60 mask:52-60
105 [1457434752] INFO perfrun.perfcollector <> - format: filter_c6 config1:61 mask:61
105 [1457434752] WARN perfrun.perfcollector <> - pmu hwInfo is not set, at file: vcs/perfrun1/plugins/perfcollector/src/controller.cpp:657
105 [1457434752] INFO perfrun.perfcollector <> - pmu added : family : uncore_cbox , id : 11
105 [1457434752] INFO perfrun.perfcollector <> - dir found : /sys/bus/event_source/devices/uncore_cbox_8
105 [1457434752] INFO perfrun.perfcollector <> - format: filter_nc config1:62 mask:62
105 [1457434752] INFO perfrun.perfcollector <> - format: event config:0-7 mask:0-7
105 [1457434752] INFO perfrun.perfcollector <> - format: filter_tid config1:0-5 mask:0-5
105 [1457434752] INFO perfrun.perfcollector <> - format: edge config:18 mask:18
106 [1457434752] INFO perfrun.perfcollector <> - format: filter_nid config1:32-47 mask:32-47
106 [1457434752] INFO perfrun.perfcollector <> - format: filter_link config1:6-8 mask:6-8
106 [1457434752] INFO perfrun.perfcollector <> - format: filter_state config1:17-23 mask:17-23
106 [1457434752] INFO perfrun.perfcollector <> - format: filter_isoc config1:63 mask:63
106 [1457434752] INFO perfrun.perfcollector <> - format: tid_en config:19 mask:19
106 [1457434752] INFO perfrun.perfcollector <> - format: thresh config:24-31 mask:24-31
106 [1457434752] INFO perfrun.perfcollector <> - format: umask config:8-15 mask:8-15
106 [1457434752] INFO perfrun.perfcollector <> - format: filter_opc config1:52-60 mask:52-60
106 [1457434752] INFO perfrun.perfcollector <> - format: filter_c6 config1:61 mask:61
106 [1457434752] WARN perfrun.perfcollector <> - pmu hwInfo is not set, at file: vcs/perfrun1/plugins/perfcollector/src/controller.cpp:657
106 [1457434752] INFO perfrun.perfcollector <> - pmu added : family : uncore_cbox , id : 8
106 [1457434752] INFO perfrun.perfcollector <> - dir found : /sys/bus/event_source/devices/uncore_imc_5
106 [1457434752] INFO perfrun.perfcollector <> - format: event config:0-7 mask:0-7
106 [1457434752] INFO perfrun.perfcollector <> - format: edge config:18 mask:18
106 [1457434752] INFO perfrun.perfcollector <> - format: thresh config:24-31 mask:24-31
106 [1457434752] INFO perfrun.perfcollector <> - format: inv config:23 mask:23
106 [1457434752] INFO perfrun.perfcollector <> - format: umask config:8-15 mask:8-15
106 [1457434752] INFO perfrun.perfcollector <> - hwInfo : PERF_IMC_PMU_DETAILS
106 [1457434752] INFO perfrun.perfcollector <> - pmu added : family : uncore_imc , id : 5
106 [1457434752] INFO perfrun.perfcollector <> - dir found : /sys/bus/event_source/devices/uncore_sbox_2
106 [1457434752] INFO perfrun.perfcollector <> - format: event config:0-7 mask:0-7
106 [1457434752] INFO perfrun.perfcollector <> - format: edge config:18 mask:18
106 [1457434752] INFO perfrun.perfcollector <> - format: tid_en config:19 mask:19
106 [1457434752] INFO perfrun.perfcollector <> - format: thresh config:24-31 mask:24-31
106 [1457434752] INFO perfrun.perfcollector <> - format: inv config:23 mask:23
106 [1457434752] INFO perfrun.perfcollector <> - format: umask config:8-15 mask:8-15
106 [1457434752] WARN perfrun.perfcollector <> - pmu hwInfo is not set, at file: vcs/perfrun1/plugins/perfcollector/src/controller.cpp:657
106 [1457434752] INFO perfrun.perfcollector <> - pmu added : family : uncore_sbox , id : 2
106 [1457434752] INFO perfrun.perfcollector <> - dir found : /sys/bus/event_source/devices/software
106 [1457434752] WARN perfrun.perfcollector <> - format subdir doesn't exist, at file: vcs/perfrun1/plugins/perfcollector/src/controller.cpp:578
106 [1457434752] WARN perfrun.perfcollector <> - pmu hwInfo is not set, at file: vcs/perfrun1/plugins/perfcollector/src/controller.cpp:657
106 [1457434752] INFO perfrun.perfcollector <> - pmu added : family : software , id : 0
106 [1457434752] INFO perfrun.perfcollector <> - dir found : /sys/bus/event_source/devices/kprobe
107 [1457434752] INFO perfrun.perfcollector <> - format: retprobe config:0 mask:0
107 [1457434752] WARN perfrun.perfcollector <> - pmu hwInfo is not set, at file: vcs/perfrun1/plugins/perfcollector/src/controller.cpp:657
110 [1457434752] INFO perfrun.perfcollector <> - pmu added : family : kprobe , id : 0
110 [1457434752] INFO perfrun.perfcollector <> - dir found : /sys/bus/event_source/devices/uncore_cbox_6
110 [1457434752] INFO perfrun.perfcollector <> - format: filter_nc config1:62 mask:62
110 [1457434752] INFO perfrun.perfcollector <> - format: event config:0-7 mask:0-7
110 [1457434752] INFO perfrun.perfcollector <> - format: filter_tid config1:0-5 mask:0-5
110 [1457434752] INFO perfrun.perfcollector <> - format: edge config:18 mask:18
110 [1457434752] INFO perfrun.perfcollector <> - format: filter_nid config1:32-47 mask:32-47
110 [1457434752] INFO perfrun.perfcollector <> - format: filter_link config1:6-8 mask:6-8
110 [1457434752] INFO perfrun.perfcollector <> - format: filter_state config1:17-23 mask:17-23
110 [1457434752] INFO perfrun.perfcollector <> - format: filter_isoc config1:63 mask:63
110 [1457434752] INFO perfrun.perfcollector <> - format: tid_en config:19 mask:19
110 [1457434752] INFO perfrun.perfcollector <> - format: thresh config:24-31 mask:24-31
110 [1457434752] INFO perfrun.perfcollector <> - format: umask config:8-15 mask:8-15
110 [1457434752] INFO perfrun.perfcollector <> - format: filter_opc config1:52-60 mask:52-60
110 [1457434752] INFO perfrun.perfcollector <> - format: filter_c6 config1:61 mask:61
110 [1457434752] WARN perfrun.perfcollector <> - pmu hwInfo is not set, at file: vcs/perfrun1/plugins/perfcollector/src/controller.cpp:657
110 [1457434752] INFO perfrun.perfcollector <> - pmu added : family : uncore_cbox , id : 6
110 [1457434752] INFO perfrun.perfcollector <> - dir found : /sys/bus/event_source/devices/uncore_ha_1
110 [1457434752] INFO perfrun.perfcollector <> - format: event config:0-7 mask:0-7
111 [1457434752] INFO perfrun.perfcollector <> - format: edge config:18 mask:18
111 [1457434752] INFO perfrun.perfcollector <> - format: thresh config:24-31 mask:24-31
111 [1457434752] INFO perfrun.perfcollector <> - format: inv config:23 mask:23
111 [1457434752] INFO perfrun.perfcollector <> - format: umask config:8-15 mask:8-15
111 [1457434752] WARN perfrun.perfcollector <> - pmu hwInfo is not set, at file: vcs/perfrun1/plugins/perfcollector/src/controller.cpp:657
111 [1457434752] INFO perfrun.perfcollector <> - pmu added : family : uncore_ha , id : 1
111 [1457434752] INFO perfrun.perfcollector <> - dir found : /sys/bus/event_source/devices/uncore_r2pcie
111 [1457434752] INFO perfrun.perfcollector <> - format: event config:0-7 mask:0-7
111 [1457434752] INFO perfrun.perfcollector <> - format: edge config:18 mask:18
111 [1457434752] INFO perfrun.perfcollector <> - format: thresh config:24-31 mask:24-31
111 [1457434752] INFO perfrun.perfcollector <> - format: inv config:23 mask:23
111 [1457434752] INFO perfrun.perfcollector <> - format: umask config:8-15 mask:8-15
111 [1457434752] WARN perfrun.perfcollector <> - pmu hwInfo is not set, at file: vcs/perfrun1/plugins/perfcollector/src/controller.cpp:657
111 [1457434752] INFO perfrun.perfcollector <> - pmu added : family : uncore_r2pcie , id : 0
111 [1457434752] INFO perfrun.perfcollector <> - dir found : /sys/bus/event_source/devices/uncore_sbox_0
111 [1457434752] INFO perfrun.perfcollector <> - format: event config:0-7 mask:0-7
111 [1457434752] INFO perfrun.perfcollector <> - format: edge config:18 mask:18
111 [1457434752] INFO perfrun.perfcollector <> - format: tid_en config:19 mask:19
111 [1457434752] INFO perfrun.perfcollector <> - format: thresh config:24-31 mask:24-31
111 [1457434752] INFO perfrun.perfcollector <> - format: inv config:23 mask:23
111 [1457434752] INFO perfrun.perfcollector <> - format: umask config:8-15 mask:8-15
111 [1457434752] WARN perfrun.perfcollector <> - pmu hwInfo is not set, at file: vcs/perfrun1/plugins/perfcollector/src/controller.cpp:657
111 [1457434752] INFO perfrun.perfcollector <> - pmu added : family : uncore_sbox , id : 0
111 [1457434752] INFO perfrun.perfcollector <> - dir found : /sys/bus/event_source/devices/uncore_cbox_4
111 [1457434752] INFO perfrun.perfcollector <> - format: filter_nc config1:62 mask:62
111 [1457434752] INFO perfrun.perfcollector <> - format: event config:0-7 mask:0-7
111 [1457434752] INFO perfrun.perfcollector <> - format: filter_tid config1:0-5 mask:0-5
111 [1457434752] INFO perfrun.perfcollector <> - format: edge config:18 mask:18
111 [1457434752] INFO perfrun.perfcollector <> - format: filter_nid config1:32-47 mask:32-47
111 [1457434752] INFO perfrun.perfcollector <> - format: filter_link config1:6-8 mask:6-8
111 [1457434752] INFO perfrun.perfcollector <> - format: filter_state config1:17-23 mask:17-23
112 [1457434752] INFO perfrun.perfcollector <> - format: filter_isoc config1:63 mask:63
112 [1457434752] INFO perfrun.perfcollector <> - format: tid_en config:19 mask:19
112 [1457434752] INFO perfrun.perfcollector <> - format: thresh config:24-31 mask:24-31
112 [1457434752] INFO perfrun.perfcollector <> - format: umask config:8-15 mask:8-15
112 [1457434752] INFO perfrun.perfcollector <> - format: filter_opc config1:52-60 mask:52-60
112 [1457434752] INFO perfrun.perfcollector <> - format: filter_c6 config1:61 mask:61
112 [1457434752] WARN perfrun.perfcollector <> - pmu hwInfo is not set, at file: vcs/perfrun1/plugins/perfcollector/src/controller.cpp:657
112 [1457434752] INFO perfrun.perfcollector <> - pmu added : family : uncore_cbox , id : 4
112 [1457434752] INFO perfrun.perfcollector <> - dir found : /sys/bus/event_source/devices/uncore_qpi_1
112 [1457434752] INFO perfrun.perfcollector <> - format: match_rds config1:48-51 mask:48-51
112 [1457434752] INFO perfrun.perfcollector <> - format: match_dnid config1:13-17 mask:13-17
112 [1457434752] INFO perfrun.perfcollector <> - format: match_rnid30 config1:32-35 mask:32-35
112 [1457434752] INFO perfrun.perfcollector <> - format: match_rnid4 config1:31 mask:31
112 [1457434752] INFO perfrun.perfcollector <> - format: event config:0-7,21 mask:0-7,21
112 [1457434752] INFO perfrun.perfcollector <> - format: mask_mc config2:9-12 mask:9-12
112 [1457434752] INFO perfrun.perfcollector <> - format: mask_vnw config2:3-4 mask:3-4
112 [1457434752] INFO perfrun.perfcollector <> - format: edge config:18 mask:18
112 [1457434752] INFO perfrun.perfcollector <> - format: mask_dnid config2:13-17 mask:13-17
112 [1457434752] INFO perfrun.perfcollector <> - format: mask_rnid30 config2:32-35 mask:32-35
112 [1457434752] INFO perfrun.perfcollector <> - format: match_vnw config1:3-4 mask:3-4
112 [1457434752] INFO perfrun.perfcollector <> - format: mask1 config2:32-63 mask:32-63
112 [1457434752] INFO perfrun.perfcollector <> - format: match1 config1:32-63 mask:32-63
112 [1457434752] INFO perfrun.perfcollector <> - format: mask_opc config2:5-8 mask:5-8
112 [1457434752] INFO perfrun.perfcollector <> - format: mask_rnid4 config2:31 mask:31
112 [1457434752] INFO perfrun.perfcollector <> - format: thresh config:24-31 mask:24-31
112 [1457434752] INFO perfrun.perfcollector <> - format: inv config:23 mask:23
112 [1457434752] INFO perfrun.perfcollector <> - format: match_mc config1:9-12 mask:9-12
112 [1457434752] INFO perfrun.perfcollector <> - format: match_opc config1:5-8 mask:5-8
112 [1457434752] INFO perfrun.perfcollector <> - format: umask config:8-15 mask:8-15
112 [1457434752] INFO perfrun.perfcollector <> - format: mask_rds config2:48-51 mask:48-51
112 [1457434752] INFO perfrun.perfcollector <> - format: mask0 config2:0-31 mask:0-31
113 [1457434752] INFO perfrun.perfcollector <> - format: match0 config1:0-31 mask:0-31
113 [1457434752] INFO perfrun.perfcollector <> - hwInfo : PERF_QPI_PMU_DETAILS
113 [1457434752] INFO perfrun.perfcollector <> - pmu added : family : uncore_qpi , id : 1
113 [1457434752] INFO perfrun.perfcollector <> - dir found : /sys/bus/event_source/devices/uncore_imc_1
113 [1457434752] INFO perfrun.perfcollector <> - format: event config:0-7 mask:0-7
113 [1457434752] INFO perfrun.perfcollector <> - format: edge config:18 mask:18
113 [1457434752] INFO perfrun.perfcollector <> - format: thresh config:24-31 mask:24-31
113 [1457434752] INFO perfrun.perfcollector <> - format: inv config:23 mask:23
113 [1457434752] INFO perfrun.perfcollector <> - format: umask config:8-15 mask:8-15
113 [1457434752] INFO perfrun.perfcollector <> - hwInfo : PERF_IMC_PMU_DETAILS
113 [1457434752] INFO perfrun.perfcollector <> - pmu added : family : uncore_imc , id : 1
113 [1457434752] INFO perfrun.perfcollector <> - dir found : /sys/bus/event_source/devices/uncore_cbox_2
113 [1457434752] INFO perfrun.perfcollector <> - format: filter_nc config1:62 mask:62
113 [1457434752] INFO perfrun.perfcollector <> - format: event config:0-7 mask:0-7
113 [1457434752] INFO perfrun.perfcollector <> - format: filter_tid config1:0-5 mask:0-5
113 [1457434752] INFO perfrun.perfcollector <> - format: edge config:18 mask:18
113 [1457434752] INFO perfrun.perfcollector <> - format: filter_nid config1:32-47 mask:32-47
113 [1457434752] INFO perfrun.perfcollector <> - format: filter_link config1:6-8 mask:6-8
113 [1457434752] INFO perfrun.perfcollector <> - format: filter_state config1:17-23 mask:17-23
113 [1457434752] INFO perfrun.perfcollector <> - format: filter_isoc config1:63 mask:63
113 [1457434752] INFO perfrun.perfcollector <> - format: tid_en config:19 mask:19
113 [1457434752] INFO perfrun.perfcollector <> - format: thresh config:24-31 mask:24-31
113 [1457434752] INFO perfrun.perfcollector <> - format: umask config:8-15 mask:8-15
113 [1457434752] INFO perfrun.perfcollector <> - format: filter_opc config1:52-60 mask:52-60
113 [1457434752] INFO perfrun.perfcollector <> - format: filter_c6 config1:61 mask:61
113 [1457434752] WARN perfrun.perfcollector <> - pmu hwInfo is not set, at file: vcs/perfrun1/plugins/perfcollector/src/controller.cpp:657
113 [1457434752] INFO perfrun.perfcollector <> - pmu added : family : uncore_cbox , id : 2
113 [1457434752] INFO perfrun.perfcollector <> - dir found : /sys/bus/event_source/devices/uncore_r3qpi_1
113 [1457434752] INFO perfrun.perfcollector <> - format: event config:0-7 mask:0-7
113 [1457434752] INFO perfrun.perfcollector <> - format: edge config:18 mask:18
113 [1457434752] INFO perfrun.perfcollector <> - format: thresh config:24-31 mask:24-31
114 [1457434752] INFO perfrun.perfcollector <> - format: inv config:23 mask:23
114 [1457434752] INFO perfrun.perfcollector <> - format: umask config:8-15 mask:8-15
114 [1457434752] WARN perfrun.perfcollector <> - pmu hwInfo is not set, at file: vcs/perfrun1/plugins/perfcollector/src/controller.cpp:657
114 [1457434752] INFO perfrun.perfcollector <> - pmu added : family : uncore_r3qpi , id : 1
114 [1457434752] INFO perfrun.perfcollector <> - dir found : /sys/bus/event_source/devices/uncore_cbox_0
114 [1457434752] INFO perfrun.perfcollector <> - format: filter_nc config1:62 mask:62
114 [1457434752] INFO perfrun.perfcollector <> - format: event config:0-7 mask:0-7
114 [1457434752] INFO perfrun.perfcollector <> - format: filter_tid config1:0-5 mask:0-5
114 [1457434752] INFO perfrun.perfcollector <> - format: edge config:18 mask:18
114 [1457434752] INFO perfrun.perfcollector <> - format: filter_nid config1:32-47 mask:32-47
114 [1457434752] INFO perfrun.perfcollector <> - format: filter_link config1:6-8 mask:6-8
114 [1457434752] INFO perfrun.perfcollector <> - format: filter_state config1:17-23 mask:17-23
114 [1457434752] INFO perfrun.perfcollector <> - format: filter_isoc config1:63 mask:63
114 [1457434752] INFO perfrun.perfcollector <> - format: tid_en config:19 mask:19
114 [1457434752] INFO perfrun.perfcollector <> - format: thresh config:24-31 mask:24-31
114 [1457434752] INFO perfrun.perfcollector <> - format: umask config:8-15 mask:8-15
114 [1457434752] INFO perfrun.perfcollector <> - format: filter_opc config1:52-60 mask:52-60
114 [1457434752] INFO perfrun.perfcollector <> - format: filter_c6 config1:61 mask:61
114 [1457434752] WARN perfrun.perfcollector <> - pmu hwInfo is not set, at file: vcs/perfrun1/plugins/perfcollector/src/controller.cpp:657
114 [1457434752] INFO perfrun.perfcollector <> - pmu added : family : uncore_cbox , id : 0
114 [1457434752] INFO perfrun.perfcollector <> - dir found : /sys/bus/event_source/devices/cstate_core
114 [1457434752] INFO perfrun.perfcollector <> - format: event config:0-63 mask:0-63
114 [1457434752] WARN perfrun.perfcollector <> - pmu hwInfo is not set, at file: vcs/perfrun1/plugins/perfcollector/src/controller.cpp:657
114 [1457434752] INFO perfrun.perfcollector <> - pmu added : family : cstate_core , id : 0
114 [1457434752] INFO perfrun.perfcollector <> - dir found : /sys/bus/event_source/devices/uncore_cbox_12
114 [1457434752] INFO perfrun.perfcollector <> - format: filter_nc config1:62 mask:62
114 [1457434752] INFO perfrun.perfcollector <> - format: event config:0-7 mask:0-7
114 [1457434752] INFO perfrun.perfcollector <> - format: filter_tid config1:0-5 mask:0-5
114 [1457434752] INFO perfrun.perfcollector <> - format: edge config:18 mask:18
114 [1457434752] INFO perfrun.perfcollector <> - format: filter_nid config1:32-47 mask:32-47
114 [1457434752] INFO perfrun.perfcollector <> - format: filter_link config1:6-8 mask:6-8
115 [1457434752] INFO perfrun.perfcollector <> - format: filter_state config1:17-23 mask:17-23
115 [1457434752] INFO perfrun.perfcollector <> - format: filter_isoc config1:63 mask:63
115 [1457434752] INFO perfrun.perfcollector <> - format: tid_en config:19 mask:19
115 [1457434752] INFO perfrun.perfcollector <> - format: thresh config:24-31 mask:24-31
115 [1457434752] INFO perfrun.perfcollector <> - format: umask config:8-15 mask:8-15
115 [1457434752] INFO perfrun.perfcollector <> - format: filter_opc config1:52-60 mask:52-60
115 [1457434752] INFO perfrun.perfcollector <> - format: filter_c6 config1:61 mask:61
115 [1457434752] WARN perfrun.perfcollector <> - pmu hwInfo is not set, at file: vcs/perfrun1/plugins/perfcollector/src/controller.cpp:657
115 [1457434752] INFO perfrun.perfcollector <> - pmu added : family : uncore_cbox , id : 12
115 [1457434752] INFO perfrun.perfcollector <> - dir found : /sys/bus/event_source/devices/tracepoint
115 [1457434752] WARN perfrun.perfcollector <> - format subdir doesn't exist, at file: vcs/perfrun1/plugins/perfcollector/src/controller.cpp:578
115 [1457434752] WARN perfrun.perfcollector <> - pmu hwInfo is not set, at file: vcs/perfrun1/plugins/perfcollector/src/controller.cpp:657
115 [1457434752] INFO perfrun.perfcollector <> - pmu added : family : tracepoint , id : 0
115 [1457434752] INFO perfrun.perfcollector <> - dir found : /sys/bus/event_source/devices/uncore_cbox_9
115 [1457434752] INFO perfrun.perfcollector <> - format: filter_nc config1:62 mask:62
115 [1457434752] INFO perfrun.perfcollector <> - format: event config:0-7 mask:0-7
115 [1457434752] INFO perfrun.perfcollector <> - format: filter_tid config1:0-5 mask:0-5
115 [1457434752] INFO perfrun.perfcollector <> - format: edge config:18 mask:18
115 [1457434752] INFO perfrun.perfcollector <> - format: filter_nid config1:32-47 mask:32-47
115 [1457434752] INFO perfrun.perfcollector <> - format: filter_link config1:6-8 mask:6-8
115 [1457434752] INFO perfrun.perfcollector <> - format: filter_state config1:17-23 mask:17-23
115 [1457434752] INFO perfrun.perfcollector <> - format: filter_isoc config1:63 mask:63
115 [1457434752] INFO perfrun.perfcollector <> - format: tid_en config:19 mask:19
115 [1457434752] INFO perfrun.perfcollector <> - format: thresh config:24-31 mask:24-31
115 [1457434752] INFO perfrun.perfcollector <> - format: umask config:8-15 mask:8-15
115 [1457434752] INFO perfrun.perfcollector <> - format: filter_opc config1:52-60 mask:52-60
115 [1457434752] INFO perfrun.perfcollector <> - format: filter_c6 config1:61 mask:61
115 [1457434752] WARN perfrun.perfcollector <> - pmu hwInfo is not set, at file: vcs/perfrun1/plugins/perfcollector/src/controller.cpp:657
115 [1457434752] INFO perfrun.perfcollector <> - pmu added : family : uncore_cbox , id : 9
115 [1457434752] INFO perfrun.perfcollector <> - dir found : /sys/bus/event_source/devices/msr
115 [1457434752] INFO perfrun.perfcollector <> - format: event config:0-63 mask:0-63
115 [1457434752] WARN perfrun.perfcollector <> - pmu hwInfo is not set, at file: vcs/perfrun1/plugins/perfcollector/src/controller.cpp:657
115 [1457434752] INFO perfrun.perfcollector <> - pmu added : family : msr , id : 0
115 [1457434752] INFO perfrun.perfcollector <> - dir found : /sys/bus/event_source/devices/uncore_cbox_10
116 [1457434752] INFO perfrun.perfcollector <> - format: filter_nc config1:62 mask:62
116 [1457434752] INFO perfrun.perfcollector <> - format: event config:0-7 mask:0-7
116 [1457434752] INFO perfrun.perfcollector <> - format: filter_tid config1:0-5 mask:0-5
116 [1457434752] INFO perfrun.perfcollector <> - format: edge config:18 mask:18
116 [1457434752] INFO perfrun.perfcollector <> - format: filter_nid config1:32-47 mask:32-47
116 [1457434752] INFO perfrun.perfcollector <> - format: filter_link config1:6-8 mask:6-8
116 [1457434752] INFO perfrun.perfcollector <> - format: filter_state config1:17-23 mask:17-23
116 [1457434752] INFO perfrun.perfcollector <> - format: filter_isoc config1:63 mask:63
116 [1457434752] INFO perfrun.perfcollector <> - format: tid_en config:19 mask:19
116 [1457434752] INFO perfrun.perfcollector <> - format: thresh config:24-31 mask:24-31
116 [1457434752] INFO perfrun.perfcollector <> - format: umask config:8-15 mask:8-15
116 [1457434752] INFO perfrun.perfcollector <> - format: filter_opc config1:52-60 mask:52-60
116 [1457434752] INFO perfrun.perfcollector <> - format: filter_c6 config1:61 mask:61
116 [1457434752] WARN perfrun.perfcollector <> - pmu hwInfo is not set, at file: vcs/perfrun1/plugins/perfcollector/src/controller.cpp:657
116 [1457434752] INFO perfrun.perfcollector <> - pmu added : family : uncore_cbox , id : 10
116 [1457434752] INFO perfrun.perfcollector <> - dir found : /sys/bus/event_source/devices/uncore_sbox_3
116 [1457434752] INFO perfrun.perfcollector <> - format: event config:0-7 mask:0-7
116 [1457434752] INFO perfrun.perfcollector <> - format: edge config:18 mask:18
116 [1457434752] INFO perfrun.perfcollector <> - format: tid_en config:19 mask:19
116 [1457434752] INFO perfrun.perfcollector <> - format: thresh config:24-31 mask:24-31
116 [1457434752] INFO perfrun.perfcollector <> - format: inv config:23 mask:23
116 [1457434752] INFO perfrun.perfcollector <> - format: umask config:8-15 mask:8-15
116 [1457434752] WARN perfrun.perfcollector <> - pmu hwInfo is not set, at file: vcs/perfrun1/plugins/perfcollector/src/controller.cpp:657
116 [1457434752] INFO perfrun.perfcollector <> - pmu added : family : uncore_sbox , id : 3
116 [1457434752] INFO perfrun.perfcollector <> - dir found : /sys/bus/event_source/devices/uncore_cbox_7
116 [1457434752] INFO perfrun.perfcollector <> - format: filter_nc config1:62 mask:62
116 [1457434752] INFO perfrun.perfcollector <> - format: event config:0-7 mask:0-7
116 [1457434752] INFO perfrun.perfcollector <> - format: filter_tid config1:0-5 mask:0-5
116 [1457434752] INFO perfrun.perfcollector <> - format: edge config:18 mask:18
116 [1457434752] INFO perfrun.perfcollector <> - format: filter_nid config1:32-47 mask:32-47
116 [1457434752] INFO perfrun.perfcollector <> - format: filter_link config1:6-8 mask:6-8
117 [1457434752] INFO perfrun.perfcollector <> - format: filter_state config1:17-23 mask:17-23
117 [1457434752] INFO perfrun.perfcollector <> - format: filter_isoc config1:63 mask:63
117 [1457434752] INFO perfrun.perfcollector <> - format: tid_en config:19 mask:19
117 [1457434752] INFO perfrun.perfcollector <> - format: thresh config:24-31 mask:24-31
117 [1457434752] INFO perfrun.perfcollector <> - format: umask config:8-15 mask:8-15
117 [1457434752] INFO perfrun.perfcollector <> - format: filter_opc config1:52-60 mask:52-60
117 [1457434752] INFO perfrun.perfcollector <> - format: filter_c6 config1:61 mask:61
117 [1457434752] WARN perfrun.perfcollector <> - pmu hwInfo is not set, at file: vcs/perfrun1/plugins/perfcollector/src/controller.cpp:657
117 [1457434752] INFO perfrun.perfcollector <> - pmu added : family : uncore_cbox , id : 7
117 [1457434752] INFO perfrun.launcher <> - plugin perf has been added successfully
117 [1457434752] INFO perfrun.launcher <> - plugin tpss has been added successfully
117 [1457434752] INFO perfrun.launcher <> - plugin cuscol has been added successfully
117 [1457434752] INFO perfrun.launcher <> - plugin exprof has been added successfully
117 [1457434752] INFO perfrun.launcher <> - plugin dpdk has been added successfully
117 [1457434752] INFO perfrun.launcher <> - plugin media has been added successfully
117 [1457434752] INFO perfrun.launcher <> - plugin commcollector has been added successfully
117 [1457434752] INFO perfrun.launcher <> - plugin cve has been added successfully
118 [1457434752] INFO perfrun.launcher <> - the option was added --interval: Specify an interval of data collection (for example, sampling) in milliseconds.
118 [1457434752] INFO perfrun.launcher <> - the option was added --follow-child: Profile process with or without children.
118 [1457434752] INFO perfrun.launcher <> - the option was added --gelding: BADMSG: perfrun1.launcher.plugin_manager::gelding
118 [1457434752] INFO perfrun.launcher <> - the option was added --time-source: Specify time source for measurement. Possible values: sys - wall clock time; tsc - time stamp counter; ext - time from an external source; auto - auto select accurate time source.
118 [1457434752] INFO perfrun.launcher <> - the option was added --stack: Enable or disable collection of stacks.
118 [1457434752] INFO perfrun.launcher <> - the option was added --stack-stitching: Enable or disable the stack stitching algorithm for Intel TBB-based applications.
118 [1457434752] INFO perfrun.launcher <> - the option was added --type: Specify type of data to be collected. For example, --type cpu:counters,waiting:nostack,io.
118 [1457434752] INFO perfrun.launcher <> - the option was added --mrte-mode: Specify Java/.NET/other managed runtime collection mode. Possible values: native - collect information only for native code; managed - collect information only for managed code; mixed - collect information for both managed and native code; auto - choose the mode based on binary type.
118 [1457434752] INFO perfrun.launcher <> - the option was added --mrte-mode-list: List supported Java/.NET/other managed runtime collection modes.
118 [1457434752] INFO perfrun.launcher <> - the option was added --mrte-type: Specify which managed runtimes to collect. Possible values: java - collect information for Java; dotnet - collect information for .NET; python - collect information for CPython. You can specify several values separated by comma.
118 [1457434752] INFO perfrun.launcher <> - the option was added --mrte-type-list: List supported Java/.NET/other managed runtime types.
119 [1457434752] INFO perfrun.launcher <> - the option was added --trace-strategy: Specify how to profile a process tree. <string> can be "<process>:trace:notrace" - profile the process but do not profile its children. Shorthand parameters: t - trace, nt - notrace. For example, "vtunedemo.exe:t:t".
119 [1457434752] INFO perfrun.launcher <> - the option was added --collector: BADMSG: perfrun1.launcher.plugin_manager::collector
119 [1457434752] INFO perfrun.launcher <> - the option was added --system-wide: Enable system-wide profiling. This mode may require additional permissions.
119 [1457434752] INFO perfrun.launcher <> - the option was added --kvm-guest: Enable KVM guest OS profiling.
119 [1457434752] INFO perfrun.launcher <> - the option was added --kvm-guest-kallsyms: Specify a local path to the /proc/kallsyms file copied from the guest OS for proper symbol resolution.
119 [1457434752] INFO perfrun.launcher <> - the option was added --kvm-guest-modules: Specify a local path to the /proc/modules file copied from the guest OS for proper symbol resolution.
119 [1457434752] INFO perfrun.launcher <> - the option was added --target-system: BADMSG: perfrun1.launcher.plugin_manager::target-system
119 [1457434752] INFO perfrun.launcher <> - the option was added --dump-vdso: Dump [vdso] to result directory
119 [1457434752] INFO perfrun.launcher <> - the option was added --bandwidth-limits: Measure bandwidth limits
119 [1457434752] INFO perfrun.launcher <> - the option was added --bandwidth-strategy: Bandwidth limits determination specific properties (example: --bandwidth-strategy array-size=0,duration=500).
119 [1457434752] INFO perfrun.launcher <> - the option was added --bandwidth-config: List of benchmarks to run.
119 [1457434752] INFO perfrun.launcher <> - the option was added --system-collector-config: Specify subcollectors. Possible values: all, vdso, container, device-info, none.
119 [1457434752] INFO perfrun.launcher <> - the option was added --itt-config: Specify a sub-set of ITT API to collect.
119 [1457434752] INFO perfrun.launcher <> - the option was added --itt-debug: Set pseudo-breakpoint at ITT API collector's start to enable the debugger to attach early.
119 [1457434752] INFO perfrun.launcher <> - the option was added --itt-ring-buffer-multiplier: The size of internal ITT API collector ring buffer, in bytes per second
119 [1457434752] INFO perfrun.launcher <> - the option was added --ptrace: Ptrace collector.
119 [1457434752] INFO perfrun.launcher <> - the option was added --target-pid: BADMSG: perfrun1.ptracecollector::target-pid
119 [1457434752] INFO perfrun.launcher <> - the option was added --ptrace-server-pid: BADMSG: perfrun1.ptracecollector::ptrace-server-pid
119 [1457434752] INFO perfrun.launcher <> - the option was added --ptrace-trace: BADMSG: perfrun1.ptracecollector::ptrace-trace
119 [1457434752] INFO perfrun.launcher <> - the option was added --ptrace-time-source: BADMSG: perfrun1.ptracecollector::ptrace-time-source
119 [1457434752] INFO perfrun.launcher <> - the option was added --ptrace-start-type: BADMSG: perfrun1.ptracecollector::ptrace-start-type
119 [1457434752] INFO perfrun.launcher <> - the option was added --gpu-config: Specify types of GPU data to be collected. Possible values: preset1, preset2.
119 [1457434752] INFO perfrun.launcher <> - the option was added --gpu-debug: Enable self-testing of the GPGPU profiling collector.
119 [1457434752] INFO perfrun.launcher <> - the option was added --stdsrc-config: Specify Standard Sources category tag(s).
119 [1457434752] INFO perfrun.launcher <> - the option was added --ftrace-config-list: List Linux Ftrace category tag(s).
119 [1457434752] INFO perfrun.launcher <> - the option was added --ftrace-config: Specify Linux Ftrace category tag(s).
120 [1457434752] INFO perfrun.launcher <> - the option was added --ftrace-function-groups: Enable tracing of specific groups of functions.
120 [1457434752] INFO perfrun.launcher <> - the option was added --event-info: BADMSG: perfrun1.stdsrc::event-info
120 [1457434752] INFO perfrun.launcher <> - the option was added --cpu-list: List supported CPUs.
120 [1457434752] INFO perfrun.launcher <> - the option was added --target-list: List available targets for performing sampling collection.
120 [1457434752] INFO perfrun.launcher <> - the option was added --event-value-list: Display event information.
120 [1457434752] INFO perfrun.launcher <> - the option was added --platform-value-list: Display details of supported platforms.
120 [1457434752] INFO perfrun.launcher <> - the option was added --uncore-event-list: List uncore events for which a sampling data collection can be performed on this platform.
120 [1457434752] INFO perfrun.launcher <> - the option was added --modifier-list: Specify the event name <string> for which the modifiers list is requested.
120 [1457434752] INFO perfrun.launcher <> - the option was added --pmu-list: List supported PMUs.
120 [1457434752] INFO perfrun.launcher <> - the option was added --os-mode-only: Enable sampling data collection for OS-mode processes only.
120 [1457434752] INFO perfrun.launcher <> - the option was added --user-mode-only: Enable sampling data collection for user-mode processes only.
120 [1457434752] INFO perfrun.launcher <> - the option was added --event-config: Perform data collection for the events with <string> configured using the format <event name1>":modifier1=val:modifier2=val/constraint1={:modifier3=val:modifier4=val}...,"<event name2>":... Specify the events(s) to monitor and embed the event names within double quotes("). [:modifier=val] specifies individual event modifiers along with the respective values for a given platform. Note that the modifiers can be generic to an event as well as specific to a constraint (or an event qualifier). The constraint specific special modifiers appear after [/constraint=]. The modifiers can be in decimal or hexadecimal format. Only specific modifiers accept the value as a string. Each event specification is delimited by a comma (,). For a list of supported modifiers and constraints, refer to the documentation.
120 [1457434752] INFO perfrun.launcher <> - the option was added --chipset-event-config: BADMSG: perfrun1.sep::chipset-event-config
120 [1457434752] INFO perfrun.launcher <> - the option was added --uncore-event-config: Perform uncore data collection in ebc count mode for the events with <string> configured using the format "<event name1>"...,"<event name2>":... Specify the events(s) to monitor and embed the event names within double quotes(").
120 [1457434752] INFO perfrun.launcher <> - the option was added --count-emon: Enable counting mode and output the data in EMON format.
120 [1457434752] INFO perfrun.launcher <> - the option was added --event-based-counts: Enable event-based counting mode. During sampling data collection, event counts data is collected for the list of events specified in -event-config option.
120 [1457434752] INFO perfrun.launcher <> - the option was added --event-mux-tfactor: Specify the event multiplexing tfactor as <integer> to set the length of the interval between interrupts. The larger the tfactor value, the larger the period between interrupts. Currently this option is only available on Intel platforms codenamed Knights Corner.
120 [1457434752] INFO perfrun.launcher <> - the option was added --full-pebs-capture: Capture full pebs information.
120 [1457434752] INFO perfrun.launcher <> - the option was added --last-branch-records: Capture Last Branch Records information.
120 [1457434752] INFO perfrun.launcher <> - the option was added --pmu-type: Specify the targeted PMU name as <string>.
120 [1457434752] INFO perfrun.launcher <> - the option was added --platform-type: Specify the targeted platform number as <number>.
120 [1457434752] INFO perfrun.launcher <> - the option was added --bts-count: Specify the <integer> number of BTS records collected after each sample or context switch (VTSS++ only).
120 [1457434752] INFO perfrun.launcher <> - the option was added --cpu-mask: Specify which CPU(s) <string> to collect data on. For example, specify "2-8,10,12-14" to sample only CPUs 2 through 8, 10, and 12 through 14.
120 [1457434752] INFO perfrun.launcher <> - the option was added --event-mux-alg: Specify the event multiplexing algorithm. Possible values: sequence, timer, trigger.
120 [1457434752] INFO perfrun.launcher <> - the option was added --event-mux-timeslice: Specify the event multiplexing time slice value as <integer>. The time slice specifies the duration between cycles for each event multiplexing group. The default value is 50 milliseconds. This option is valid only for timer-based event multiplexing. Specify the event multiplexing time slice value as <integer>. The time slice specifies the duration between cycles for each event multiplexing group. The default value is 1 millisecond. This option is valid only for timer-based event multiplexing.
120 [1457434752] INFO perfrun.launcher <> - the option was added --event-mux-factor: Specify the event multiplexing factor as <integer>. It controls the switching of event multiplexing groups. The default factor is 50. This option is valid only for trigger-based event multiplexing. Specify the event multiplexing factor as <integer>. It controls the switching of event multiplexing groups. The default factor is 1. This option is valid only for trigger-based event multiplexing.
121 [1457434752] INFO perfrun.launcher <> - the option was added --event-mux-trigger: Specify the name of the trigger event for event multiplexing as <string>. This option is valid only for trigger-based event multiplexing. The default trigger is CPU_CLK_UNHALTED.CORE (or CPU_CLK_UNHALTED.THREAD). BADMSG: perfrun1.vtsspp::event-mux-trigger
121 [1457434752] INFO perfrun.launcher <> - the option was added --pwr-config: BADMSG: perfrun1.vtsspp::pwr-config
121 [1457434752] INFO perfrun.launcher <> - the option was added --sys-config: BADMSG: perfrun1.vtsspp::sys-config
121 [1457434752] INFO perfrun.launcher <> - the option was added --pt-mode: BADMSG: perfrun1.vtsspp::pt-mode
121 [1457434752] INFO perfrun.launcher <> - the option was added --sample-after-multiplier: Specify the sample after multiplier as <double>. This multiplier modifies the sample after value for all the events specified in -event-config option. The values can range from 0.1 to 100.0. SAV multiplier value
121 [1457434752] INFO perfrun.launcher <> - the option was added --uncore-sampling-interval: Specify the uncore sampling interval as <integer>. This value set the uncore sampling interval for all the uncore events specified in -event-config option.
121 [1457434752] INFO perfrun.launcher <> - the option was added --count: Enable counting mode. Enable counting mode
121 [1457434752] INFO perfrun.launcher <> - the option was added --trace-mpi: Configure collector to trace MPI code.
121 [1457434752] INFO perfrun.launcher <> - the option was added --raw-perf-config: Specify a verified configuration for the Perf collector in the format: <describer>,<content>. For example: map-events-file,<path_to_map_events_file>.
121 [1457434752] INFO perfrun.launcher <> - the option was added --stackwalk: Specify stack unwinding method. Possible values: online - unwind stacks during collection; offline - unwind stacks after collection is finished. Specify stack unwinding method. Possible value: lbr - unwind stacks during collection. Specify stack unwinding method. Possible values: online - unwind stacks during collection; offline - unwind stacks after collection is finished; lbr - enable LBR-based call stack collection. Specify stack unwinding method. Possible values: online - unwind stacks during collection; offline - unwind stacks after collection is finished. Specify stack unwinding method. Possible values: online - unwind stacks during collection; offline - unwind stacks after collection is finished.
121 [1457434752] INFO perfrun.launcher <> - the option was added --filter-include: Filter data during collection. Possible values: contended=<on|off> - filter out uncontended events; contended_nostack=<time> - filter out stacks for contended events that take less than <time> microseconds; wait=<time> - ignore transitions and blocks with wait time less than <time> microseconds; wait_nostack=<time> - filter out stacks for waits that take less than <time> microseconds.
121 [1457434752] INFO perfrun.launcher <> - the option was added --debug-pin: Debug PIN tool and runtime.
121 [1457434752] INFO perfrun.launcher <> - the option was added --debug-exception: Disallow the application to set own abnormal termination handler.
121 [1457434752] INFO perfrun.launcher <> - the option was added --trace-type: Specify the trace file granularity. Possible values: per-thread - per-thread trace file generation; per-process - per-process trace file generation.
121 [1457434752] INFO perfrun.launcher <> - the option was added --instrumentation-type: Specify type of instrumentation.
121 [1457434752] INFO perfrun.launcher <> - the option was added --altstack: Enable or disable usage of altstacks for profiling signal handlers.
121 [1457434752] INFO perfrun.launcher <> - the option was added --profiling-signal: BADMSG: perfrun1.ptracecollector::profiling-signal Alternate profiling signal.
121 [1457434752] INFO perfrun.launcher <> - the option was added --memory-strategy: Specify a minimal memory object size to be traced and a hash table size for faster objects search; for example: --memory-strategy obj-size-min=1024,hash-table-size=4096.
121 [1457434752] INFO perfrun.launcher <> - the option was added --custom-collector: Allows to provide arbitrary command line to be run on collection steps.
121 [1457434752] INFO perfrun.launcher <> - the option was added --exprof-com-list: List available COM ports.
121 [1457434752] INFO perfrun.launcher <> - the option was added --exprof-dvc-list: List available DvC IDs.
121 [1457434752] INFO perfrun.launcher <> - the option was added --exprof-trace-channel: BADMSG: perfrun1.exprof::exprof-trace-channel
121 [1457434752] INFO perfrun.launcher <> - the option was added --exprof-event-config: Specify ExactProfiling Event Classes.
121 [1457434752] INFO perfrun.launcher <> - the option was added --analyze-dpdk: analyze-dpdk
121 [1457434752] INFO perfrun.launcher <> - the option was added --network-sampling-interval: network-sampling-interval
121 [1457434752] INFO perfrun.launcher <> - the option was added --dpdk-file-prefix: dpdk-file-prefix
122 [1457434752] INFO perfrun.launcher <> - create msngr2::ICliToolContext
123 [1457434752] INFO perfrun.launcher <> - create file finder object
129 [1470708544] INFO perfrun.system <> - dumping [vdso] pseudomodule
151 [1470708544] INFO perfrun.launcher <> - plugin [itt] was disabled because it doesn't support the given collection type.
152 [1470708544] INFO perfrun.launcher <> - plugin [ptracecollector] was disabled because it doesn't support the given collection type.
152 [1470708544] INFO perfrun.launcher <> - plugin [gpu] was disabled because it doesn't support the given collection type.
152 [1470708544] INFO perfrun.launcher <> - plugin [] was disabled because it doesn't support the given collection type.
152 [1470708544] INFO perfrun.launcher <> - plugin [] was disabled because it doesn't support the given collection type.
152 [1470708544] INFO perfrun.launcher <> - plugin [] was disabled because it doesn't support the given collection type.
152 [1470708544] INFO perfrun.launcher <> - plugin [mrte] was disabled because it doesn't support the given collection type.
152 [1470708544] INFO perfrun.launcher <> - plugin [emon] was disabled because it doesn't support the given collection type.
152 [1470708544] INFO perfrun.launcher <> - plugin [stdsrc] was disabled because it doesn't support the given collection type.
152 [1470708544] INFO perfrun.launcher <> - plugin [sep] was disabled because it doesn't support the given collection type.
152 [1470708544] INFO perfrun.launcher <> - plugin [vtsspp] was disabled because it doesn't support the given collection type.
152 [1470708544] INFO perfrun.launcher <> - plugin [perf] was disabled because it doesn't support the given collection type.
152 [1470708544] INFO perfrun.launcher <> - plugin [tpss] was disabled because it doesn't support the given collection type.
152 [1470708544] INFO perfrun.launcher <> - plugin [cuscol] was disabled because it doesn't support the given collection type.
152 [1470708544] INFO perfrun.launcher <> - plugin [exprof] was disabled because it doesn't support the given collection type.
152 [1470708544] INFO perfrun.launcher <> - plugin [dpdk] was disabled because it doesn't support the given collection type.
152 [1470708544] INFO perfrun.launcher <> - plugin [media] was disabled because it doesn't support the given collection type.
152 [1470708544] INFO perfrun.commcollector <> - Disabling commcollector because integrity connection type is not used
152 [1470708544] INFO perfrun.launcher <> - plugin [commcollector] was disabled because it doesn't support the given collection type.
152 [1470708544] INFO perfrun.launcher <> - plugin [cve] was disabled because it doesn't support the given collection type.
152 [1457434752] INFO perfrun.launcher <> - Application exit code: 0
152 [1457434752] INFO perfrun.launcher <> - Exit code: 0
