27 [47817231590528] INFO perfrun.launcher <> - argc = 7; cmdline = /dss/dsshome1/lrz/sys/intel/studio2018_p4/vtune_amplifier_2018.4.0.573462/bin64/amplxe-runss --ui-output-format xml --ui-output-fd 10 --option-file /dss/dssfs02/lwp-dss-0001/pr63so/pr63so-dss-0000/ge49nuk2/bcl/examples/simple/2N.i22r07c05s05/config/runss.options 
99 [47817231590528] INFO perfrun.launcher <> - plugin system has been added successfully
99 [47817231590528] INFO perfrun.launcher <> - plugin itt has been added successfully
99 [47817231590528] INFO perfrun.launcher <> - plugin ptracecollector has been added successfully
99 [47817231590528] INFO perfrun.launcher <> - plugin gpu has been added successfully
99 [47817231590528] INFO perfrun.launcher <> - plugin  has been added successfully
99 [47817231590528] INFO perfrun.launcher <> - plugin  has been added successfully
99 [47817231590528] INFO perfrun.launcher <> - plugin  has been added successfully
99 [47817231590528] INFO perfrun.launcher <> - plugin mrte has been added successfully
99 [47817231590528] INFO perfrun.launcher <> - plugin emon has been added successfully
101 [47817231590528] INFO perfrun.launcher <> - plugin stdsrc has been added successfully
102 [47817231590528] INFO perfrun.launcher <> - plugin sep has been added successfully
102 [47817231590528] INFO perfrun.launcher <> - plugin vtsspp has been added successfully
102 [47817231590528] INFO perfrun.sdk <> - Reading value (0) from file: /proc/sys/kernel/perf_event_paranoid
107 [47817231590528] INFO perfrun.perfcollector <> - cpu: family = 6 model = 63
107 [47817231590528] INFO perfrun.perfcollector <> - dir found : /sys/bus/event_source/devices/uncore_imc_4
107 [47817231590528] INFO perfrun.perfcollector <> - format: event config:0-7 mask:0-7
108 [47817231590528] INFO perfrun.perfcollector <> - format: edge config:18 mask:18
108 [47817231590528] INFO perfrun.perfcollector <> - format: thresh config:24-31 mask:24-31
108 [47817231590528] INFO perfrun.perfcollector <> - format: inv config:23 mask:23
108 [47817231590528] INFO perfrun.perfcollector <> - format: umask config:8-15 mask:8-15
108 [47817231590528] INFO perfrun.perfcollector <> - hwInfo : PERF_IMC_PMU_DETAILS
108 [47817231590528] INFO perfrun.perfcollector <> - pmu added : family : uncore_imc , id : 4
108 [47817231590528] INFO perfrun.perfcollector <> - dir found : /sys/bus/event_source/devices/uncore_sbox_1
108 [47817231590528] INFO perfrun.perfcollector <> - format: event config:0-7 mask:0-7
108 [47817231590528] INFO perfrun.perfcollector <> - format: edge config:18 mask:18
108 [47817231590528] INFO perfrun.perfcollector <> - format: tid_en config:19 mask:19
108 [47817231590528] INFO perfrun.perfcollector <> - format: thresh config:24-31 mask:24-31
108 [47817231590528] INFO perfrun.perfcollector <> - format: inv config:23 mask:23
108 [47817231590528] INFO perfrun.perfcollector <> - format: umask config:8-15 mask:8-15
108 [47817231590528] WARN perfrun.perfcollector <> - pmu hwInfo is not set, at file: vcs/perfrun1/plugins/perfcollector/src/controller.cpp:657
108 [47817231590528] INFO perfrun.perfcollector <> - pmu added : family : uncore_sbox , id : 1
108 [47817231590528] INFO perfrun.perfcollector <> - dir found : /sys/bus/event_source/devices/uncore_cbox_5
108 [47817231590528] INFO perfrun.perfcollector <> - format: filter_nc config1:62 mask:62
108 [47817231590528] INFO perfrun.perfcollector <> - format: event config:0-7 mask:0-7
108 [47817231590528] INFO perfrun.perfcollector <> - format: filter_tid config1:0-5 mask:0-5
108 [47817231590528] INFO perfrun.perfcollector <> - format: edge config:18 mask:18
108 [47817231590528] INFO perfrun.perfcollector <> - format: filter_nid config1:32-47 mask:32-47
108 [47817231590528] INFO perfrun.perfcollector <> - format: filter_link config1:6-8 mask:6-8
108 [47817231590528] INFO perfrun.perfcollector <> - format: filter_state config1:17-23 mask:17-23
108 [47817231590528] INFO perfrun.perfcollector <> - format: filter_isoc config1:63 mask:63
114 [47817231590528] INFO perfrun.perfcollector <> - format: tid_en config:19 mask:19
114 [47817231590528] INFO perfrun.perfcollector <> - format: thresh config:24-31 mask:24-31
114 [47817231590528] INFO perfrun.perfcollector <> - format: umask config:8-15 mask:8-15
114 [47817231590528] INFO perfrun.perfcollector <> - format: filter_opc config1:52-60 mask:52-60
114 [47817231590528] INFO perfrun.perfcollector <> - format: filter_c6 config1:61 mask:61
114 [47817231590528] WARN perfrun.perfcollector <> - pmu hwInfo is not set, at file: vcs/perfrun1/plugins/perfcollector/src/controller.cpp:657
114 [47817231590528] INFO perfrun.perfcollector <> - pmu added : family : uncore_cbox , id : 5
114 [47817231590528] INFO perfrun.perfcollector <> - dir found : /sys/bus/event_source/devices/uncore_ha_0
114 [47817231590528] INFO perfrun.perfcollector <> - format: event config:0-7 mask:0-7
114 [47817231590528] INFO perfrun.perfcollector <> - format: edge config:18 mask:18
114 [47817231590528] INFO perfrun.perfcollector <> - format: thresh config:24-31 mask:24-31
114 [47817231590528] INFO perfrun.perfcollector <> - format: inv config:23 mask:23
115 [47817231590528] INFO perfrun.perfcollector <> - format: umask config:8-15 mask:8-15
115 [47817231590528] WARN perfrun.perfcollector <> - pmu hwInfo is not set, at file: vcs/perfrun1/plugins/perfcollector/src/controller.cpp:657
115 [47817231590528] INFO perfrun.perfcollector <> - pmu added : family : uncore_ha , id : 0
115 [47817231590528] INFO perfrun.perfcollector <> - dir found : /sys/bus/event_source/devices/uncore_cbox_3
115 [47817231590528] INFO perfrun.perfcollector <> - format: filter_nc config1:62 mask:62
115 [47817231590528] INFO perfrun.perfcollector <> - format: event config:0-7 mask:0-7
115 [47817231590528] INFO perfrun.perfcollector <> - format: filter_tid config1:0-5 mask:0-5
115 [47817231590528] INFO perfrun.perfcollector <> - format: edge config:18 mask:18
115 [47817231590528] INFO perfrun.perfcollector <> - format: filter_nid config1:32-47 mask:32-47
115 [47817231590528] INFO perfrun.perfcollector <> - format: filter_link config1:6-8 mask:6-8
115 [47817231590528] INFO perfrun.perfcollector <> - format: filter_state config1:17-23 mask:17-23
115 [47817231590528] INFO perfrun.perfcollector <> - format: filter_isoc config1:63 mask:63
115 [47817231590528] INFO perfrun.perfcollector <> - format: tid_en config:19 mask:19
115 [47817231590528] INFO perfrun.perfcollector <> - format: thresh config:24-31 mask:24-31
115 [47817231590528] INFO perfrun.perfcollector <> - format: umask config:8-15 mask:8-15
115 [47817231590528] INFO perfrun.perfcollector <> - format: filter_opc config1:52-60 mask:52-60
115 [47817231590528] INFO perfrun.perfcollector <> - format: filter_c6 config1:61 mask:61
115 [47817231590528] WARN perfrun.perfcollector <> - pmu hwInfo is not set, at file: vcs/perfrun1/plugins/perfcollector/src/controller.cpp:657
115 [47817231590528] INFO perfrun.perfcollector <> - pmu added : family : uncore_cbox , id : 3
115 [47817231590528] INFO perfrun.perfcollector <> - dir found : /sys/bus/event_source/devices/uncore_qpi_0
115 [47817231590528] INFO perfrun.perfcollector <> - format: match_rds config1:48-51 mask:48-51
115 [47817231590528] INFO perfrun.perfcollector <> - format: match_dnid config1:13-17 mask:13-17
115 [47817231590528] INFO perfrun.perfcollector <> - format: match_rnid30 config1:32-35 mask:32-35
115 [47817231590528] INFO perfrun.perfcollector <> - format: match_rnid4 config1:31 mask:31
115 [47817231590528] INFO perfrun.perfcollector <> - format: event config:0-7,21 mask:0-7,21
115 [47817231590528] INFO perfrun.perfcollector <> - format: mask_mc config2:9-12 mask:9-12
115 [47817231590528] INFO perfrun.perfcollector <> - format: mask_vnw config2:3-4 mask:3-4
115 [47817231590528] INFO perfrun.perfcollector <> - format: edge config:18 mask:18
115 [47817231590528] INFO perfrun.perfcollector <> - format: mask_dnid config2:13-17 mask:13-17
115 [47817231590528] INFO perfrun.perfcollector <> - format: mask_rnid30 config2:32-35 mask:32-35
115 [47817231590528] INFO perfrun.perfcollector <> - format: match_vnw config1:3-4 mask:3-4
116 [47817231590528] INFO perfrun.perfcollector <> - format: mask1 config2:32-63 mask:32-63
116 [47817231590528] INFO perfrun.perfcollector <> - format: match1 config1:32-63 mask:32-63
116 [47817231590528] INFO perfrun.perfcollector <> - format: mask_opc config2:5-8 mask:5-8
116 [47817231590528] INFO perfrun.perfcollector <> - format: mask_rnid4 config2:31 mask:31
116 [47817231590528] INFO perfrun.perfcollector <> - format: thresh config:24-31 mask:24-31
116 [47817231590528] INFO perfrun.perfcollector <> - format: inv config:23 mask:23
116 [47817231590528] INFO perfrun.perfcollector <> - format: match_mc config1:9-12 mask:9-12
116 [47817231590528] INFO perfrun.perfcollector <> - format: match_opc config1:5-8 mask:5-8
116 [47817231590528] INFO perfrun.perfcollector <> - format: umask config:8-15 mask:8-15
116 [47817231590528] INFO perfrun.perfcollector <> - format: mask_rds config2:48-51 mask:48-51
116 [47817231590528] INFO perfrun.perfcollector <> - format: mask0 config2:0-31 mask:0-31
116 [47817231590528] INFO perfrun.perfcollector <> - format: match0 config1:0-31 mask:0-31
116 [47817231590528] INFO perfrun.perfcollector <> - hwInfo : PERF_QPI_PMU_DETAILS
116 [47817231590528] INFO perfrun.perfcollector <> - pmu added : family : uncore_qpi , id : 0
116 [47817231590528] INFO perfrun.perfcollector <> - dir found : /sys/bus/event_source/devices/cstate_pkg
116 [47817231590528] INFO perfrun.perfcollector <> - format: event config:0-63 mask:0-63
116 [47817231590528] WARN perfrun.perfcollector <> - pmu hwInfo is not set, at file: vcs/perfrun1/plugins/perfcollector/src/controller.cpp:657
116 [47817231590528] INFO perfrun.perfcollector <> - pmu added : family : cstate_pkg , id : 0
116 [47817231590528] INFO perfrun.perfcollector <> - dir found : /sys/bus/event_source/devices/uprobe
116 [47817231590528] INFO perfrun.perfcollector <> - format: retprobe config:0 mask:0
117 [47817231590528] WARN perfrun.perfcollector <> - pmu hwInfo is not set, at file: vcs/perfrun1/plugins/perfcollector/src/controller.cpp:657
117 [47817231590528] INFO perfrun.perfcollector <> - pmu added : family : uprobe , id : 0
117 [47817231590528] INFO perfrun.perfcollector <> - dir found : /sys/bus/event_source/devices/breakpoint
117 [47817231590528] WARN perfrun.perfcollector <> - format subdir doesn't exist, at file: vcs/perfrun1/plugins/perfcollector/src/controller.cpp:578
117 [47817231590528] WARN perfrun.perfcollector <> - pmu hwInfo is not set, at file: vcs/perfrun1/plugins/perfcollector/src/controller.cpp:657
117 [47817231590528] INFO perfrun.perfcollector <> - pmu added : family : breakpoint , id : 0
117 [47817231590528] INFO perfrun.perfcollector <> - dir found : /sys/bus/event_source/devices/uncore_imc_0
117 [47817231590528] INFO perfrun.perfcollector <> - format: event config:0-7 mask:0-7
117 [47817231590528] INFO perfrun.perfcollector <> - format: edge config:18 mask:18
117 [47817231590528] INFO perfrun.perfcollector <> - format: thresh config:24-31 mask:24-31
117 [47817231590528] INFO perfrun.perfcollector <> - format: inv config:23 mask:23
117 [47817231590528] INFO perfrun.perfcollector <> - format: umask config:8-15 mask:8-15
117 [47817231590528] INFO perfrun.perfcollector <> - hwInfo : PERF_IMC_PMU_DETAILS
117 [47817231590528] INFO perfrun.perfcollector <> - pmu added : family : uncore_imc , id : 0
117 [47817231590528] INFO perfrun.perfcollector <> - dir found : /sys/bus/event_source/devices/uncore_ubox
117 [47817231590528] INFO perfrun.perfcollector <> - format: event config:0-7 mask:0-7
117 [47817231590528] INFO perfrun.perfcollector <> - format: filter_tid config1:0 mask:0
117 [47817231590528] INFO perfrun.perfcollector <> - format: edge config:18 mask:18
117 [47817231590528] INFO perfrun.perfcollector <> - format: thresh config:24-28 mask:24-28
117 [47817231590528] INFO perfrun.perfcollector <> - format: inv config:23 mask:23
117 [47817231590528] INFO perfrun.perfcollector <> - format: filter_cid config1:5 mask:5
117 [47817231590528] INFO perfrun.perfcollector <> - format: umask config:8-15 mask:8-15
117 [47817231590528] WARN perfrun.perfcollector <> - pmu hwInfo is not set, at file: vcs/perfrun1/plugins/perfcollector/src/controller.cpp:657
117 [47817231590528] INFO perfrun.perfcollector <> - pmu added : family : uncore_ubox , id : 0
117 [47817231590528] INFO perfrun.perfcollector <> - dir found : /sys/bus/event_source/devices/uncore_pcu
117 [47817231590528] INFO perfrun.perfcollector <> - format: filter_band1 config1:8-15 mask:8-15
117 [47817231590528] INFO perfrun.perfcollector <> - format: event config:0-7 mask:0-7
117 [47817231590528] INFO perfrun.perfcollector <> - format: edge config:18 mask:18
117 [47817231590528] INFO perfrun.perfcollector <> - format: filter_band2 config1:16-23 mask:16-23
117 [47817231590528] INFO perfrun.perfcollector <> - format: occ_sel config:14-15 mask:14-15
117 [47817231590528] INFO perfrun.perfcollector <> - format: thresh config:24-28 mask:24-28
117 [47817231590528] INFO perfrun.perfcollector <> - format: inv config:23 mask:23
117 [47817231590528] INFO perfrun.perfcollector <> - format: filter_band0 config1:0-7 mask:0-7
117 [47817231590528] INFO perfrun.perfcollector <> - format: occ_edge config:14-51 mask:14-51
117 [47817231590528] INFO perfrun.perfcollector <> - format: occ_invert config:30 mask:30
118 [47817231590528] INFO perfrun.perfcollector <> - format: filter_band3 config1:24-31 mask:24-31
118 [47817231590528] WARN perfrun.perfcollector <> - pmu hwInfo is not set, at file: vcs/perfrun1/plugins/perfcollector/src/controller.cpp:657
118 [47817231590528] INFO perfrun.perfcollector <> - pmu added : family : uncore_pcu , id : 0
118 [47817231590528] INFO perfrun.perfcollector <> - dir found : /sys/bus/event_source/devices/uncore_cbox_1
118 [47817231590528] INFO perfrun.perfcollector <> - format: filter_nc config1:62 mask:62
118 [47817231590528] INFO perfrun.perfcollector <> - format: event config:0-7 mask:0-7
118 [47817231590528] INFO perfrun.perfcollector <> - format: filter_tid config1:0-5 mask:0-5
118 [47817231590528] INFO perfrun.perfcollector <> - format: edge config:18 mask:18
118 [47817231590528] INFO perfrun.perfcollector <> - format: filter_nid config1:32-47 mask:32-47
118 [47817231590528] INFO perfrun.perfcollector <> - format: filter_link config1:6-8 mask:6-8
118 [47817231590528] INFO perfrun.perfcollector <> - format: filter_state config1:17-23 mask:17-23
118 [47817231590528] INFO perfrun.perfcollector <> - format: filter_isoc config1:63 mask:63
118 [47817231590528] INFO perfrun.perfcollector <> - format: tid_en config:19 mask:19
118 [47817231590528] INFO perfrun.perfcollector <> - format: thresh config:24-31 mask:24-31
118 [47817231590528] INFO perfrun.perfcollector <> - format: umask config:8-15 mask:8-15
118 [47817231590528] INFO perfrun.perfcollector <> - format: filter_opc config1:52-60 mask:52-60
118 [47817231590528] INFO perfrun.perfcollector <> - format: filter_c6 config1:61 mask:61
118 [47817231590528] WARN perfrun.perfcollector <> - pmu hwInfo is not set, at file: vcs/perfrun1/plugins/perfcollector/src/controller.cpp:657
118 [47817231590528] INFO perfrun.perfcollector <> - pmu added : family : uncore_cbox , id : 1
118 [47817231590528] INFO perfrun.perfcollector <> - dir found : /sys/bus/event_source/devices/uncore_r3qpi_0
118 [47817231590528] INFO perfrun.perfcollector <> - format: event config:0-7 mask:0-7
118 [47817231590528] INFO perfrun.perfcollector <> - format: edge config:18 mask:18
118 [47817231590528] INFO perfrun.perfcollector <> - format: thresh config:24-31 mask:24-31
118 [47817231590528] INFO perfrun.perfcollector <> - format: inv config:23 mask:23
118 [47817231590528] INFO perfrun.perfcollector <> - format: umask config:8-15 mask:8-15
118 [47817231590528] WARN perfrun.perfcollector <> - pmu hwInfo is not set, at file: vcs/perfrun1/plugins/perfcollector/src/controller.cpp:657
118 [47817231590528] INFO perfrun.perfcollector <> - pmu added : family : uncore_r3qpi , id : 0
118 [47817231590528] INFO perfrun.perfcollector <> - dir found : /sys/bus/event_source/devices/uncore_cbox_13
118 [47817231590528] INFO perfrun.perfcollector <> - format: filter_nc config1:62 mask:62
118 [47817231590528] INFO perfrun.perfcollector <> - format: event config:0-7 mask:0-7
118 [47817231590528] INFO perfrun.perfcollector <> - format: filter_tid config1:0-5 mask:0-5
118 [47817231590528] INFO perfrun.perfcollector <> - format: edge config:18 mask:18
119 [47817231590528] INFO perfrun.perfcollector <> - format: filter_nid config1:32-47 mask:32-47
119 [47817231590528] INFO perfrun.perfcollector <> - format: filter_link config1:6-8 mask:6-8
119 [47817231590528] INFO perfrun.perfcollector <> - format: filter_state config1:17-23 mask:17-23
119 [47817231590528] INFO perfrun.perfcollector <> - format: filter_isoc config1:63 mask:63
119 [47817231590528] INFO perfrun.perfcollector <> - format: tid_en config:19 mask:19
119 [47817231590528] INFO perfrun.perfcollector <> - format: thresh config:24-31 mask:24-31
119 [47817231590528] INFO perfrun.perfcollector <> - format: umask config:8-15 mask:8-15
119 [47817231590528] INFO perfrun.perfcollector <> - format: filter_opc config1:52-60 mask:52-60
119 [47817231590528] INFO perfrun.perfcollector <> - format: filter_c6 config1:61 mask:61
119 [47817231590528] WARN perfrun.perfcollector <> - pmu hwInfo is not set, at file: vcs/perfrun1/plugins/perfcollector/src/controller.cpp:657
119 [47817231590528] INFO perfrun.perfcollector <> - pmu added : family : uncore_cbox , id : 13
119 [47817231590528] INFO perfrun.perfcollector <> - dir found : /sys/bus/event_source/devices/power
119 [47817231590528] INFO perfrun.perfcollector <> - format: event config:0-7 mask:0-7
119 [47817231590528] WARN perfrun.perfcollector <> - pmu hwInfo is not set, at file: vcs/perfrun1/plugins/perfcollector/src/controller.cpp:657
119 [47817231590528] INFO perfrun.perfcollector <> - pmu added : family : power , id : 0
119 [47817231590528] INFO perfrun.perfcollector <> - dir found : /sys/bus/event_source/devices/cpu
119 [47817231590528] INFO perfrun.perfcollector <> - format: cmask config:24-31 mask:24-31
119 [47817231590528] INFO perfrun.perfcollector <> - format: pc config:19 mask:19
119 [47817231590528] INFO perfrun.perfcollector <> - format: event config:0-7 mask:0-7
119 [47817231590528] INFO perfrun.perfcollector <> - format: edge config:18 mask:18
119 [47817231590528] INFO perfrun.perfcollector <> - format: in_tx config:32 mask:32
119 [47817231590528] INFO perfrun.perfcollector <> - format: any config:21 mask:21
119 [47817231590528] INFO perfrun.perfcollector <> - format: ldlat config1:0-15 mask:0-15
119 [47817231590528] INFO perfrun.perfcollector <> - format: inv config:23 mask:23
119 [47817231590528] INFO perfrun.perfcollector <> - format: umask config:8-15 mask:8-15
119 [47817231590528] INFO perfrun.perfcollector <> - format: in_tx_cp config:33 mask:33
119 [47817231590528] INFO perfrun.perfcollector <> - format: offcore_rsp config1:0-63 mask:0-63
119 [47817231590528] INFO perfrun.perfcollector <> - hwInfo : PERF_CPU_PMU_DETAILS
119 [47817231590528] INFO perfrun.perfcollector <> - pmu added : family : cpu , id : 0
119 [47817231590528] INFO perfrun.perfcollector <> - dir found : /sys/bus/event_source/devices/uncore_cbox_11
119 [47817231590528] INFO perfrun.perfcollector <> - format: filter_nc config1:62 mask:62
119 [47817231590528] INFO perfrun.perfcollector <> - format: event config:0-7 mask:0-7
119 [47817231590528] INFO perfrun.perfcollector <> - format: filter_tid config1:0-5 mask:0-5
120 [47817231590528] INFO perfrun.perfcollector <> - format: edge config:18 mask:18
120 [47817231590528] INFO perfrun.perfcollector <> - format: filter_nid config1:32-47 mask:32-47
120 [47817231590528] INFO perfrun.perfcollector <> - format: filter_link config1:6-8 mask:6-8
120 [47817231590528] INFO perfrun.perfcollector <> - format: filter_state config1:17-23 mask:17-23
120 [47817231590528] INFO perfrun.perfcollector <> - format: filter_isoc config1:63 mask:63
120 [47817231590528] INFO perfrun.perfcollector <> - format: tid_en config:19 mask:19
120 [47817231590528] INFO perfrun.perfcollector <> - format: thresh config:24-31 mask:24-31
120 [47817231590528] INFO perfrun.perfcollector <> - format: umask config:8-15 mask:8-15
120 [47817231590528] INFO perfrun.perfcollector <> - format: filter_opc config1:52-60 mask:52-60
120 [47817231590528] INFO perfrun.perfcollector <> - format: filter_c6 config1:61 mask:61
120 [47817231590528] WARN perfrun.perfcollector <> - pmu hwInfo is not set, at file: vcs/perfrun1/plugins/perfcollector/src/controller.cpp:657
120 [47817231590528] INFO perfrun.perfcollector <> - pmu added : family : uncore_cbox , id : 11
120 [47817231590528] INFO perfrun.perfcollector <> - dir found : /sys/bus/event_source/devices/uncore_cbox_8
120 [47817231590528] INFO perfrun.perfcollector <> - format: filter_nc config1:62 mask:62
120 [47817231590528] INFO perfrun.perfcollector <> - format: event config:0-7 mask:0-7
120 [47817231590528] INFO perfrun.perfcollector <> - format: filter_tid config1:0-5 mask:0-5
120 [47817231590528] INFO perfrun.perfcollector <> - format: edge config:18 mask:18
120 [47817231590528] INFO perfrun.perfcollector <> - format: filter_nid config1:32-47 mask:32-47
120 [47817231590528] INFO perfrun.perfcollector <> - format: filter_link config1:6-8 mask:6-8
120 [47817231590528] INFO perfrun.perfcollector <> - format: filter_state config1:17-23 mask:17-23
120 [47817231590528] INFO perfrun.perfcollector <> - format: filter_isoc config1:63 mask:63
120 [47817231590528] INFO perfrun.perfcollector <> - format: tid_en config:19 mask:19
120 [47817231590528] INFO perfrun.perfcollector <> - format: thresh config:24-31 mask:24-31
120 [47817231590528] INFO perfrun.perfcollector <> - format: umask config:8-15 mask:8-15
120 [47817231590528] INFO perfrun.perfcollector <> - format: filter_opc config1:52-60 mask:52-60
120 [47817231590528] INFO perfrun.perfcollector <> - format: filter_c6 config1:61 mask:61
120 [47817231590528] WARN perfrun.perfcollector <> - pmu hwInfo is not set, at file: vcs/perfrun1/plugins/perfcollector/src/controller.cpp:657
120 [47817231590528] INFO perfrun.perfcollector <> - pmu added : family : uncore_cbox , id : 8
120 [47817231590528] INFO perfrun.perfcollector <> - dir found : /sys/bus/event_source/devices/uncore_imc_5
120 [47817231590528] INFO perfrun.perfcollector <> - format: event config:0-7 mask:0-7
120 [47817231590528] INFO perfrun.perfcollector <> - format: edge config:18 mask:18
120 [47817231590528] INFO perfrun.perfcollector <> - format: thresh config:24-31 mask:24-31
120 [47817231590528] INFO perfrun.perfcollector <> - format: inv config:23 mask:23
121 [47817231590528] INFO perfrun.perfcollector <> - format: umask config:8-15 mask:8-15
121 [47817231590528] INFO perfrun.perfcollector <> - hwInfo : PERF_IMC_PMU_DETAILS
121 [47817231590528] INFO perfrun.perfcollector <> - pmu added : family : uncore_imc , id : 5
121 [47817231590528] INFO perfrun.perfcollector <> - dir found : /sys/bus/event_source/devices/uncore_sbox_2
121 [47817231590528] INFO perfrun.perfcollector <> - format: event config:0-7 mask:0-7
121 [47817231590528] INFO perfrun.perfcollector <> - format: edge config:18 mask:18
121 [47817231590528] INFO perfrun.perfcollector <> - format: tid_en config:19 mask:19
121 [47817231590528] INFO perfrun.perfcollector <> - format: thresh config:24-31 mask:24-31
121 [47817231590528] INFO perfrun.perfcollector <> - format: inv config:23 mask:23
121 [47817231590528] INFO perfrun.perfcollector <> - format: umask config:8-15 mask:8-15
121 [47817231590528] WARN perfrun.perfcollector <> - pmu hwInfo is not set, at file: vcs/perfrun1/plugins/perfcollector/src/controller.cpp:657
121 [47817231590528] INFO perfrun.perfcollector <> - pmu added : family : uncore_sbox , id : 2
121 [47817231590528] INFO perfrun.perfcollector <> - dir found : /sys/bus/event_source/devices/software
121 [47817231590528] WARN perfrun.perfcollector <> - format subdir doesn't exist, at file: vcs/perfrun1/plugins/perfcollector/src/controller.cpp:578
121 [47817231590528] WARN perfrun.perfcollector <> - pmu hwInfo is not set, at file: vcs/perfrun1/plugins/perfcollector/src/controller.cpp:657
124 [47817231590528] INFO perfrun.perfcollector <> - pmu added : family : software , id : 0
124 [47817231590528] INFO perfrun.perfcollector <> - dir found : /sys/bus/event_source/devices/kprobe
124 [47817231590528] INFO perfrun.perfcollector <> - format: retprobe config:0 mask:0
124 [47817231590528] WARN perfrun.perfcollector <> - pmu hwInfo is not set, at file: vcs/perfrun1/plugins/perfcollector/src/controller.cpp:657
124 [47817231590528] INFO perfrun.perfcollector <> - pmu added : family : kprobe , id : 0
124 [47817231590528] INFO perfrun.perfcollector <> - dir found : /sys/bus/event_source/devices/uncore_cbox_6
124 [47817231590528] INFO perfrun.perfcollector <> - format: filter_nc config1:62 mask:62
124 [47817231590528] INFO perfrun.perfcollector <> - format: event config:0-7 mask:0-7
124 [47817231590528] INFO perfrun.perfcollector <> - format: filter_tid config1:0-5 mask:0-5
124 [47817231590528] INFO perfrun.perfcollector <> - format: edge config:18 mask:18
124 [47817231590528] INFO perfrun.perfcollector <> - format: filter_nid config1:32-47 mask:32-47
124 [47817231590528] INFO perfrun.perfcollector <> - format: filter_link config1:6-8 mask:6-8
124 [47817231590528] INFO perfrun.perfcollector <> - format: filter_state config1:17-23 mask:17-23
124 [47817231590528] INFO perfrun.perfcollector <> - format: filter_isoc config1:63 mask:63
124 [47817231590528] INFO perfrun.perfcollector <> - format: tid_en config:19 mask:19
124 [47817231590528] INFO perfrun.perfcollector <> - format: thresh config:24-31 mask:24-31
124 [47817231590528] INFO perfrun.perfcollector <> - format: umask config:8-15 mask:8-15
124 [47817231590528] INFO perfrun.perfcollector <> - format: filter_opc config1:52-60 mask:52-60
124 [47817231590528] INFO perfrun.perfcollector <> - format: filter_c6 config1:61 mask:61
124 [47817231590528] WARN perfrun.perfcollector <> - pmu hwInfo is not set, at file: vcs/perfrun1/plugins/perfcollector/src/controller.cpp:657
124 [47817231590528] INFO perfrun.perfcollector <> - pmu added : family : uncore_cbox , id : 6
124 [47817231590528] INFO perfrun.perfcollector <> - dir found : /sys/bus/event_source/devices/uncore_ha_1
125 [47817231590528] INFO perfrun.perfcollector <> - format: event config:0-7 mask:0-7
125 [47817231590528] INFO perfrun.perfcollector <> - format: edge config:18 mask:18
125 [47817231590528] INFO perfrun.perfcollector <> - format: thresh config:24-31 mask:24-31
125 [47817231590528] INFO perfrun.perfcollector <> - format: inv config:23 mask:23
125 [47817231590528] INFO perfrun.perfcollector <> - format: umask config:8-15 mask:8-15
125 [47817231590528] WARN perfrun.perfcollector <> - pmu hwInfo is not set, at file: vcs/perfrun1/plugins/perfcollector/src/controller.cpp:657
125 [47817231590528] INFO perfrun.perfcollector <> - pmu added : family : uncore_ha , id : 1
125 [47817231590528] INFO perfrun.perfcollector <> - dir found : /sys/bus/event_source/devices/uncore_r2pcie
125 [47817231590528] INFO perfrun.perfcollector <> - format: event config:0-7 mask:0-7
125 [47817231590528] INFO perfrun.perfcollector <> - format: edge config:18 mask:18
125 [47817231590528] INFO perfrun.perfcollector <> - format: thresh config:24-31 mask:24-31
125 [47817231590528] INFO perfrun.perfcollector <> - format: inv config:23 mask:23
125 [47817231590528] INFO perfrun.perfcollector <> - format: umask config:8-15 mask:8-15
125 [47817231590528] WARN perfrun.perfcollector <> - pmu hwInfo is not set, at file: vcs/perfrun1/plugins/perfcollector/src/controller.cpp:657
125 [47817231590528] INFO perfrun.perfcollector <> - pmu added : family : uncore_r2pcie , id : 0
125 [47817231590528] INFO perfrun.perfcollector <> - dir found : /sys/bus/event_source/devices/uncore_sbox_0
125 [47817231590528] INFO perfrun.perfcollector <> - format: event config:0-7 mask:0-7
125 [47817231590528] INFO perfrun.perfcollector <> - format: edge config:18 mask:18
125 [47817231590528] INFO perfrun.perfcollector <> - format: tid_en config:19 mask:19
125 [47817231590528] INFO perfrun.perfcollector <> - format: thresh config:24-31 mask:24-31
125 [47817231590528] INFO perfrun.perfcollector <> - format: inv config:23 mask:23
125 [47817231590528] INFO perfrun.perfcollector <> - format: umask config:8-15 mask:8-15
125 [47817231590528] WARN perfrun.perfcollector <> - pmu hwInfo is not set, at file: vcs/perfrun1/plugins/perfcollector/src/controller.cpp:657
125 [47817231590528] INFO perfrun.perfcollector <> - pmu added : family : uncore_sbox , id : 0
125 [47817231590528] INFO perfrun.perfcollector <> - dir found : /sys/bus/event_source/devices/uncore_cbox_4
125 [47817231590528] INFO perfrun.perfcollector <> - format: filter_nc config1:62 mask:62
125 [47817231590528] INFO perfrun.perfcollector <> - format: event config:0-7 mask:0-7
125 [47817231590528] INFO perfrun.perfcollector <> - format: filter_tid config1:0-5 mask:0-5
125 [47817231590528] INFO perfrun.perfcollector <> - format: edge config:18 mask:18
125 [47817231590528] INFO perfrun.perfcollector <> - format: filter_nid config1:32-47 mask:32-47
125 [47817231590528] INFO perfrun.perfcollector <> - format: filter_link config1:6-8 mask:6-8
125 [47817231590528] INFO perfrun.perfcollector <> - format: filter_state config1:17-23 mask:17-23
126 [47817231590528] INFO perfrun.perfcollector <> - format: filter_isoc config1:63 mask:63
126 [47817231590528] INFO perfrun.perfcollector <> - format: tid_en config:19 mask:19
126 [47817231590528] INFO perfrun.perfcollector <> - format: thresh config:24-31 mask:24-31
126 [47817231590528] INFO perfrun.perfcollector <> - format: umask config:8-15 mask:8-15
126 [47817231590528] INFO perfrun.perfcollector <> - format: filter_opc config1:52-60 mask:52-60
126 [47817231590528] INFO perfrun.perfcollector <> - format: filter_c6 config1:61 mask:61
126 [47817231590528] WARN perfrun.perfcollector <> - pmu hwInfo is not set, at file: vcs/perfrun1/plugins/perfcollector/src/controller.cpp:657
126 [47817231590528] INFO perfrun.perfcollector <> - pmu added : family : uncore_cbox , id : 4
126 [47817231590528] INFO perfrun.perfcollector <> - dir found : /sys/bus/event_source/devices/uncore_qpi_1
126 [47817231590528] INFO perfrun.perfcollector <> - format: match_rds config1:48-51 mask:48-51
126 [47817231590528] INFO perfrun.perfcollector <> - format: match_dnid config1:13-17 mask:13-17
126 [47817231590528] INFO perfrun.perfcollector <> - format: match_rnid30 config1:32-35 mask:32-35
126 [47817231590528] INFO perfrun.perfcollector <> - format: match_rnid4 config1:31 mask:31
126 [47817231590528] INFO perfrun.perfcollector <> - format: event config:0-7,21 mask:0-7,21
126 [47817231590528] INFO perfrun.perfcollector <> - format: mask_mc config2:9-12 mask:9-12
126 [47817231590528] INFO perfrun.perfcollector <> - format: mask_vnw config2:3-4 mask:3-4
126 [47817231590528] INFO perfrun.perfcollector <> - format: edge config:18 mask:18
126 [47817231590528] INFO perfrun.perfcollector <> - format: mask_dnid config2:13-17 mask:13-17
126 [47817231590528] INFO perfrun.perfcollector <> - format: mask_rnid30 config2:32-35 mask:32-35
126 [47817231590528] INFO perfrun.perfcollector <> - format: match_vnw config1:3-4 mask:3-4
126 [47817231590528] INFO perfrun.perfcollector <> - format: mask1 config2:32-63 mask:32-63
126 [47817231590528] INFO perfrun.perfcollector <> - format: match1 config1:32-63 mask:32-63
126 [47817231590528] INFO perfrun.perfcollector <> - format: mask_opc config2:5-8 mask:5-8
126 [47817231590528] INFO perfrun.perfcollector <> - format: mask_rnid4 config2:31 mask:31
126 [47817231590528] INFO perfrun.perfcollector <> - format: thresh config:24-31 mask:24-31
126 [47817231590528] INFO perfrun.perfcollector <> - format: inv config:23 mask:23
126 [47817231590528] INFO perfrun.perfcollector <> - format: match_mc config1:9-12 mask:9-12
126 [47817231590528] INFO perfrun.perfcollector <> - format: match_opc config1:5-8 mask:5-8
126 [47817231590528] INFO perfrun.perfcollector <> - format: umask config:8-15 mask:8-15
126 [47817231590528] INFO perfrun.perfcollector <> - format: mask_rds config2:48-51 mask:48-51
126 [47817231590528] INFO perfrun.perfcollector <> - format: mask0 config2:0-31 mask:0-31
126 [47817231590528] INFO perfrun.perfcollector <> - format: match0 config1:0-31 mask:0-31
126 [47817231590528] INFO perfrun.perfcollector <> - hwInfo : PERF_QPI_PMU_DETAILS
127 [47817231590528] INFO perfrun.perfcollector <> - pmu added : family : uncore_qpi , id : 1
127 [47817231590528] INFO perfrun.perfcollector <> - dir found : /sys/bus/event_source/devices/uncore_imc_1
127 [47817231590528] INFO perfrun.perfcollector <> - format: event config:0-7 mask:0-7
127 [47817231590528] INFO perfrun.perfcollector <> - format: edge config:18 mask:18
127 [47817231590528] INFO perfrun.perfcollector <> - format: thresh config:24-31 mask:24-31
127 [47817231590528] INFO perfrun.perfcollector <> - format: inv config:23 mask:23
127 [47817231590528] INFO perfrun.perfcollector <> - format: umask config:8-15 mask:8-15
127 [47817231590528] INFO perfrun.perfcollector <> - hwInfo : PERF_IMC_PMU_DETAILS
127 [47817231590528] INFO perfrun.perfcollector <> - pmu added : family : uncore_imc , id : 1
127 [47817231590528] INFO perfrun.perfcollector <> - dir found : /sys/bus/event_source/devices/uncore_cbox_2
127 [47817231590528] INFO perfrun.perfcollector <> - format: filter_nc config1:62 mask:62
127 [47817231590528] INFO perfrun.perfcollector <> - format: event config:0-7 mask:0-7
127 [47817231590528] INFO perfrun.perfcollector <> - format: filter_tid config1:0-5 mask:0-5
127 [47817231590528] INFO perfrun.perfcollector <> - format: edge config:18 mask:18
127 [47817231590528] INFO perfrun.perfcollector <> - format: filter_nid config1:32-47 mask:32-47
127 [47817231590528] INFO perfrun.perfcollector <> - format: filter_link config1:6-8 mask:6-8
127 [47817231590528] INFO perfrun.perfcollector <> - format: filter_state config1:17-23 mask:17-23
127 [47817231590528] INFO perfrun.perfcollector <> - format: filter_isoc config1:63 mask:63
127 [47817231590528] INFO perfrun.perfcollector <> - format: tid_en config:19 mask:19
127 [47817231590528] INFO perfrun.perfcollector <> - format: thresh config:24-31 mask:24-31
127 [47817231590528] INFO perfrun.perfcollector <> - format: umask config:8-15 mask:8-15
127 [47817231590528] INFO perfrun.perfcollector <> - format: filter_opc config1:52-60 mask:52-60
127 [47817231590528] INFO perfrun.perfcollector <> - format: filter_c6 config1:61 mask:61
127 [47817231590528] WARN perfrun.perfcollector <> - pmu hwInfo is not set, at file: vcs/perfrun1/plugins/perfcollector/src/controller.cpp:657
127 [47817231590528] INFO perfrun.perfcollector <> - pmu added : family : uncore_cbox , id : 2
127 [47817231590528] INFO perfrun.perfcollector <> - dir found : /sys/bus/event_source/devices/uncore_r3qpi_1
127 [47817231590528] INFO perfrun.perfcollector <> - format: event config:0-7 mask:0-7
127 [47817231590528] INFO perfrun.perfcollector <> - format: edge config:18 mask:18
127 [47817231590528] INFO perfrun.perfcollector <> - format: thresh config:24-31 mask:24-31
127 [47817231590528] INFO perfrun.perfcollector <> - format: inv config:23 mask:23
127 [47817231590528] INFO perfrun.perfcollector <> - format: umask config:8-15 mask:8-15
127 [47817231590528] WARN perfrun.perfcollector <> - pmu hwInfo is not set, at file: vcs/perfrun1/plugins/perfcollector/src/controller.cpp:657
128 [47817231590528] INFO perfrun.perfcollector <> - pmu added : family : uncore_r3qpi , id : 1
128 [47817231590528] INFO perfrun.perfcollector <> - dir found : /sys/bus/event_source/devices/uncore_cbox_0
128 [47817231590528] INFO perfrun.perfcollector <> - format: filter_nc config1:62 mask:62
128 [47817231590528] INFO perfrun.perfcollector <> - format: event config:0-7 mask:0-7
128 [47817231590528] INFO perfrun.perfcollector <> - format: filter_tid config1:0-5 mask:0-5
128 [47817231590528] INFO perfrun.perfcollector <> - format: edge config:18 mask:18
128 [47817231590528] INFO perfrun.perfcollector <> - format: filter_nid config1:32-47 mask:32-47
128 [47817231590528] INFO perfrun.perfcollector <> - format: filter_link config1:6-8 mask:6-8
128 [47817231590528] INFO perfrun.perfcollector <> - format: filter_state config1:17-23 mask:17-23
128 [47817231590528] INFO perfrun.perfcollector <> - format: filter_isoc config1:63 mask:63
128 [47817231590528] INFO perfrun.perfcollector <> - format: tid_en config:19 mask:19
128 [47817231590528] INFO perfrun.perfcollector <> - format: thresh config:24-31 mask:24-31
128 [47817231590528] INFO perfrun.perfcollector <> - format: umask config:8-15 mask:8-15
128 [47817231590528] INFO perfrun.perfcollector <> - format: filter_opc config1:52-60 mask:52-60
128 [47817231590528] INFO perfrun.perfcollector <> - format: filter_c6 config1:61 mask:61
128 [47817231590528] WARN perfrun.perfcollector <> - pmu hwInfo is not set, at file: vcs/perfrun1/plugins/perfcollector/src/controller.cpp:657
128 [47817231590528] INFO perfrun.perfcollector <> - pmu added : family : uncore_cbox , id : 0
128 [47817231590528] INFO perfrun.perfcollector <> - dir found : /sys/bus/event_source/devices/cstate_core
128 [47817231590528] INFO perfrun.perfcollector <> - format: event config:0-63 mask:0-63
128 [47817231590528] WARN perfrun.perfcollector <> - pmu hwInfo is not set, at file: vcs/perfrun1/plugins/perfcollector/src/controller.cpp:657
128 [47817231590528] INFO perfrun.perfcollector <> - pmu added : family : cstate_core , id : 0
128 [47817231590528] INFO perfrun.perfcollector <> - dir found : /sys/bus/event_source/devices/uncore_cbox_12
128 [47817231590528] INFO perfrun.perfcollector <> - format: filter_nc config1:62 mask:62
128 [47817231590528] INFO perfrun.perfcollector <> - format: event config:0-7 mask:0-7
128 [47817231590528] INFO perfrun.perfcollector <> - format: filter_tid config1:0-5 mask:0-5
128 [47817231590528] INFO perfrun.perfcollector <> - format: edge config:18 mask:18
128 [47817231590528] INFO perfrun.perfcollector <> - format: filter_nid config1:32-47 mask:32-47
128 [47817231590528] INFO perfrun.perfcollector <> - format: filter_link config1:6-8 mask:6-8
128 [47817231590528] INFO perfrun.perfcollector <> - format: filter_state config1:17-23 mask:17-23
128 [47817231590528] INFO perfrun.perfcollector <> - format: filter_isoc config1:63 mask:63
128 [47817231590528] INFO perfrun.perfcollector <> - format: tid_en config:19 mask:19
128 [47817231590528] INFO perfrun.perfcollector <> - format: thresh config:24-31 mask:24-31
129 [47817231590528] INFO perfrun.perfcollector <> - format: umask config:8-15 mask:8-15
129 [47817231590528] INFO perfrun.perfcollector <> - format: filter_opc config1:52-60 mask:52-60
129 [47817231590528] INFO perfrun.perfcollector <> - format: filter_c6 config1:61 mask:61
129 [47817231590528] WARN perfrun.perfcollector <> - pmu hwInfo is not set, at file: vcs/perfrun1/plugins/perfcollector/src/controller.cpp:657
129 [47817231590528] INFO perfrun.perfcollector <> - pmu added : family : uncore_cbox , id : 12
129 [47817231590528] INFO perfrun.perfcollector <> - dir found : /sys/bus/event_source/devices/tracepoint
129 [47817231590528] WARN perfrun.perfcollector <> - format subdir doesn't exist, at file: vcs/perfrun1/plugins/perfcollector/src/controller.cpp:578
129 [47817231590528] WARN perfrun.perfcollector <> - pmu hwInfo is not set, at file: vcs/perfrun1/plugins/perfcollector/src/controller.cpp:657
129 [47817231590528] INFO perfrun.perfcollector <> - pmu added : family : tracepoint , id : 0
129 [47817231590528] INFO perfrun.perfcollector <> - dir found : /sys/bus/event_source/devices/uncore_cbox_9
129 [47817231590528] INFO perfrun.perfcollector <> - format: filter_nc config1:62 mask:62
129 [47817231590528] INFO perfrun.perfcollector <> - format: event config:0-7 mask:0-7
129 [47817231590528] INFO perfrun.perfcollector <> - format: filter_tid config1:0-5 mask:0-5
129 [47817231590528] INFO perfrun.perfcollector <> - format: edge config:18 mask:18
129 [47817231590528] INFO perfrun.perfcollector <> - format: filter_nid config1:32-47 mask:32-47
129 [47817231590528] INFO perfrun.perfcollector <> - format: filter_link config1:6-8 mask:6-8
129 [47817231590528] INFO perfrun.perfcollector <> - format: filter_state config1:17-23 mask:17-23
129 [47817231590528] INFO perfrun.perfcollector <> - format: filter_isoc config1:63 mask:63
129 [47817231590528] INFO perfrun.perfcollector <> - format: tid_en config:19 mask:19
129 [47817231590528] INFO perfrun.perfcollector <> - format: thresh config:24-31 mask:24-31
129 [47817231590528] INFO perfrun.perfcollector <> - format: umask config:8-15 mask:8-15
129 [47817231590528] INFO perfrun.perfcollector <> - format: filter_opc config1:52-60 mask:52-60
129 [47817231590528] INFO perfrun.perfcollector <> - format: filter_c6 config1:61 mask:61
129 [47817231590528] WARN perfrun.perfcollector <> - pmu hwInfo is not set, at file: vcs/perfrun1/plugins/perfcollector/src/controller.cpp:657
129 [47817231590528] INFO perfrun.perfcollector <> - pmu added : family : uncore_cbox , id : 9
129 [47817231590528] INFO perfrun.perfcollector <> - dir found : /sys/bus/event_source/devices/msr
129 [47817231590528] INFO perfrun.perfcollector <> - format: event config:0-63 mask:0-63
129 [47817231590528] WARN perfrun.perfcollector <> - pmu hwInfo is not set, at file: vcs/perfrun1/plugins/perfcollector/src/controller.cpp:657
129 [47817231590528] INFO perfrun.perfcollector <> - pmu added : family : msr , id : 0
129 [47817231590528] INFO perfrun.perfcollector <> - dir found : /sys/bus/event_source/devices/uncore_cbox_10
129 [47817231590528] INFO perfrun.perfcollector <> - format: filter_nc config1:62 mask:62
129 [47817231590528] INFO perfrun.perfcollector <> - format: event config:0-7 mask:0-7
129 [47817231590528] INFO perfrun.perfcollector <> - format: filter_tid config1:0-5 mask:0-5
129 [47817231590528] INFO perfrun.perfcollector <> - format: edge config:18 mask:18
130 [47817231590528] INFO perfrun.perfcollector <> - format: filter_nid config1:32-47 mask:32-47
130 [47817231590528] INFO perfrun.perfcollector <> - format: filter_link config1:6-8 mask:6-8
130 [47817231590528] INFO perfrun.perfcollector <> - format: filter_state config1:17-23 mask:17-23
130 [47817231590528] INFO perfrun.perfcollector <> - format: filter_isoc config1:63 mask:63
130 [47817231590528] INFO perfrun.perfcollector <> - format: tid_en config:19 mask:19
130 [47817231590528] INFO perfrun.perfcollector <> - format: thresh config:24-31 mask:24-31
130 [47817231590528] INFO perfrun.perfcollector <> - format: umask config:8-15 mask:8-15
130 [47817231590528] INFO perfrun.perfcollector <> - format: filter_opc config1:52-60 mask:52-60
130 [47817231590528] INFO perfrun.perfcollector <> - format: filter_c6 config1:61 mask:61
130 [47817231590528] WARN perfrun.perfcollector <> - pmu hwInfo is not set, at file: vcs/perfrun1/plugins/perfcollector/src/controller.cpp:657
130 [47817231590528] INFO perfrun.perfcollector <> - pmu added : family : uncore_cbox , id : 10
130 [47817231590528] INFO perfrun.perfcollector <> - dir found : /sys/bus/event_source/devices/uncore_sbox_3
130 [47817231590528] INFO perfrun.perfcollector <> - format: event config:0-7 mask:0-7
130 [47817231590528] INFO perfrun.perfcollector <> - format: edge config:18 mask:18
130 [47817231590528] INFO perfrun.perfcollector <> - format: tid_en config:19 mask:19
130 [47817231590528] INFO perfrun.perfcollector <> - format: thresh config:24-31 mask:24-31
130 [47817231590528] INFO perfrun.perfcollector <> - format: inv config:23 mask:23
130 [47817231590528] INFO perfrun.perfcollector <> - format: umask config:8-15 mask:8-15
130 [47817231590528] WARN perfrun.perfcollector <> - pmu hwInfo is not set, at file: vcs/perfrun1/plugins/perfcollector/src/controller.cpp:657
130 [47817231590528] INFO perfrun.perfcollector <> - pmu added : family : uncore_sbox , id : 3
130 [47817231590528] INFO perfrun.perfcollector <> - dir found : /sys/bus/event_source/devices/uncore_cbox_7
130 [47817231590528] INFO perfrun.perfcollector <> - format: filter_nc config1:62 mask:62
130 [47817231590528] INFO perfrun.perfcollector <> - format: event config:0-7 mask:0-7
130 [47817231590528] INFO perfrun.perfcollector <> - format: filter_tid config1:0-5 mask:0-5
130 [47817231590528] INFO perfrun.perfcollector <> - format: edge config:18 mask:18
130 [47817231590528] INFO perfrun.perfcollector <> - format: filter_nid config1:32-47 mask:32-47
130 [47817231590528] INFO perfrun.perfcollector <> - format: filter_link config1:6-8 mask:6-8
130 [47817231590528] INFO perfrun.perfcollector <> - format: filter_state config1:17-23 mask:17-23
130 [47817231590528] INFO perfrun.perfcollector <> - format: filter_isoc config1:63 mask:63
130 [47817231590528] INFO perfrun.perfcollector <> - format: tid_en config:19 mask:19
130 [47817231590528] INFO perfrun.perfcollector <> - format: thresh config:24-31 mask:24-31
130 [47817231590528] INFO perfrun.perfcollector <> - format: umask config:8-15 mask:8-15
130 [47817231590528] INFO perfrun.perfcollector <> - format: filter_opc config1:52-60 mask:52-60
131 [47817231590528] INFO perfrun.perfcollector <> - format: filter_c6 config1:61 mask:61
131 [47817231590528] WARN perfrun.perfcollector <> - pmu hwInfo is not set, at file: vcs/perfrun1/plugins/perfcollector/src/controller.cpp:657
131 [47817231590528] INFO perfrun.perfcollector <> - pmu added : family : uncore_cbox , id : 7
131 [47817231590528] INFO perfrun.launcher <> - plugin perf has been added successfully
131 [47817231590528] INFO perfrun.launcher <> - plugin tpss has been added successfully
131 [47817231590528] INFO perfrun.launcher <> - plugin cuscol has been added successfully
131 [47817231590528] INFO perfrun.launcher <> - plugin exprof has been added successfully
131 [47817231590528] INFO perfrun.launcher <> - plugin dpdk has been added successfully
131 [47817231590528] INFO perfrun.launcher <> - plugin media has been added successfully
131 [47817231590528] INFO perfrun.launcher <> - plugin commcollector has been added successfully
131 [47817231590528] INFO perfrun.launcher <> - plugin cve has been added successfully
132 [47817231590528] INFO perfrun.launcher <> - the option was added --interval: Specify an interval of data collection (for example, sampling) in milliseconds.
132 [47817231590528] INFO perfrun.launcher <> - the option was added --follow-child: Profile process with or without children.
132 [47817231590528] INFO perfrun.launcher <> - the option was added --gelding: BADMSG: perfrun1.launcher.plugin_manager::gelding
132 [47817231590528] INFO perfrun.launcher <> - the option was added --time-source: Specify time source for measurement. Possible values: sys - wall clock time; tsc - time stamp counter; ext - time from an external source; auto - auto select accurate time source.
132 [47817231590528] INFO perfrun.launcher <> - the option was added --stack: Enable or disable collection of stacks.
132 [47817231590528] INFO perfrun.launcher <> - the option was added --stack-stitching: Enable or disable the stack stitching algorithm for Intel TBB-based applications.
132 [47817231590528] INFO perfrun.launcher <> - the option was added --type: Specify type of data to be collected. For example, --type cpu:counters,waiting:nostack,io.
132 [47817231590528] INFO perfrun.launcher <> - the option was added --mrte-mode: Specify Java/.NET/other managed runtime collection mode. Possible values: native - collect information only for native code; managed - collect information only for managed code; mixed - collect information for both managed and native code; auto - choose the mode based on binary type.
132 [47817231590528] INFO perfrun.launcher <> - the option was added --mrte-mode-list: List supported Java/.NET/other managed runtime collection modes.
132 [47817231590528] INFO perfrun.launcher <> - the option was added --mrte-type: Specify which managed runtimes to collect. Possible values: java - collect information for Java; dotnet - collect information for .NET; python - collect information for CPython. You can specify several values separated by comma.
132 [47817231590528] INFO perfrun.launcher <> - the option was added --mrte-type-list: List supported Java/.NET/other managed runtime types.
132 [47817231590528] INFO perfrun.launcher <> - the option was added --trace-strategy: Specify how to profile a process tree. <string> can be "<process>:trace:notrace" - profile the process but do not profile its children. Shorthand parameters: t - trace, nt - notrace. For example, "vtunedemo.exe:t:t".
132 [47817231590528] INFO perfrun.launcher <> - the option was added --collector: BADMSG: perfrun1.launcher.plugin_manager::collector
132 [47817231590528] INFO perfrun.launcher <> - the option was added --system-wide: Enable system-wide profiling. This mode may require additional permissions.
132 [47817231590528] INFO perfrun.launcher <> - the option was added --kvm-guest: Enable KVM guest OS profiling.
132 [47817231590528] INFO perfrun.launcher <> - the option was added --kvm-guest-kallsyms: Specify a local path to the /proc/kallsyms file copied from the guest OS for proper symbol resolution.
132 [47817231590528] INFO perfrun.launcher <> - the option was added --kvm-guest-modules: Specify a local path to the /proc/modules file copied from the guest OS for proper symbol resolution.
132 [47817231590528] INFO perfrun.launcher <> - the option was added --target-system: BADMSG: perfrun1.launcher.plugin_manager::target-system
133 [47817231590528] INFO perfrun.launcher <> - the option was added --dump-vdso: Dump [vdso] to result directory
133 [47817231590528] INFO perfrun.launcher <> - the option was added --bandwidth-limits: Measure bandwidth limits
133 [47817231590528] INFO perfrun.launcher <> - the option was added --bandwidth-strategy: Bandwidth limits determination specific properties (example: --bandwidth-strategy array-size=0,duration=500).
133 [47817231590528] INFO perfrun.launcher <> - the option was added --bandwidth-config: List of benchmarks to run.
133 [47817231590528] INFO perfrun.launcher <> - the option was added --system-collector-config: Specify subcollectors. Possible values: all, vdso, container, device-info, none.
133 [47817231590528] INFO perfrun.launcher <> - the option was added --itt-config: Specify a sub-set of ITT API to collect.
133 [47817231590528] INFO perfrun.launcher <> - the option was added --itt-debug: Set pseudo-breakpoint at ITT API collector's start to enable the debugger to attach early.
133 [47817231590528] INFO perfrun.launcher <> - the option was added --itt-ring-buffer-multiplier: The size of internal ITT API collector ring buffer, in bytes per second
133 [47817231590528] INFO perfrun.launcher <> - the option was added --ptrace: Ptrace collector.
133 [47817231590528] INFO perfrun.launcher <> - the option was added --target-pid: BADMSG: perfrun1.ptracecollector::target-pid
133 [47817231590528] INFO perfrun.launcher <> - the option was added --ptrace-server-pid: BADMSG: perfrun1.ptracecollector::ptrace-server-pid
133 [47817231590528] INFO perfrun.launcher <> - the option was added --ptrace-trace: BADMSG: perfrun1.ptracecollector::ptrace-trace
133 [47817231590528] INFO perfrun.launcher <> - the option was added --ptrace-time-source: BADMSG: perfrun1.ptracecollector::ptrace-time-source
133 [47817231590528] INFO perfrun.launcher <> - the option was added --ptrace-start-type: BADMSG: perfrun1.ptracecollector::ptrace-start-type
133 [47817231590528] INFO perfrun.launcher <> - the option was added --gpu-config: Specify types of GPU data to be collected. Possible values: preset1, preset2.
133 [47817231590528] INFO perfrun.launcher <> - the option was added --gpu-debug: Enable self-testing of the GPGPU profiling collector.
133 [47817231590528] INFO perfrun.launcher <> - the option was added --stdsrc-config: Specify Standard Sources category tag(s).
133 [47817231590528] INFO perfrun.launcher <> - the option was added --ftrace-config-list: List Linux Ftrace category tag(s).
133 [47817231590528] INFO perfrun.launcher <> - the option was added --ftrace-config: Specify Linux Ftrace category tag(s).
133 [47817231590528] INFO perfrun.launcher <> - the option was added --ftrace-function-groups: Enable tracing of specific groups of functions.
133 [47817231590528] INFO perfrun.launcher <> - the option was added --event-info: BADMSG: perfrun1.stdsrc::event-info
133 [47817231590528] INFO perfrun.launcher <> - the option was added --cpu-list: List supported CPUs.
133 [47817231590528] INFO perfrun.launcher <> - the option was added --target-list: List available targets for performing sampling collection.
133 [47817231590528] INFO perfrun.launcher <> - the option was added --event-value-list: Display event information.
133 [47817231590528] INFO perfrun.launcher <> - the option was added --platform-value-list: Display details of supported platforms.
133 [47817231590528] INFO perfrun.launcher <> - the option was added --uncore-event-list: List uncore events for which a sampling data collection can be performed on this platform.
133 [47817231590528] INFO perfrun.launcher <> - the option was added --modifier-list: Specify the event name <string> for which the modifiers list is requested.
133 [47817231590528] INFO perfrun.launcher <> - the option was added --pmu-list: List supported PMUs.
133 [47817231590528] INFO perfrun.launcher <> - the option was added --os-mode-only: Enable sampling data collection for OS-mode processes only.
133 [47817231590528] INFO perfrun.launcher <> - the option was added --user-mode-only: Enable sampling data collection for user-mode processes only.
133 [47817231590528] INFO perfrun.launcher <> - the option was added --event-config: Perform data collection for the events with <string> configured using the format <event name1>":modifier1=val:modifier2=val/constraint1={:modifier3=val:modifier4=val}...,"<event name2>":... Specify the events(s) to monitor and embed the event names within double quotes("). [:modifier=val] specifies individual event modifiers along with the respective values for a given platform. Note that the modifiers can be generic to an event as well as specific to a constraint (or an event qualifier). The constraint specific special modifiers appear after [/constraint=]. The modifiers can be in decimal or hexadecimal format. Only specific modifiers accept the value as a string. Each event specification is delimited by a comma (,). For a list of supported modifiers and constraints, refer to the documentation.
134 [47817231590528] INFO perfrun.launcher <> - the option was added --chipset-event-config: BADMSG: perfrun1.sep::chipset-event-config
134 [47817231590528] INFO perfrun.launcher <> - the option was added --uncore-event-config: Perform uncore data collection in ebc count mode for the events with <string> configured using the format "<event name1>"...,"<event name2>":... Specify the events(s) to monitor and embed the event names within double quotes(").
134 [47817231590528] INFO perfrun.launcher <> - the option was added --count-emon: Enable counting mode and output the data in EMON format.
134 [47817231590528] INFO perfrun.launcher <> - the option was added --event-based-counts: Enable event-based counting mode. During sampling data collection, event counts data is collected for the list of events specified in -event-config option.
134 [47817231590528] INFO perfrun.launcher <> - the option was added --event-mux-tfactor: Specify the event multiplexing tfactor as <integer> to set the length of the interval between interrupts. The larger the tfactor value, the larger the period between interrupts. Currently this option is only available on Intel platforms codenamed Knights Corner.
134 [47817231590528] INFO perfrun.launcher <> - the option was added --full-pebs-capture: Capture full pebs information.
134 [47817231590528] INFO perfrun.launcher <> - the option was added --last-branch-records: Capture Last Branch Records information.
134 [47817231590528] INFO perfrun.launcher <> - the option was added --pmu-type: Specify the targeted PMU name as <string>.
134 [47817231590528] INFO perfrun.launcher <> - the option was added --platform-type: Specify the targeted platform number as <number>.
134 [47817231590528] INFO perfrun.launcher <> - the option was added --bts-count: Specify the <integer> number of BTS records collected after each sample or context switch (VTSS++ only).
134 [47817231590528] INFO perfrun.launcher <> - the option was added --cpu-mask: Specify which CPU(s) <string> to collect data on. For example, specify "2-8,10,12-14" to sample only CPUs 2 through 8, 10, and 12 through 14.
134 [47817231590528] INFO perfrun.launcher <> - the option was added --event-mux-alg: Specify the event multiplexing algorithm. Possible values: sequence, timer, trigger.
134 [47817231590528] INFO perfrun.launcher <> - the option was added --event-mux-timeslice: Specify the event multiplexing time slice value as <integer>. The time slice specifies the duration between cycles for each event multiplexing group. The default value is 50 milliseconds. This option is valid only for timer-based event multiplexing. Specify the event multiplexing time slice value as <integer>. The time slice specifies the duration between cycles for each event multiplexing group. The default value is 1 millisecond. This option is valid only for timer-based event multiplexing.
134 [47817231590528] INFO perfrun.launcher <> - the option was added --event-mux-factor: Specify the event multiplexing factor as <integer>. It controls the switching of event multiplexing groups. The default factor is 50. This option is valid only for trigger-based event multiplexing. Specify the event multiplexing factor as <integer>. It controls the switching of event multiplexing groups. The default factor is 1. This option is valid only for trigger-based event multiplexing.
134 [47817231590528] INFO perfrun.launcher <> - the option was added --event-mux-trigger: Specify the name of the trigger event for event multiplexing as <string>. This option is valid only for trigger-based event multiplexing. The default trigger is CPU_CLK_UNHALTED.CORE (or CPU_CLK_UNHALTED.THREAD). BADMSG: perfrun1.vtsspp::event-mux-trigger
134 [47817231590528] INFO perfrun.launcher <> - the option was added --pwr-config: BADMSG: perfrun1.vtsspp::pwr-config
134 [47817231590528] INFO perfrun.launcher <> - the option was added --sys-config: BADMSG: perfrun1.vtsspp::sys-config
134 [47817231590528] INFO perfrun.launcher <> - the option was added --pt-mode: BADMSG: perfrun1.vtsspp::pt-mode
134 [47817231590528] INFO perfrun.launcher <> - the option was added --sample-after-multiplier: Specify the sample after multiplier as <double>. This multiplier modifies the sample after value for all the events specified in -event-config option. The values can range from 0.1 to 100.0. SAV multiplier value
134 [47817231590528] INFO perfrun.launcher <> - the option was added --uncore-sampling-interval: Specify the uncore sampling interval as <integer>. This value set the uncore sampling interval for all the uncore events specified in -event-config option.
134 [47817231590528] INFO perfrun.launcher <> - the option was added --count: Enable counting mode. Enable counting mode
134 [47817231590528] INFO perfrun.launcher <> - the option was added --trace-mpi: Configure collector to trace MPI code.
134 [47817231590528] INFO perfrun.launcher <> - the option was added --raw-perf-config: Specify a verified configuration for the Perf collector in the format: <describer>,<content>. For example: map-events-file,<path_to_map_events_file>.
134 [47817231590528] INFO perfrun.launcher <> - the option was added --stackwalk: Specify stack unwinding method. Possible values: online - unwind stacks during collection; offline - unwind stacks after collection is finished. Specify stack unwinding method. Possible value: lbr - unwind stacks during collection. Specify stack unwinding method. Possible values: online - unwind stacks during collection; offline - unwind stacks after collection is finished; lbr - enable LBR-based call stack collection. Specify stack unwinding method. Possible values: online - unwind stacks during collection; offline - unwind stacks after collection is finished. Specify stack unwinding method. Possible values: online - unwind stacks during collection; offline - unwind stacks after collection is finished.
134 [47817231590528] INFO perfrun.launcher <> - the option was added --filter-include: Filter data during collection. Possible values: contended=<on|off> - filter out uncontended events; contended_nostack=<time> - filter out stacks for contended events that take less than <time> microseconds; wait=<time> - ignore transitions and blocks with wait time less than <time> microseconds; wait_nostack=<time> - filter out stacks for waits that take less than <time> microseconds.
134 [47817231590528] INFO perfrun.launcher <> - the option was added --debug-pin: Debug PIN tool and runtime.
134 [47817231590528] INFO perfrun.launcher <> - the option was added --debug-exception: Disallow the application to set own abnormal termination handler.
134 [47817231590528] INFO perfrun.launcher <> - the option was added --trace-type: Specify the trace file granularity. Possible values: per-thread - per-thread trace file generation; per-process - per-process trace file generation.
134 [47817231590528] INFO perfrun.launcher <> - the option was added --instrumentation-type: Specify type of instrumentation.
134 [47817231590528] INFO perfrun.launcher <> - the option was added --altstack: Enable or disable usage of altstacks for profiling signal handlers.
134 [47817231590528] INFO perfrun.launcher <> - the option was added --profiling-signal: BADMSG: perfrun1.ptracecollector::profiling-signal Alternate profiling signal.
135 [47817231590528] INFO perfrun.launcher <> - the option was added --memory-strategy: Specify a minimal memory object size to be traced and a hash table size for faster objects search; for example: --memory-strategy obj-size-min=1024,hash-table-size=4096.
135 [47817231590528] INFO perfrun.launcher <> - the option was added --gpu-profiling-config: Specify a type of deep GPU profiling applied for all kernels and a comma-separated list of GPU kernel names and invocations in the following format: profiling_type[@kernel_name[:start_idx:step:stop_idx]], where profiling_type is one of following: none, bblatency, memlatency; kernel_name is the name of GPU kernel; start_idx is the number of the first invocation; and stop_idx is the number of the last invocation to be profiled.
135 [47817231590528] INFO perfrun.launcher <> - the option was added --custom-collector: Allows to provide arbitrary command line to be run on collection steps.
135 [47817231590528] INFO perfrun.launcher <> - the option was added --exprof-com-list: List available COM ports.
135 [47817231590528] INFO perfrun.launcher <> - the option was added --exprof-dvc-list: List available DvC IDs.
135 [47817231590528] INFO perfrun.launcher <> - the option was added --exprof-trace-channel: BADMSG: perfrun1.exprof::exprof-trace-channel
135 [47817231590528] INFO perfrun.launcher <> - the option was added --exprof-event-config: Specify ExactProfiling Event Classes.
135 [47817231590528] INFO perfrun.launcher <> - the option was added --analyze-dpdk: analyze-dpdk
135 [47817231590528] INFO perfrun.launcher <> - the option was added --network-sampling-interval: network-sampling-interval
135 [47817231590528] INFO perfrun.launcher <> - the option was added --dpdk-file-prefix: dpdk-file-prefix
137 [47817231590528] INFO perfrun.launcher <> - create msngr2::ICliToolContext
138 [47817231590528] INFO perfrun.launcher <> - create file finder object
138 [47817231590528] INFO perfrun.launcher <> - create a result directory: pattern = /dss/dssfs02/lwp-dss-0001/pr63so/pr63so-dss-0000/ge49nuk2/bcl/examples/simple/2N.i22r07c05s05 pid = 4294967295
142 [47817231590528] INFO perfrun.sdk <> - checked that the directory /dss/dssfs02/lwp-dss-0001/pr63so/pr63so-dss-0000/ge49nuk2/bcl/examples/simple/2N.i22r07c05s05 is a local directory
142 [47817231590528] INFO perfrun.sdk <> - the directory /dss/dssfs02/lwp-dss-0001/pr63so/pr63so-dss-0000/ge49nuk2/bcl/examples/simple/2N.i22r07c05s05 is located on a share or its FS ID is unknown 1196443219
173 [47817231590528] INFO perfrun.launcher <> - Create a local result directory /gpfs/scratch/pr63so/ge49nuk2/ge49nuk2/amplxe-tmp-ge49nuk2/amplxe-res-57266-97574954492091322 due to the user result path /dss/dssfs02/lwp-dss-0001/pr63so/pr63so-dss-0000/ge49nuk2/bcl/examples/simple/2N.i22r07c05s05 is located on a share
174 [47817231590528] INFO perfrun.launcher <> - create data directory = /gpfs/scratch/pr63so/ge49nuk2/ge49nuk2/amplxe-tmp-ge49nuk2/amplxe-res-57266-97574954492091322/data.0
175 [47817231590528] INFO perfrun.launcher <> - create data directory = /dss/dssfs02/lwp-dss-0001/pr63so/pr63so-dss-0000/ge49nuk2/bcl/examples/simple/2N.i22r07c05s05/data.0
201 [47817349809920] INFO perfrun.sdk <> - Allocating TMU :/gpfs/scratch/pr63so/ge49nuk2/ge49nuk2/amplxe-tmp-ge49nuk2/amplxe-res-57266-97574954492091322/data.0/systemcollector-57266-i22r07c05s05.sc
201 [47817349809920] INFO perfrun.system <> - Tpss based collection
202 [47817349809920] INFO perfrun.launcher <> - plugin [ptracecollector] was disabled because it doesn't support the given collection type.
202 [47817349809920] INFO perfrun.launcher <> - plugin [gpu] was disabled because it doesn't support the given collection type.
202 [47817349809920] INFO perfrun.launcher <> - plugin [] was disabled because it doesn't support the given collection type.
202 [47817349809920] INFO perfrun.launcher <> - plugin [] was disabled because it doesn't support the given collection type.
202 [47817349809920] INFO perfrun.launcher <> - plugin [] was disabled because it doesn't support the given collection type.
202 [47817349809920] INFO perfrun.launcher <> - plugin [mrte] was disabled because it doesn't support the given collection type.
202 [47817349809920] INFO perfrun.launcher <> - plugin [emon] was disabled because it doesn't support the given collection type.
202 [47817349809920] INFO perfrun.launcher <> - plugin [stdsrc] was disabled because it doesn't support the given collection type.
202 [47817349809920] INFO perfrun.launcher <> - plugin [sep] was disabled because it doesn't support the given collection type.
202 [47817349809920] INFO perfrun.launcher <> - plugin [vtsspp] was disabled because it doesn't support the given collection type.
202 [47817349809920] INFO perfrun.launcher <> - plugin [perf] was disabled because it doesn't support the given collection type.
203 [47817349809920] INFO perfrun.tpss <> - initialize tpss controller
203 [47817349809920] INFO perfrun.tpss <> - configure collection mode: value = cpu:counters:nostack
203 [47817349809920] INFO perfrun.tpss <> - configure collection mode: value = cpu:stack
203 [47817349809920] INFO perfrun.tpss <> - default obj-size-min=1024
203 [47817349809920] INFO perfrun.tpss <> - default hash-table-size=0
265 [47817349809920] INFO perfrun.launcher <> - plugin [cuscol] was disabled because it doesn't support the given collection type.
265 [47817349809920] INFO perfrun.launcher <> - plugin [exprof] was disabled because it doesn't support the given collection type.
265 [47817349809920] INFO perfrun.launcher <> - plugin [dpdk] was disabled because it doesn't support the given collection type.
265 [47817349809920] INFO perfrun.commcollector <> - Disabling commcollector because integrity connection type is not used
265 [47817349809920] INFO perfrun.launcher <> - plugin [commcollector] was disabled because it doesn't support the given collection type.
265 [47817349809920] INFO perfrun.launcher <> - plugin [cve] was disabled because it doesn't support the given collection type.
265 [47817231590528] INFO perfrun.launcher <> - set environment variable: LD_LIBRARY_PATH = /dss/dsshome1/lrz/sys/intel/studio2018_p4/vtune_amplifier_2018.4.0.573462/lib32/runtime:/dss/dsshome1/lrz/sys/intel/studio2018_p4/vtune_amplifier_2018.4.0.573462/lib64/runtime:/dss/dsshome1/lrz/sys/spack/staging/20.2.2/opt/x86_64/intel-mpi/2019.8.254-gcc-vyzek4m/compilers_and_libraries_2020.2.254/linux/mpi/intel64/libfabric/lib:/dss/dsshome1/lrz/sys/spack/staging/20.2.2/opt/x86_64/intel-mpi/2019.8.254-gcc-vyzek4m/compilers_and_libraries_2020.2.254/linux/mpi/intel64/lib/release:/dss/dsshome1/lrz/sys/spack/staging/20.2.2/opt/x86_64/intel-mpi/2019.8.254-gcc-vyzek4m/compilers_and_libraries_2020.2.254/linux/mpi/intel64/lib:/dss/dsshome1/lrz/sys/spack/staging/20.2.2/opt/x86_64/intel-mkl/2019.5.281-gcc-2gmjfxz/compilers_and_libraries_2019.5.281/linux/tbb/lib/intel64_lin/gcc4.7:/dss/dsshome1/lrz/sys/spack/staging/20.2.2/opt/x86_64/intel-mkl/2019.5.281-gcc-2gmjfxz/compilers_and_libraries_2019.5.281/linux/compiler/lib/intel64_lin:/dss/dsshome1/lrz/sys/spack/staging/20.2.2/opt/x86_64/intel-mkl/2019.5.281-gcc-2gmjfxz/compilers_and_libraries_2019.5.281/linux/mkl/lib/intel64_lin:/dss/dsshome1/lrz/sys/spack/staging/20.2.2/opt/x86_64/intel-mkl/2019.5.281-gcc-2gmjfxz/lib:/dss/dsshome1/lrz/sys/spack/staging/20.2.2/opt/x86_64/intel/19.0.5-gcc-uglchea/compilers_and_libraries_2019.5.281/linux/mpi/intel64/libfabric/lib:/dss/dsshome1/lrz/sys/spack/staging/20.2.2/opt/x86_64/intel/19.0.5-gcc-uglchea/compilers_and_libraries_2019.5.281/linux/mpi/intel64/lib/release:/dss/dsshome1/lrz/sys/spack/staging/20.2.2/opt/x86_64/intel/19.0.5-gcc-uglchea/compilers_and_libraries_2019.5.281/linux/mpi/intel64/lib:/dss/dsshome1/lrz/sys/spack/staging/20.2.2/opt/x86_64/intel/19.0.5-gcc-uglchea/compilers_and_libraries_2019.5.281/linux/ipp/lib/intel64:/dss/dsshome1/lrz/sys/spack/staging/20.2.2/opt/x86_64/intel/19.0.5-gcc-uglchea/compilers_and_libraries_2019.5.281/linux/compiler/lib/intel64_lin:/dss/dsshome1/lrz/sys/spack/staging/20.2.2/opt/x86_64/intel/19.0.5-gcc-uglchea/compilers_and_libraries_2019.5.281/linux/mkl/lib/intel64_lin:/dss/dsshome1/lrz/sys/spack/staging/20.2.2/opt/x86_64/intel/19.0.5-gcc-uglchea/compilers_and_libraries_2019.5.281/linux/tbb/lib/intel64/gcc4.7:/dss/dsshome1/lrz/sys/spack/staging/20.2.2/opt/x86_64/intel/19.0.5-gcc-uglchea/debugger_2019/libipt/intel64/lib:/dss/dsshome1/lrz/sys/spack/staging/20.2.2/opt/x86_64/intel/19.0.5-gcc-uglchea/compilers_and_libraries_2019.5.281/linux/daal/lib/intel64_lin:/dss/dsshome1/lrz/sys/spack/staging/20.2.2/opt/x86_64/intel/19.0.5-gcc-uglchea/compilers_and_libraries_2019.5.281/linux/daal/../tbb/lib/intel64_lin/gcc4.4:/dss/dsshome1/lrz/sys/spack/staging/20.2.2/opt/x86_64/intel/19.0.5-gcc-uglchea/lib
266 [47817231590528] INFO perfrun.launcher <> - set environment variable: INTEL_LIBITTNOTIFY32 = /dss/dsshome1/lrz/sys/intel/studio2018_p4/vtune_amplifier_2018.4.0.573462/lib32/runtime/libittnotify_collector.so
266 [47817231590528] INFO perfrun.launcher <> - set environment variable: INTEL_LIBITTNOTIFY64 = /dss/dsshome1/lrz/sys/intel/studio2018_p4/vtune_amplifier_2018.4.0.573462/lib64/runtime/libittnotify_collector.so
266 [47817231590528] INFO perfrun.launcher <> - set environment variable: INTEL_ITTNOTIFY_GROUPS = 
266 [47817231590528] INFO perfrun.launcher <> - set environment variable: INTEL_JIT_PROFILER32 = /dss/dsshome1/lrz/sys/intel/studio2018_p4/vtune_amplifier_2018.4.0.573462/lib32/runtime/libittnotify_collector.so
266 [47817231590528] INFO perfrun.launcher <> - set environment variable: INTEL_JIT_PROFILER64 = /dss/dsshome1/lrz/sys/intel/studio2018_p4/vtune_amplifier_2018.4.0.573462/lib64/runtime/libittnotify_collector.so
266 [47817231590528] INFO perfrun.launcher <> - set environment variable: VS_PROFILER = libittnotify_collector.so
266 [47817231590528] INFO perfrun.launcher <> - set environment variable: ENABLE_JITPROFILING = 1
266 [47817231590528] INFO perfrun.launcher <> - set environment variable: CL_CONFIG_USE_VTUNE = True
266 [47817231590528] INFO perfrun.launcher <> - set environment variable: __OCL_MIC_INTEL_LIBITTNOTIFY64 = /amplxe/results/libittnotify_collector.so
266 [47817231590528] INFO perfrun.launcher <> - set environment variable: __OCL_MIC_INTEL_JIT_PROFILER64 = /amplxe/results/libittnotify_collector.so
266 [47817231590528] INFO perfrun.launcher <> - set environment variable: LD_PRELOAD = libittnotify_collector.so:
266 [47817231590528] INFO perfrun.launcher <> - set environment variable: KMP_FORKJOIN_FRAMES = 0
266 [47817231590528] INFO perfrun.launcher <> - set environment variable: KMP_FORKJOIN_FRAMES_MODE = 0
266 [47817231590528] INFO perfrun.launcher <> - RpcServer: run RPC server to handle requests
270 [47817231590528] INFO perfrun.launcher <> - Launcher: command line to start before modification = ./taskStealing 250 1
273 [47817231590528] INFO perfrun.launcher <> - Launcher: command line to start after modification = /dss/dsshome1/lrz/sys/intel/studio2018_p4/vtune_amplifier_2018.4.0.573462/bin64/pin -error_file /gpfs/scratch/pr63so/ge49nuk2/ge49nuk2/amplxe-tmp-ge49nuk2/amplxe-res-57266-97574954492091322/data.0/pinerr.tpsslog -detach_reattach -follow_execv -tool_load_option deepbind -t64 /dss/dsshome1/lrz/sys/intel/studio2018_p4/vtune_amplifier_2018.4.0.573462/lib64/libtpsstool.so -t /dss/dsshome1/lrz/sys/intel/studio2018_p4/vtune_amplifier_2018.4.0.573462/lib32/libtpsstool.so -server_name tpss_ipc.57266 -prd_dir /dss/dsshome1/lrz/sys/intel/studio2018_p4/vtune_amplifier_2018.4.0.573462 -- ./taskStealing 250 1
273 [47817231590528] INFO perfrun.launcher <> - ProcessCreator object was created
275 [47817231590528] INFO perfrun.launcher <> - Launcher: the process was started in suspend mode
569 [47817349809920] INFO perfrun.system <> - Helper runtool '/dss/dsshome1/lrz/sys/intel/studio2018_p4/vtune_amplifier_2018.4.0.573462/bin32/amplxe-runss -dump-vdso -r /gpfs/scratch/pr63so/ge49nuk2/ge49nuk2/amplxe-tmp-ge49nuk2/amplxe-res-57266-97574954492091322 --tmp-dir /gpfs/scratch/pr63so/ge49nuk2/ge49nuk2/amplxe-tmp-ge49nuk2' returned 0
765 [47817349809920] INFO perfrun.system <> - Helper runtool '/dss/dsshome1/lrz/sys/intel/studio2018_p4/vtune_amplifier_2018.4.0.573462/bin64/amplxe-runss -dump-vdso -r /gpfs/scratch/pr63so/ge49nuk2/ge49nuk2/amplxe-tmp-ge49nuk2/amplxe-res-57266-97574954492091322 --tmp-dir /gpfs/scratch/pr63so/ge49nuk2/ge49nuk2/amplxe-tmp-ge49nuk2' returned 0
771 [47817349809920] WARN perfrun.sdk <> - Failed to find xl binary on any of the system paths: /bin, /sbin, /usr/bin, /usr/sbin., at file: vcs/perfrun1/sdk/src/utils.cpp:433
771 [47817349809920] WARN perfrun.system <> - Could not start ContainerMapping collector, at file: vcs/perfrun1/plugins/system/src/controller.cpp:496
773 [47817349809920] INFO perfrun.itt <> - start itt controller for pid #57271
773 [47817349809920] INFO perfrun.tpss <> - start tpss controller for pid #57271
824 [47817231590528] INFO perfrun.launcher <> - Launcher: all plugins were started
824 [47817231590528] INFO perfrun.launcher <> - DirectoryMonitor object was created
824 [47817231590528] INFO perfrun.launcher <> - DirectoryMonitor: a callback was added
824 [47817231590528] INFO perfrun.launcher <> - DirectoryMonitor was started with pingTime = 1000
824 [47817231590528] INFO perfrun.launcher <> - DeadlineTimer is going to be constructed
825 [47817231590528] INFO perfrun.launcher <> - DeadlineTimer: a callback was added
835 [47817231590528] INFO perfrun.launcher <> - Launcher: resume the profiled application and  wait its termination or stop command
86893 [47817231590528] INFO perfrun.launcher <> - Launcher: the profiled application was terminated  with exit code = 0
86901 [47817349809920] INFO perfrun.itt <> - stop itt controller
86901 [47817349809920] INFO perfrun.itt <> - detach itt controller
86901 [47817349809920] INFO perfrun.tpss <> - stop tpss controller
86904 [47817349809920] INFO perfrun.sdk <> - De-allocating TMU: /gpfs/scratch/pr63so/ge49nuk2/ge49nuk2/amplxe-tmp-ge49nuk2/amplxe-res-57266-97574954492091322/data.0/systemcollector-57266-i22r07c05s05.sc
86904 [47817349809920] INFO perfrun.system <> - closed the system trace file: /gpfs/scratch/pr63so/ge49nuk2/ge49nuk2/amplxe-tmp-ge49nuk2/amplxe-res-57266-97574954492091322/data.0/systemcollector-57266-i22r07c05s05.sc
86904 [47817231590528] INFO perfrun.launcher <> - Launcher: all plugins were stopped.
86904 [47817231590528] INFO perfrun.launcher <> - DeadlineTimer is going to be destroyed
86904 [47817231590528] INFO perfrun.launcher <> - DirectoryMonitor object was destroyed
86904 [47817231590528] WARN perfrun.launcher <> - Stop command is ignored because it is received when collection is already stopped, at file: vcs/perfrun1/launcher/src/command_handler.cpp:209
86931 [47817231590528] INFO perfrun.launcher <> - Application exit code: 0
86931 [47817231590528] INFO perfrun.launcher <> - Exit code: 0
