14 [1447362752] INFO perfrun.launcher <> - Launcher main begin
19 [1447362752] INFO perfrun.launcher <> - MessageCatalogInit finished
20 [1447362752] INFO perfrun.launcher <> - Launcher instance created
20 [1447362752] INFO perfrun.launcher <> - argc = 6; cmdline = /dss/dsshome1/lrz/sys/intel/oneapi/2021.1/vtune/2021.1.1/bin32/amplxe-runss -dump-vdso -r /dss/dssfs02/lwp-dss-0001/pr63so/pr63so-dss-0000/ge49nuk2/bcl/examples/simple/4Thread.i22r07c05s05 --tmp-dir /gpfs/scratch/pr63so/ge49nuk2/ge49nuk2/amplxe-tmp-ge49nuk2 
64 [1447362752] INFO perfrun.launcher <> - plugin remoteplug has been added successfully
64 [1447362752] INFO perfrun.launcher <> - plugin  has been added successfully
64 [1447362752] INFO perfrun.launcher <> - plugin vdso has been added successfully
64 [1447362752] INFO perfrun.launcher <> - plugin  has been added successfully
64 [1447362752] INFO perfrun.launcher <> - plugin  has been added successfully
64 [1447362752] INFO perfrun.launcher <> - plugin  has been added successfully
64 [1447362752] INFO perfrun.launcher <> - plugin  has been added successfully
64 [1447362752] INFO perfrun.launcher <> - plugin  has been added successfully
64 [1447362752] INFO perfrun.launcher <> - plugin  has been added successfully
64 [1447362752] INFO perfrun.launcher <> - plugin  has been added successfully
64 [1447362752] INFO perfrun.launcher <> - plugin  has been added successfully
64 [1447362752] INFO perfrun.launcher <> - plugin  has been added successfully
64 [1447362752] INFO perfrun.launcher <> - plugin  has been added successfully
70 [1447362752] INFO perfrun.launcher <> - plugin  has been added successfully
70 [1447362752] INFO perfrun.launcher <> - plugin  has been added successfully
70 [1447362752] INFO perfrun.launcher <> - plugin  has been added successfully
70 [1447362752] INFO perfrun.launcher <> - plugin  has been added successfully
70 [1447362752] INFO perfrun.launcher <> - plugin  has been added successfully
70 [1447362752] INFO perfrun.launcher <> - plugin  has been added successfully
70 [1447362752] INFO perfrun.launcher <> - plugin  has been added successfully
70 [1447362752] INFO perfrun.launcher <> - plugin  has been added successfully
70 [1447362752] INFO perfrun.launcher <> - plugin  has been added successfully
70 [1447362752] INFO perfrun.launcher <> - plugin  has been added successfully
70 [1447362752] INFO perfrun.launcher <> - plugin  has been added successfully
70 [1447362752] INFO perfrun.launcher <> - plugin  has been added successfully
70 [1447362752] INFO perfrun.launcher <> - plugin  has been added successfully
70 [1447362752] INFO perfrun.launcher <> - plugin  has been added successfully
70 [1447362752] INFO perfrun.launcher <> - plugin  has been added successfully
70 [1447362752] INFO perfrun.launcher <> - the option was added --interval: Specify an interval of data collection (for example, sampling) in milliseconds.
70 [1447362752] INFO perfrun.launcher <> - the option was added --follow-child: Profile process with or without children.
70 [1447362752] INFO perfrun.launcher <> - the option was added --gelding: BADMSG: perfrun1.launcher.plugin_manager::gelding
70 [1447362752] INFO perfrun.launcher <> - the option was added --time-source: Specify time source for measurement. Possible values: sys - wall clock time; tsc - time stamp counter; ext - time from an external source; auto - auto select accurate time source.
70 [1447362752] INFO perfrun.launcher <> - the option was added --stack: Enable or disable collection of stacks.
70 [1447362752] INFO perfrun.launcher <> - the option was added --stack-stitching: Enable or disable the stack stitching algorithm for Intel TBB-based applications.
70 [1447362752] INFO perfrun.launcher <> - the option was added --type: Specify type of data to be collected. For example, --type cpu:counters,waiting:nostack,io.
71 [1447362752] INFO perfrun.launcher <> - the option was added --mrte-mode: Specify Java/.NET/other managed runtime collection mode. Possible values: native - collect information only for native code; managed - collect information only for managed code; mixed - collect information for both managed and native code; auto - choose the mode based on binary type.
76 [1447362752] INFO perfrun.launcher <> - the option was added --mrte-mode-list: List supported Java/.NET/other managed runtime collection modes.
76 [1447362752] INFO perfrun.launcher <> - the option was added --mrte-type: Specify which managed runtimes to collect. Possible values: java - collect information for Java; dotnet - collect information for .NET; python - collect information for CPython. You can specify several values separated by comma.
76 [1447362752] INFO perfrun.launcher <> - the option was added --mrte-type-list: List supported Java/.NET/other managed runtime types.
76 [1447362752] INFO perfrun.launcher <> - the option was added --trace-strategy: Specify how to profile a process tree. <string> can be "<process>:trace:notrace" - profile the process but do not profile its children. Shorthand parameters: t - trace, nt - notrace. For example, "vtunedemo.exe:t:t".
76 [1447362752] INFO perfrun.launcher <> - the option was added --collector: BADMSG: perfrun1.launcher.plugin_manager::collector
76 [1447362752] INFO perfrun.launcher <> - the option was added --system-wide: Enable system-wide profiling. This mode may require additional permissions.
76 [1447362752] INFO perfrun.launcher <> - the option was added --kvm-guest: Enable KVM guest OS profiling.
76 [1447362752] INFO perfrun.launcher <> - the option was added --kvm-guest-kallsyms: Specify a local path to the /proc/kallsyms file copied from the guest OS for proper symbol resolution.
76 [1447362752] INFO perfrun.launcher <> - the option was added --kvm-guest-modules: Specify a local path to the /proc/modules file copied from the guest OS for proper symbol resolution.
76 [1447362752] INFO perfrun.launcher <> - the option was added --dump-vdso: Dump [vdso] to result directory
76 [1447362752] INFO perfrun.launcher <> - the option was added --system-collector-config: Specify subcollectors. Possible values: all, vdso.
77 [1447362752] INFO perfrun.launcher <> - create msngr2::ICliToolContext
77 [1447362752] INFO perfrun.launcher <> - create file finder object
83 [1478110016] INFO perfrun.launcher <> - plugin [remoteplug] was disabled because it doesn't support the given collection type.
83 [1478110016] INFO perfrun.launcher <> - plugin [] was disabled because it doesn't support the given collection type.
83 [1478110016] INFO perfrun.vdso <> - dumping [vdso] pseudomodule
96 [1478110016] INFO perfrun.launcher <> - plugin [] was disabled because it doesn't support the given collection type.
96 [1478110016] INFO perfrun.launcher <> - plugin [] was disabled because it doesn't support the given collection type.
96 [1478110016] INFO perfrun.launcher <> - plugin [] was disabled because it doesn't support the given collection type.
96 [1478110016] INFO perfrun.launcher <> - plugin [] was disabled because it doesn't support the given collection type.
96 [1478110016] INFO perfrun.launcher <> - plugin [] was disabled because it doesn't support the given collection type.
96 [1478110016] INFO perfrun.launcher <> - plugin [] was disabled because it doesn't support the given collection type.
96 [1478110016] INFO perfrun.launcher <> - plugin [] was disabled because it doesn't support the given collection type.
96 [1478110016] INFO perfrun.launcher <> - plugin [] was disabled because it doesn't support the given collection type.
96 [1478110016] INFO perfrun.launcher <> - plugin [] was disabled because it doesn't support the given collection type.
96 [1478110016] INFO perfrun.launcher <> - plugin [] was disabled because it doesn't support the given collection type.
96 [1478110016] INFO perfrun.launcher <> - plugin [] was disabled because it doesn't support the given collection type.
97 [1478110016] INFO perfrun.launcher <> - plugin [] was disabled because it doesn't support the given collection type.
97 [1478110016] INFO perfrun.launcher <> - plugin [] was disabled because it doesn't support the given collection type.
97 [1478110016] INFO perfrun.launcher <> - plugin [] was disabled because it doesn't support the given collection type.
97 [1478110016] INFO perfrun.launcher <> - plugin [] was disabled because it doesn't support the given collection type.
97 [1478110016] INFO perfrun.launcher <> - plugin [] was disabled because it doesn't support the given collection type.
97 [1478110016] INFO perfrun.launcher <> - plugin [] was disabled because it doesn't support the given collection type.
97 [1478110016] INFO perfrun.launcher <> - plugin [] was disabled because it doesn't support the given collection type.
97 [1478110016] INFO perfrun.launcher <> - plugin [] was disabled because it doesn't support the given collection type.
97 [1478110016] INFO perfrun.launcher <> - plugin [] was disabled because it doesn't support the given collection type.
97 [1478110016] INFO perfrun.launcher <> - plugin [] was disabled because it doesn't support the given collection type.
97 [1478110016] INFO perfrun.launcher <> - plugin [] was disabled because it doesn't support the given collection type.
97 [1478110016] INFO perfrun.launcher <> - plugin [] was disabled because it doesn't support the given collection type.
97 [1478110016] INFO perfrun.launcher <> - plugin [] was disabled because it doesn't support the given collection type.
97 [1478110016] INFO perfrun.launcher <> - plugin [] was disabled because it doesn't support the given collection type.
97 [1447362752] INFO perfrun.launcher <> - Application exit code: 0
97 [1447362752] INFO perfrun.launcher <> - Exit code: 0
